#
# There is insufficient memory for the Java Runtime Environment to continue.
# Native memory allocation (mmap) failed to map 187695104 bytes for G1 virtual space
# Possible reasons:
#   The system is out of physical RAM or swap space
#   The process is running with CompressedOops enabled, and the Java Heap may be blocking the growth of the native heap
# Possible solutions:
#   Reduce memory load on the system
#   Increase physical memory or swap space
#   Check if swap backing store is full
#   Decrease Java heap size (-Xmx/-Xms)
#   Decrease number of Java threads
#   Decrease Java thread stack sizes (-Xss)
#   Set larger code cache with -XX:ReservedCodeCacheSize=
#   JVM is running with Unscaled Compressed Oops mode in which the Java heap is
#     placed in the first 4GB address space. The Java Heap base address is the
#     maximum limit for the native heap growth. Please use -XX:HeapBaseMinAddress
#     to set the Java Heap base and to place the Java Heap above 4GB virtual address.
# This output file may be truncated or incomplete.
#
#  Out of Memory Error (os_windows.cpp:3530), pid=12244, tid=4680
#
# JRE version: Java(TM) SE Runtime Environment (18.0.2.1+1) (build 18.0.2.1+1-1)
# Java VM: Java HotSpot(TM) 64-Bit Server VM (18.0.2.1+1-1, mixed mode, sharing, tiered, compressed oops, compressed class ptrs, g1 gc, windows-amd64)
# No core dump will be written. Minidumps are not enabled by default on client versions of Windows
#

---------------  S U M M A R Y ------------

Command Line: -XX:MaxMetaspaceSize=512m --add-opens=java.base/java.util=ALL-UNNAMED --add-opens=java.base/java.lang=ALL-UNNAMED --add-opens=java.base/java.lang.invoke=ALL-UNNAMED --add-opens=java.base/java.util=ALL-UNNAMED --add-opens=java.prefs/java.util.prefs=ALL-UNNAMED --add-opens=java.prefs/java.util.prefs=ALL-UNNAMED --add-opens=java.base/java.nio.charset=ALL-UNNAMED --add-opens=java.base/java.net=ALL-UNNAMED --add-opens=java.base/java.util.concurrent.atomic=ALL-UNNAMED -Xmx2048m -Dfile.encoding=UTF-8 -Duser.country=US -Duser.language=en -Duser.variant org.gradle.launcher.daemon.bootstrap.GradleDaemon 7.5.1

Host: Intel(R) Core(TM) i5-4210M CPU @ 2.60GHz, 4 cores, 7G,  Windows 10 , 64 bit Build 19041 (10.0.19041.3155)
Time: Mon Jul 24 19:46:07 2023 Pakistan Standard Time elapsed time: 44.635188 seconds (0d 0h 0m 44s)

---------------  T H R E A D  ---------------

Current thread (0x0000029e2239eee0):  VMThread "VM Thread" [stack: 0x000000e83af00000,0x000000e83b000000] [id=4680]

Stack: [0x000000e83af00000,0x000000e83b000000]
Native frames: (J=compiled Java code, j=interpreted, Vv=VM code, C=native code)
V  [jvm.dll+0x6993aa]
V  [jvm.dll+0x7f46dd]
V  [jvm.dll+0x7f5fee]
V  [jvm.dll+0x7f66a3]
V  [jvm.dll+0x25cf1f]
V  [jvm.dll+0x6962f9]
V  [jvm.dll+0x68ae2a]
V  [jvm.dll+0x32255b]
V  [jvm.dll+0x329f36]
V  [jvm.dll+0x37eade]
V  [jvm.dll+0x37ed0f]
V  [jvm.dll+0x2fa2da]
V  [jvm.dll+0x2fa387]
V  [jvm.dll+0x33e8c2]
V  [jvm.dll+0x33ce64]
V  [jvm.dll+0x2f9ab0]
V  [jvm.dll+0x33c75d]
V  [jvm.dll+0x7fb48b]
V  [jvm.dll+0x7fc224]
V  [jvm.dll+0x7fc75c]
V  [jvm.dll+0x7fcbb4]
V  [jvm.dll+0x7fcc77]
V  [jvm.dll+0x7a120a]
V  [jvm.dll+0x698255]
C  [ucrtbase.dll+0x21bb2]
C  [KERNEL32.DLL+0x17614]
C  [ntdll.dll+0x526b1]

VM_Operation (0x000000e83c6f4b10): G1TryInitiateConcMark, mode: safepoint, requested by thread 0x0000029e28321230


---------------  P R O C E S S  ---------------

Threads class SMR info:
_java_thread_list=0x0000029e2c058cf0, length=89, elements={
0x0000029e049f7440, 0x0000029e223a5bc0, 0x0000029e223a6730, 0x0000029e223c0790,
0x0000029e223c2050, 0x0000029e223c2900, 0x0000029e223c31b0, 0x0000029e223c3d90,
0x0000029e223d1720, 0x0000029e223ee420, 0x0000029e26898580, 0x0000029e2689bca0,
0x0000029e273fd350, 0x0000029e273fc010, 0x0000029e273fc4e0, 0x0000029e273fce80,
0x0000029e273fd820, 0x0000029e28320890, 0x0000029e28321230, 0x0000029e2831f080,
0x0000029e2831c060, 0x0000029e2831f550, 0x0000029e28322570, 0x0000029e2831fa20,
0x0000029e2831fef0, 0x0000029e2831c530, 0x0000029e2831ced0, 0x0000029e2831d3a0,
0x0000029e2831d870, 0x0000029e2831ca00, 0x0000029e283233e0, 0x0000029e28321700,
0x0000029e28321bd0, 0x0000029e28320d60, 0x0000029e2831e210, 0x0000029e2831dd40,
0x0000029e2831ebb0, 0x0000029e283238b0, 0x0000029e2a419af0, 0x0000029e2a41a490,
0x0000029e2a41d4b0, 0x0000029e2a41cfe0, 0x0000029e2a419fc0, 0x0000029e2a41b300,
0x0000029e2a415c60, 0x0000029e2a416fa0, 0x0000029e2a41b7d0, 0x0000029e2a41a960,
0x0000029e2a418c80, 0x0000029e2a417940, 0x0000029e2a416130, 0x0000029e2a417470,
0x0000029e2a416600, 0x0000029e2a41bca0, 0x0000029e2a41c170, 0x0000029e2a41c640,
0x0000029e2a41cb10, 0x0000029e2a417e10, 0x0000029e2a4187b0, 0x0000029e2a419150,
0x0000029e289f4530, 0x0000029e289f4060, 0x0000029e289f4a00, 0x0000029e289faa40,
0x0000029e289f7a20, 0x0000029e289f53a0, 0x0000029e289f5d40, 0x0000029e289fa570,
0x0000029e289f4ed0, 0x0000029e289f7ef0, 0x0000029e289f9bd0, 0x0000029e289f6210,
0x0000029e289fb3e0, 0x0000029e289f83c0, 0x0000029e289f5870, 0x0000029e289f7550,
0x0000029e289fb8b0, 0x0000029e289faf10, 0x0000029e289f9230, 0x0000029e289f9700,
0x0000029e289fa0a0, 0x0000029e273fc9b0, 0x0000029e26d35440, 0x0000029e26d35de0,
0x0000029e26d310e0, 0x0000029e26d30270, 0x0000029e26d34f70, 0x0000029e26d315b0,
0x0000029e28c2f940
}

Java Threads: ( => current thread )
  0x0000029e049f7440 JavaThread "main" [_thread_blocked, id=1828, stack(0x000000e83a900000,0x000000e83aa00000)]
  0x0000029e223a5bc0 JavaThread "Reference Handler" daemon [_thread_blocked, id=14312, stack(0x000000e83b000000,0x000000e83b100000)]
  0x0000029e223a6730 JavaThread "Finalizer" daemon [_thread_blocked, id=2232, stack(0x000000e83b100000,0x000000e83b200000)]
  0x0000029e223c0790 JavaThread "Signal Dispatcher" daemon [_thread_blocked, id=12648, stack(0x000000e83b200000,0x000000e83b300000)]
  0x0000029e223c2050 JavaThread "Attach Listener" daemon [_thread_blocked, id=13268, stack(0x000000e83b300000,0x000000e83b400000)]
  0x0000029e223c2900 JavaThread "Service Thread" daemon [_thread_blocked, id=7504, stack(0x000000e83b400000,0x000000e83b500000)]
  0x0000029e223c31b0 JavaThread "Monitor Deflation Thread" daemon [_thread_blocked, id=12124, stack(0x000000e83b500000,0x000000e83b600000)]
  0x0000029e223c3d90 JavaThread "C2 CompilerThread0" daemon [_thread_blocked, id=4276, stack(0x000000e83b600000,0x000000e83b700000)]
  0x0000029e223d1720 JavaThread "C1 CompilerThread0" daemon [_thread_blocked, id=8228, stack(0x000000e83b700000,0x000000e83b800000)]
  0x0000029e223ee420 JavaThread "Sweeper thread" daemon [_thread_blocked, id=13392, stack(0x000000e83b800000,0x000000e83b900000)]
  0x0000029e26898580 JavaThread "Common-Cleaner" daemon [_thread_blocked, id=9024, stack(0x000000e83b900000,0x000000e83ba00000)]
  0x0000029e2689bca0 JavaThread "Notification Thread" daemon [_thread_blocked, id=13088, stack(0x000000e83ba00000,0x000000e83bb00000)]
  0x0000029e273fd350 JavaThread "Daemon health stats" [_thread_blocked, id=5360, stack(0x000000e83c000000,0x000000e83c100000)]
  0x0000029e273fc010 JavaThread "Incoming local TCP Connector on port 60432" [_thread_in_native, id=7816, stack(0x000000e83c100000,0x000000e83c200000)]
  0x0000029e273fc4e0 JavaThread "Daemon" [_thread_blocked, id=4672, stack(0x000000e83c200000,0x000000e83c300000)]
  0x0000029e273fce80 JavaThread "Daemon periodic checks" [_thread_blocked, id=13852, stack(0x000000e83c300000,0x000000e83c400000)]
  0x0000029e273fd820 JavaThread "Handler for socket connection from /127.0.0.1:60432 to /127.0.0.1:60433" [_thread_in_native, id=13644, stack(0x000000e83c400000,0x000000e83c500000)]
  0x0000029e28320890 JavaThread "Cancel handler" [_thread_blocked, id=14100, stack(0x000000e83c500000,0x000000e83c600000)]
  0x0000029e28321230 JavaThread "Daemon worker" [_thread_blocked, id=14320, stack(0x000000e83c600000,0x000000e83c700000)]
  0x0000029e2831f080 JavaThread "Asynchronous log dispatcher for DefaultDaemonConnection: socket connection from /127.0.0.1:60432 to /127.0.0.1:60433" [_thread_blocked, id=13652, stack(0x000000e83c700000,0x000000e83c800000)]
  0x0000029e2831c060 JavaThread "Stdin handler" [_thread_blocked, id=2576, stack(0x000000e83c800000,0x000000e83c900000)]
  0x0000029e2831f550 JavaThread "Daemon client event forwarder" [_thread_blocked, id=10596, stack(0x000000e83c900000,0x000000e83ca00000)]
  0x0000029e28322570 JavaThread "Cache worker for journal cache (C:\Users\Welcome\.gradle\caches\journal-1)" [_thread_blocked, id=7852, stack(0x000000e83ca00000,0x000000e83cb00000)]
  0x0000029e2831fa20 JavaThread "File lock request listener" [_thread_in_native, id=13884, stack(0x000000e83cb00000,0x000000e83cc00000)]
  0x0000029e2831fef0 JavaThread "Cache worker for file hash cache (C:\Users\Welcome\.gradle\caches\7.5.1\fileHashes)" [_thread_blocked, id=7592, stack(0x000000e83cc00000,0x000000e83cd00000)]
  0x0000029e2831c530 JavaThread "File watcher server" daemon [_thread_in_native, id=10468, stack(0x000000e83cd00000,0x000000e83ce00000)]
  0x0000029e2831ced0 JavaThread "File watcher consumer" daemon [_thread_blocked, id=6988, stack(0x000000e83ce00000,0x000000e83cf00000)]
  0x0000029e2831d3a0 JavaThread "Cache worker for checksums cache (E:\Gitt\NewChatme\ChatMe\android\.gradle\7.5.1\checksums)" [_thread_blocked, id=8596, stack(0x000000e83cf00000,0x000000e83d000000)]
  0x0000029e2831d870 JavaThread "Cache worker for cache directory md-rule (C:\Users\Welcome\.gradle\caches\7.5.1\md-rule)" [_thread_blocked, id=11932, stack(0x000000e83d000000,0x000000e83d100000)]
  0x0000029e2831ca00 JavaThread "Cache worker for file content cache (C:\Users\Welcome\.gradle\caches\7.5.1\fileContent)" [_thread_blocked, id=11880, stack(0x000000e83d100000,0x000000e83d200000)]
  0x0000029e283233e0 JavaThread "Cache worker for file hash cache (E:\Gitt\NewChatme\ChatMe\android\.gradle\7.5.1\fileHashes)" [_thread_blocked, id=9016, stack(0x000000e83d200000,0x000000e83d300000)]
  0x0000029e28321700 JavaThread "Cache worker for cache directory md-supplier (C:\Users\Welcome\.gradle\caches\7.5.1\md-supplier)" [_thread_blocked, id=11776, stack(0x000000e83d300000,0x000000e83d400000)]
  0x0000029e28321bd0 JavaThread "Cache worker for execution history cache (C:\Users\Welcome\.gradle\caches\7.5.1\executionHistory)" [_thread_blocked, id=12688, stack(0x000000e83d400000,0x000000e83d500000)]
  0x0000029e28320d60 JavaThread "jar transforms" [_thread_blocked, id=7288, stack(0x000000e83d500000,0x000000e83d600000)]
  0x0000029e2831e210 JavaThread "jar transforms Thread 2" [_thread_blocked, id=14288, stack(0x000000e83d600000,0x000000e83d700000)]
  0x0000029e2831dd40 JavaThread "jar transforms Thread 3" [_thread_blocked, id=4004, stack(0x000000e83d700000,0x000000e83d800000)]
  0x0000029e2831ebb0 JavaThread "jar transforms Thread 4" [_thread_blocked, id=12176, stack(0x000000e83d800000,0x000000e83d900000)]
  0x0000029e283238b0 JavaThread "Cache worker for kotlin-dsl (C:\Users\Welcome\.gradle\caches\7.5.1\kotlin-dsl)" [_thread_blocked, id=15220, stack(0x000000e83d900000,0x000000e83da00000)]
  0x0000029e2a419af0 JavaThread "Cache worker for dependencies-accessors (E:\Gitt\NewChatme\ChatMe\android\.gradle\7.5.1\dependencies-accessors)" [_thread_blocked, id=15224, stack(0x000000e83da00000,0x000000e83db00000)]
  0x0000029e2a41a490 JavaThread "Cache worker for Build Output Cleanup Cache (E:\Gitt\NewChatme\ChatMe\node_modules\react-native-gradle-plugin\.gradle\buildOutputCleanup)" [_thread_blocked, id=15228, stack(0x000000e83db00000,0x000000e83dc00000)]
  0x0000029e2a41d4b0 JavaThread "Unconstrained build operations" [_thread_blocked, id=15236, stack(0x000000e83dc00000,0x000000e83dd00000)]
  0x0000029e2a41cfe0 JavaThread "Unconstrained build operations Thread 2" [_thread_blocked, id=15240, stack(0x000000e83dd00000,0x000000e83de00000)]
  0x0000029e2a419fc0 JavaThread "Unconstrained build operations Thread 3" [_thread_blocked, id=15244, stack(0x000000e83de00000,0x000000e83df00000)]
  0x0000029e2a41b300 JavaThread "Unconstrained build operations Thread 4" [_thread_blocked, id=15248, stack(0x000000e83df00000,0x000000e83e000000)]
  0x0000029e2a415c60 JavaThread "Unconstrained build operations Thread 5" [_thread_blocked, id=15252, stack(0x000000e83e000000,0x000000e83e100000)]
  0x0000029e2a416fa0 JavaThread "Unconstrained build operations Thread 6" [_thread_blocked, id=15256, stack(0x000000e83e100000,0x000000e83e200000)]
  0x0000029e2a41b7d0 JavaThread "Unconstrained build operations Thread 7" [_thread_blocked, id=15260, stack(0x000000e83e200000,0x000000e83e300000)]
  0x0000029e2a41a960 JavaThread "Unconstrained build operations Thread 8" [_thread_blocked, id=15264, stack(0x000000e83e300000,0x000000e83e400000)]
  0x0000029e2a418c80 JavaThread "Unconstrained build operations Thread 9" [_thread_blocked, id=15268, stack(0x000000e83e400000,0x000000e83e500000)]
  0x0000029e2a417940 JavaThread "Unconstrained build operations Thread 10" [_thread_blocked, id=15272, stack(0x000000e83e500000,0x000000e83e600000)]
  0x0000029e2a416130 JavaThread "Unconstrained build operations Thread 11" [_thread_blocked, id=15276, stack(0x000000e83e600000,0x000000e83e700000)]
  0x0000029e2a417470 JavaThread "Unconstrained build operations Thread 12" [_thread_blocked, id=15280, stack(0x000000e83e700000,0x000000e83e800000)]
  0x0000029e2a416600 JavaThread "Unconstrained build operations Thread 13" [_thread_blocked, id=15284, stack(0x000000e83e800000,0x000000e83e900000)]
  0x0000029e2a41bca0 JavaThread "Unconstrained build operations Thread 14" [_thread_blocked, id=15288, stack(0x000000e83e900000,0x000000e83ea00000)]
  0x0000029e2a41c170 JavaThread "Unconstrained build operations Thread 15" [_thread_blocked, id=15292, stack(0x000000e83ea00000,0x000000e83eb00000)]
  0x0000029e2a41c640 JavaThread "Unconstrained build operations Thread 16" [_thread_blocked, id=15296, stack(0x000000e83eb00000,0x000000e83ec00000)]
  0x0000029e2a41cb10 JavaThread "Unconstrained build operations Thread 17" [_thread_blocked, id=15300, stack(0x000000e83ec00000,0x000000e83ed00000)]
  0x0000029e2a417e10 JavaThread "Unconstrained build operations Thread 18" [_thread_blocked, id=15304, stack(0x000000e83ed00000,0x000000e83ee00000)]
  0x0000029e2a4187b0 JavaThread "Unconstrained build operations Thread 19" [_thread_blocked, id=15308, stack(0x000000e83ee00000,0x000000e83ef00000)]
  0x0000029e2a419150 JavaThread "Unconstrained build operations Thread 20" [_thread_blocked, id=15312, stack(0x000000e83ef00000,0x000000e83f000000)]
  0x0000029e289f4530 JavaThread "Unconstrained build operations Thread 21" [_thread_blocked, id=15316, stack(0x000000e83f000000,0x000000e83f100000)]
  0x0000029e289f4060 JavaThread "Unconstrained build operations Thread 22" [_thread_blocked, id=15320, stack(0x000000e83f100000,0x000000e83f200000)]
  0x0000029e289f4a00 JavaThread "Unconstrained build operations Thread 23" [_thread_blocked, id=15324, stack(0x000000e83f200000,0x000000e83f300000)]
  0x0000029e289faa40 JavaThread "Unconstrained build operations Thread 24" [_thread_blocked, id=15328, stack(0x000000e83f300000,0x000000e83f400000)]
  0x0000029e289f7a20 JavaThread "Unconstrained build operations Thread 25" [_thread_blocked, id=15332, stack(0x000000e83f400000,0x000000e83f500000)]
  0x0000029e289f53a0 JavaThread "Unconstrained build operations Thread 26" [_thread_blocked, id=15336, stack(0x000000e83f500000,0x000000e83f600000)]
  0x0000029e289f5d40 JavaThread "Unconstrained build operations Thread 27" [_thread_blocked, id=15340, stack(0x000000e83f600000,0x000000e83f700000)]
  0x0000029e289fa570 JavaThread "Unconstrained build operations Thread 28" [_thread_blocked, id=15344, stack(0x000000e83f700000,0x000000e83f800000)]
  0x0000029e289f4ed0 JavaThread "Unconstrained build operations Thread 29" [_thread_blocked, id=15348, stack(0x000000e83f800000,0x000000e83f900000)]
  0x0000029e289f7ef0 JavaThread "Unconstrained build operations Thread 30" [_thread_blocked, id=15352, stack(0x000000e83f900000,0x000000e83fa00000)]
  0x0000029e289f9bd0 JavaThread "Unconstrained build operations Thread 31" [_thread_blocked, id=15356, stack(0x000000e83fa00000,0x000000e83fb00000)]
  0x0000029e289f6210 JavaThread "Unconstrained build operations Thread 32" [_thread_blocked, id=8448, stack(0x000000e83fb00000,0x000000e83fc00000)]
  0x0000029e289fb3e0 JavaThread "Unconstrained build operations Thread 33" [_thread_blocked, id=9504, stack(0x000000e83fc00000,0x000000e83fd00000)]
  0x0000029e289f83c0 JavaThread "build event listener" [_thread_blocked, id=14504, stack(0x000000e83fd00000,0x000000e83fe00000)]
  0x0000029e289f5870 JavaThread "Memory manager" [_thread_blocked, id=14608, stack(0x000000e83fe00000,0x000000e83ff00000)]
  0x0000029e289f7550 JavaThread "Cache worker for Build Output Cleanup Cache (E:\Gitt\NewChatme\ChatMe\android\.gradle\buildOutputCleanup)" [_thread_blocked, id=4896, stack(0x000000e83ff00000,0x000000e840000000)]
  0x0000029e289fb8b0 JavaThread "included builds" [_thread_blocked, id=14508, stack(0x000000e840000000,0x000000e840100000)]
  0x0000029e289faf10 JavaThread "Execution worker" [_thread_blocked, id=14496, stack(0x000000e840100000,0x000000e840200000)]
  0x0000029e289f9230 JavaThread "Execution worker Thread 2" [_thread_blocked, id=14488, stack(0x000000e840200000,0x000000e840300000)]
  0x0000029e289f9700 JavaThread "Execution worker Thread 3" [_thread_blocked, id=14448, stack(0x000000e840300000,0x000000e840400000)]
  0x0000029e289fa0a0 JavaThread "Cache worker for execution history cache (E:\Gitt\NewChatme\ChatMe\node_modules\react-native-gradle-plugin\.gradle\7.5.1\executionHistory)" [_thread_blocked, id=14524, stack(0x000000e840400000,0x000000e840500000)]
  0x0000029e273fc9b0 JavaThread "Unconstrained build operations Thread 34" [_thread_blocked, id=14520, stack(0x000000e840500000,0x000000e840600000)]
  0x0000029e26d35440 JavaThread "Unconstrained build operations Thread 35" [_thread_blocked, id=14456, stack(0x000000e840600000,0x000000e840700000)]
  0x0000029e26d35de0 JavaThread "Unconstrained build operations Thread 36" [_thread_blocked, id=14544, stack(0x000000e840700000,0x000000e840800000)]
  0x0000029e26d310e0 JavaThread "Unconstrained build operations Thread 37" [_thread_blocked, id=14464, stack(0x000000e840800000,0x000000e840900000)]
  0x0000029e26d30270 JavaThread "Unconstrained build operations Thread 38" [_thread_blocked, id=14552, stack(0x000000e840900000,0x000000e840a00000)]
  0x0000029e26d34f70 JavaThread "Unconstrained build operations Thread 39" [_thread_blocked, id=14556, stack(0x000000e840a00000,0x000000e840b00000)]
  0x0000029e26d315b0 JavaThread "Unconstrained build operations Thread 40" [_thread_blocked, id=14500, stack(0x000000e840b00000,0x000000e840c00000)]
  0x0000029e28c2f940 JavaThread "C2 CompilerThread1" daemon [_thread_blocked, id=13592, stack(0x000000e83bc00000,0x000000e83bd00000)]

Other Threads:
=>0x0000029e2239eee0 VMThread "VM Thread" [stack: 0x000000e83af00000,0x000000e83b000000] [id=4680]
  0x0000029e2689cd80 WatcherThread "VM Periodic Task Thread" [stack: 0x000000e83bb00000,0x000000e83bc00000] [id=2756]
  0x0000029e04a54c90 WorkerThread "GC Thread#0" [stack: 0x000000e83aa00000,0x000000e83ab00000] [id=13628]
  0x0000029e269393c0 WorkerThread "GC Thread#1" [stack: 0x000000e83bd00000,0x000000e83be00000] [id=8032]
  0x0000029e26939e40 WorkerThread "GC Thread#2" [stack: 0x000000e83be00000,0x000000e83bf00000] [id=8488]
  0x0000029e26938400 WorkerThread "GC Thread#3" [stack: 0x000000e83bf00000,0x000000e83c000000] [id=13324]
  0x0000029e04a65ad0 ConcurrentGCThread "G1 Main Marker" [stack: 0x000000e83ab00000,0x000000e83ac00000] [id=14308]
  0x0000029e04a683f0 WorkerThread "G1 Conc#0" [stack: 0x000000e83ac00000,0x000000e83ad00000] [id=12136]
  0x0000029e04aa7a70 ConcurrentGCThread "G1 Refine#0" [stack: 0x000000e83ad00000,0x000000e83ae00000] [id=7228]
  0x0000029e04aa8290 ConcurrentGCThread "G1 Service" [stack: 0x000000e83ae00000,0x000000e83af00000] [id=12876]

Threads with active compile tasks:
C2 CompilerThread0    44672 11925       4       com.google.common.cache.LocalCache$Segment::expireEntries (113 bytes)
C2 CompilerThread1    44672 11926   !   4       com.google.common.cache.LocalCache::processPendingNotifications (47 bytes)

VM state: at safepoint (normal execution)

VM Mutex/Monitor currently owned by a thread:  ([mutex/lock_event])
[0x0000029e049f2ee0] Threads_lock - owner thread: 0x0000029e2239eee0
[0x0000029e049f3000] Heap_lock - owner thread: 0x0000029e28321230

Heap address: 0x0000000080000000, size: 2048 MB, Compressed Oops mode: 32-bit

CDS archive(s) mapped at: [0x0000000800000000-0x0000000800ba0000-0x0000000800ba0000), size 12189696, SharedBaseAddress: 0x0000000800000000, ArchiveRelocationMode: 0.
Compressed class space mapped at: 0x0000000800c00000-0x000000081a800000, reserved size: 432013312
Narrow klass base: 0x0000000800000000, Narrow klass shift: 0, Narrow klass range: 0x100000000

GC Precious Log:
 CardTable entry size: 512
 Card Set container configuration: InlinePtr #cards 5 size 8 Array Of Cards #cards 12 size 40 Howl #buckets 4 coarsen threshold 1843 Howl Bitmap #cards 512 size 80 coarsen threshold 460 Card regions per heap region 1 cards per card region 2048
 CPUs: 4 total, 4 available
 Memory: 8117M
 Large Page Support: Disabled
 NUMA Support: Disabled
 Compressed Oops: Enabled (32-bit)
 Heap Region Size: 1M
 Heap Min Capacity: 8M
 Heap Initial Capacity: 128M
 Heap Max Capacity: 2G
 Pre-touch: Disabled
 Parallel Workers: 4
 Concurrent Workers: 1
 Concurrent Refinement Workers: 4
 Periodic GC: Disabled

Heap:
 garbage-first heap   total 203776K, used 130822K [0x0000000080000000, 0x0000000100000000)
  region size 1024K, 2 young (2048K), 2 survivors (2048K)
 Metaspace       used 84149K, committed 86336K, reserved 552960K
  class space    used 11719K, committed 12800K, reserved 421888K

Heap Regions: E=young(eden), S=young(survivor), O=old, HS=humongous(starts), HC=humongous(continues), CS=collection set, F=free, OA=open archive, CA=closed archive, TAMS=top-at-mark-start (previous, next)
|   0|0x0000000080000000, 0x0000000080100000, 0x0000000080100000|100%|HS|  |TAMS 0x0000000080100000, 0x0000000080100000| Complete 
|   1|0x0000000080100000, 0x0000000080200000, 0x0000000080200000|100%|HC|  |TAMS 0x0000000080200000, 0x0000000080200000| Complete 
|   2|0x0000000080200000, 0x0000000080300000, 0x0000000080300000|100%|HC|  |TAMS 0x0000000080300000, 0x0000000080300000| Complete 
|   3|0x0000000080300000, 0x0000000080400000, 0x0000000080400000|100%| O|  |TAMS 0x0000000080400000, 0x0000000080400000| Untracked 
|   4|0x0000000080400000, 0x0000000080500000, 0x0000000080500000|100%| O|  |TAMS 0x0000000080500000, 0x0000000080500000| Untracked 
|   5|0x0000000080500000, 0x0000000080600000, 0x0000000080600000|100%| O|  |TAMS 0x0000000080600000, 0x0000000080600000| Untracked 
|   6|0x0000000080600000, 0x0000000080700000, 0x0000000080700000|100%| O|  |TAMS 0x0000000080700000, 0x0000000080700000| Untracked 
|   7|0x0000000080700000, 0x0000000080800000, 0x0000000080800000|100%| O|  |TAMS 0x0000000080800000, 0x0000000080800000| Untracked 
|   8|0x0000000080800000, 0x0000000080900000, 0x0000000080900000|100%| O|  |TAMS 0x0000000080900000, 0x0000000080900000| Untracked 
|   9|0x0000000080900000, 0x0000000080a00000, 0x0000000080a00000|100%| O|  |TAMS 0x0000000080a00000, 0x0000000080a00000| Untracked 
|  10|0x0000000080a00000, 0x0000000080b00000, 0x0000000080b00000|100%| O|  |TAMS 0x0000000080b00000, 0x0000000080b00000| Untracked 
|  11|0x0000000080b00000, 0x0000000080c00000, 0x0000000080c00000|100%| O|  |TAMS 0x0000000080c00000, 0x0000000080c00000| Untracked 
|  12|0x0000000080c00000, 0x0000000080d00000, 0x0000000080d00000|100%| O|  |TAMS 0x0000000080d00000, 0x0000000080d00000| Untracked 
|  13|0x0000000080d00000, 0x0000000080e00000, 0x0000000080e00000|100%| O|  |TAMS 0x0000000080e00000, 0x0000000080e00000| Untracked 
|  14|0x0000000080e00000, 0x0000000080f00000, 0x0000000080f00000|100%| O|  |TAMS 0x0000000080f00000, 0x0000000080f00000| Untracked 
|  15|0x0000000080f00000, 0x0000000081000000, 0x0000000081000000|100%| O|  |TAMS 0x0000000081000000, 0x0000000081000000| Untracked 
|  16|0x0000000081000000, 0x0000000081100000, 0x0000000081100000|100%| O|  |TAMS 0x0000000081100000, 0x0000000081100000| Untracked 
|  17|0x0000000081100000, 0x0000000081200000, 0x0000000081200000|100%| O|  |TAMS 0x0000000081200000, 0x0000000081200000| Untracked 
|  18|0x0000000081200000, 0x0000000081300000, 0x0000000081300000|100%| O|  |TAMS 0x0000000081300000, 0x0000000081300000| Untracked 
|  19|0x0000000081300000, 0x0000000081400000, 0x0000000081400000|100%| O|  |TAMS 0x0000000081400000, 0x0000000081400000| Untracked 
|  20|0x0000000081400000, 0x0000000081500000, 0x0000000081500000|100%| O|  |TAMS 0x0000000081500000, 0x0000000081500000| Untracked 
|  21|0x0000000081500000, 0x0000000081600000, 0x0000000081600000|100%| O|  |TAMS 0x0000000081600000, 0x0000000081600000| Untracked 
|  22|0x0000000081600000, 0x0000000081700000, 0x0000000081700000|100%| O|  |TAMS 0x0000000081700000, 0x0000000081700000| Untracked 
|  23|0x0000000081700000, 0x0000000081800000, 0x0000000081800000|100%| O|  |TAMS 0x0000000081800000, 0x0000000081800000| Untracked 
|  24|0x0000000081800000, 0x0000000081900000, 0x0000000081900000|100%| O|  |TAMS 0x0000000081900000, 0x0000000081900000| Untracked 
|  25|0x0000000081900000, 0x0000000081a00000, 0x0000000081a00000|100%| O|  |TAMS 0x0000000081a00000, 0x0000000081a00000| Untracked 
|  26|0x0000000081a00000, 0x0000000081b00000, 0x0000000081b00000|100%| O|  |TAMS 0x0000000081b00000, 0x0000000081b00000| Untracked 
|  27|0x0000000081b00000, 0x0000000081c00000, 0x0000000081c00000|100%| O|  |TAMS 0x0000000081c00000, 0x0000000081c00000| Untracked 
|  28|0x0000000081c00000, 0x0000000081d00000, 0x0000000081d00000|100%| O|  |TAMS 0x0000000081d00000, 0x0000000081d00000| Untracked 
|  29|0x0000000081d00000, 0x0000000081e00000, 0x0000000081e00000|100%| O|  |TAMS 0x0000000081e00000, 0x0000000081e00000| Untracked 
|  30|0x0000000081e00000, 0x0000000081f00000, 0x0000000081f00000|100%| O|  |TAMS 0x0000000081f00000, 0x0000000081f00000| Untracked 
|  31|0x0000000081f00000, 0x0000000082000000, 0x0000000082000000|100%| O|  |TAMS 0x0000000082000000, 0x0000000082000000| Untracked 
|  32|0x0000000082000000, 0x0000000082100000, 0x0000000082100000|100%| O|  |TAMS 0x0000000082100000, 0x0000000082100000| Untracked 
|  33|0x0000000082100000, 0x0000000082200000, 0x0000000082200000|100%| O|  |TAMS 0x0000000082200000, 0x0000000082200000| Untracked 
|  34|0x0000000082200000, 0x0000000082300000, 0x0000000082300000|100%| O|  |TAMS 0x0000000082300000, 0x0000000082300000| Untracked 
|  35|0x0000000082300000, 0x0000000082400000, 0x0000000082400000|100%|HS|  |TAMS 0x0000000082400000, 0x0000000082400000| Complete 
|  36|0x0000000082400000, 0x0000000082500000, 0x0000000082500000|100%|HS|  |TAMS 0x0000000082500000, 0x0000000082500000| Complete 
|  37|0x0000000082500000, 0x0000000082600000, 0x0000000082600000|100%|HC|  |TAMS 0x0000000082600000, 0x0000000082600000| Complete 
|  38|0x0000000082600000, 0x0000000082700000, 0x0000000082700000|100%|HC|  |TAMS 0x0000000082700000, 0x0000000082700000| Complete 
|  39|0x0000000082700000, 0x0000000082800000, 0x0000000082800000|100%| O|  |TAMS 0x0000000082800000, 0x0000000082800000| Untracked 
|  40|0x0000000082800000, 0x0000000082900000, 0x0000000082900000|100%| O|  |TAMS 0x0000000082900000, 0x0000000082900000| Untracked 
|  41|0x0000000082900000, 0x0000000082a00000, 0x0000000082a00000|100%| O|  |TAMS 0x0000000082a00000, 0x0000000082a00000| Untracked 
|  42|0x0000000082a00000, 0x0000000082b00000, 0x0000000082b00000|100%| O|  |TAMS 0x0000000082b00000, 0x0000000082b00000| Untracked 
|  43|0x0000000082b00000, 0x0000000082c00000, 0x0000000082c00000|100%| O|  |TAMS 0x0000000082c00000, 0x0000000082c00000| Untracked 
|  44|0x0000000082c00000, 0x0000000082d00000, 0x0000000082d00000|100%| O|  |TAMS 0x0000000082d00000, 0x0000000082d00000| Untracked 
|  45|0x0000000082d00000, 0x0000000082e00000, 0x0000000082e00000|100%| O|  |TAMS 0x0000000082e00000, 0x0000000082e00000| Untracked 
|  46|0x0000000082e00000, 0x0000000082f00000, 0x0000000082f00000|100%| O|  |TAMS 0x0000000082f00000, 0x0000000082f00000| Untracked 
|  47|0x0000000082f00000, 0x0000000083000000, 0x0000000083000000|100%| O|  |TAMS 0x0000000083000000, 0x0000000083000000| Untracked 
|  48|0x0000000083000000, 0x0000000083100000, 0x0000000083100000|100%| O|  |TAMS 0x0000000083100000, 0x0000000083100000| Untracked 
|  49|0x0000000083100000, 0x0000000083100000, 0x0000000083200000|  0%| F|  |TAMS 0x0000000083100000, 0x0000000083100000| Untracked 
|  50|0x0000000083200000, 0x0000000083300000, 0x0000000083300000|100%| O|  |TAMS 0x0000000083300000, 0x0000000083300000| Untracked 
|  51|0x0000000083300000, 0x0000000083400000, 0x0000000083400000|100%| O|  |TAMS 0x0000000083400000, 0x0000000083400000| Untracked 
|  52|0x0000000083400000, 0x0000000083500000, 0x0000000083500000|100%| O|  |TAMS 0x0000000083500000, 0x0000000083500000| Untracked 
|  53|0x0000000083500000, 0x0000000083600000, 0x0000000083600000|100%| O|  |TAMS 0x0000000083600000, 0x0000000083600000| Untracked 
|  54|0x0000000083600000, 0x0000000083700000, 0x0000000083700000|100%| O|  |TAMS 0x0000000083700000, 0x0000000083700000| Untracked 
|  55|0x0000000083700000, 0x0000000083800000, 0x0000000083800000|100%|HS|  |TAMS 0x0000000083800000, 0x0000000083800000| Complete 
|  56|0x0000000083800000, 0x0000000083900000, 0x0000000083900000|100%|HS|  |TAMS 0x0000000083900000, 0x0000000083900000| Complete 
|  57|0x0000000083900000, 0x0000000083a00000, 0x0000000083a00000|100%| O|  |TAMS 0x0000000083a00000, 0x0000000083a00000| Untracked 
|  58|0x0000000083a00000, 0x0000000083b00000, 0x0000000083b00000|100%| O|  |TAMS 0x0000000083b00000, 0x0000000083b00000| Untracked 
|  59|0x0000000083b00000, 0x0000000083c00000, 0x0000000083c00000|100%| O|  |TAMS 0x0000000083c00000, 0x0000000083c00000| Untracked 
|  60|0x0000000083c00000, 0x0000000083d00000, 0x0000000083d00000|100%| O|  |TAMS 0x0000000083d00000, 0x0000000083d00000| Untracked 
|  61|0x0000000083d00000, 0x0000000083e00000, 0x0000000083e00000|100%| O|  |TAMS 0x0000000083e00000, 0x0000000083e00000| Untracked 
|  62|0x0000000083e00000, 0x0000000083f00000, 0x0000000083f00000|100%| O|  |TAMS 0x0000000083f00000, 0x0000000083f00000| Untracked 
|  63|0x0000000083f00000, 0x0000000084000000, 0x0000000084000000|100%| O|  |TAMS 0x0000000084000000, 0x0000000084000000| Untracked 
|  64|0x0000000084000000, 0x0000000084100000, 0x0000000084100000|100%| O|  |TAMS 0x0000000084100000, 0x0000000084100000| Untracked 
|  65|0x0000000084100000, 0x0000000084100000, 0x0000000084200000|  0%| F|  |TAMS 0x0000000084100000, 0x0000000084100000| Untracked 
|  66|0x0000000084200000, 0x0000000084300000, 0x0000000084300000|100%|HS|  |TAMS 0x0000000084300000, 0x0000000084300000| Complete 
|  67|0x0000000084300000, 0x0000000084400000, 0x0000000084400000|100%|HC|  |TAMS 0x0000000084400000, 0x0000000084400000| Complete 
|  68|0x0000000084400000, 0x0000000084500000, 0x0000000084500000|100%| O|  |TAMS 0x0000000084500000, 0x0000000084500000| Untracked 
|  69|0x0000000084500000, 0x0000000084600000, 0x0000000084600000|100%| O|  |TAMS 0x0000000084600000, 0x0000000084600000| Untracked 
|  70|0x0000000084600000, 0x0000000084700000, 0x0000000084700000|100%| O|  |TAMS 0x0000000084700000, 0x0000000084700000| Untracked 
|  71|0x0000000084700000, 0x0000000084800000, 0x0000000084800000|100%| O|  |TAMS 0x0000000084800000, 0x0000000084800000| Untracked 
|  72|0x0000000084800000, 0x0000000084900000, 0x0000000084900000|100%| O|  |TAMS 0x0000000084900000, 0x0000000084900000| Untracked 
|  73|0x0000000084900000, 0x0000000084a00000, 0x0000000084a00000|100%| O|  |TAMS 0x0000000084a00000, 0x0000000084a00000| Untracked 
|  74|0x0000000084a00000, 0x0000000084b00000, 0x0000000084b00000|100%| O|  |TAMS 0x0000000084b00000, 0x0000000084b00000| Untracked 
|  75|0x0000000084b00000, 0x0000000084c00000, 0x0000000084c00000|100%| O|  |TAMS 0x0000000084c00000, 0x0000000084c00000| Untracked 
|  76|0x0000000084c00000, 0x0000000084d00000, 0x0000000084d00000|100%| O|  |TAMS 0x0000000084d00000, 0x0000000084d00000| Untracked 
|  77|0x0000000084d00000, 0x0000000084e00000, 0x0000000084e00000|100%|HS|  |TAMS 0x0000000084e00000, 0x0000000084e00000| Complete 
|  78|0x0000000084e00000, 0x0000000084f00000, 0x0000000084f00000|100%|HC|  |TAMS 0x0000000084f00000, 0x0000000084f00000| Complete 
|  79|0x0000000084f00000, 0x0000000085000000, 0x0000000085000000|100%| O|  |TAMS 0x0000000085000000, 0x0000000085000000| Untracked 
|  80|0x0000000085000000, 0x0000000085100000, 0x0000000085100000|100%| O|  |TAMS 0x0000000085100000, 0x0000000085100000| Untracked 
|  81|0x0000000085100000, 0x0000000085200000, 0x0000000085200000|100%| O|  |TAMS 0x0000000085200000, 0x0000000085200000| Untracked 
|  82|0x0000000085200000, 0x0000000085300000, 0x0000000085300000|100%| O|  |TAMS 0x0000000085300000, 0x0000000085300000| Untracked 
|  83|0x0000000085300000, 0x0000000085400000, 0x0000000085400000|100%| O|  |TAMS 0x0000000085400000, 0x0000000085400000| Untracked 
|  84|0x0000000085400000, 0x0000000085500000, 0x0000000085500000|100%| O|  |TAMS 0x0000000085500000, 0x0000000085500000| Untracked 
|  85|0x0000000085500000, 0x0000000085600000, 0x0000000085600000|100%| O|  |TAMS 0x0000000085600000, 0x0000000085600000| Untracked 
|  86|0x0000000085600000, 0x0000000085700000, 0x0000000085700000|100%| O|  |TAMS 0x0000000085700000, 0x0000000085700000| Untracked 
|  87|0x0000000085700000, 0x0000000085800000, 0x0000000085800000|100%| O|  |TAMS 0x0000000085800000, 0x0000000085800000| Untracked 
|  88|0x0000000085800000, 0x0000000085900000, 0x0000000085900000|100%| O|  |TAMS 0x0000000085900000, 0x0000000085900000| Untracked 
|  89|0x0000000085900000, 0x0000000085a00000, 0x0000000085a00000|100%| O|  |TAMS 0x0000000085a00000, 0x0000000085a00000| Untracked 
|  90|0x0000000085a00000, 0x0000000085b00000, 0x0000000085b00000|100%| O|  |TAMS 0x0000000085b00000, 0x0000000085b00000| Untracked 
|  91|0x0000000085b00000, 0x0000000085c00000, 0x0000000085c00000|100%| O|  |TAMS 0x0000000085c00000, 0x0000000085c00000| Untracked 
|  92|0x0000000085c00000, 0x0000000085d00000, 0x0000000085d00000|100%| O|  |TAMS 0x0000000085d00000, 0x0000000085d00000| Untracked 
|  93|0x0000000085d00000, 0x0000000085e00000, 0x0000000085e00000|100%| O|  |TAMS 0x0000000085e00000, 0x0000000085e00000| Untracked 
|  94|0x0000000085e00000, 0x0000000085f00000, 0x0000000085f00000|100%| O|  |TAMS 0x0000000085ea6e00, 0x0000000085f00000| Untracked 
|  95|0x0000000085f00000, 0x0000000086000000, 0x0000000086000000|100%| O|  |TAMS 0x0000000085f00000, 0x0000000086000000| Untracked 
|  96|0x0000000086000000, 0x0000000086100000, 0x0000000086100000|100%| O|  |TAMS 0x0000000086000000, 0x0000000086100000| Untracked 
|  97|0x0000000086100000, 0x0000000086200000, 0x0000000086200000|100%| O|  |TAMS 0x0000000086100000, 0x0000000086200000| Untracked 
|  98|0x0000000086200000, 0x0000000086300000, 0x0000000086300000|100%| O|  |TAMS 0x0000000086200000, 0x0000000086300000| Untracked 
|  99|0x0000000086300000, 0x0000000086400000, 0x0000000086400000|100%| O|  |TAMS 0x0000000086300000, 0x0000000086400000| Untracked 
| 100|0x0000000086400000, 0x0000000086500000, 0x0000000086500000|100%| O|  |TAMS 0x0000000086400000, 0x0000000086500000| Untracked 
| 101|0x0000000086500000, 0x0000000086600000, 0x0000000086600000|100%| O|  |TAMS 0x0000000086500000, 0x0000000086600000| Untracked 
| 102|0x0000000086600000, 0x0000000086700000, 0x0000000086700000|100%| O|  |TAMS 0x0000000086600000, 0x0000000086700000| Untracked 
| 103|0x0000000086700000, 0x0000000086800000, 0x0000000086800000|100%| O|  |TAMS 0x0000000086700000, 0x0000000086800000| Untracked 
| 104|0x0000000086800000, 0x0000000086900000, 0x0000000086900000|100%|HS|  |TAMS 0x0000000086800000, 0x0000000086900000| Complete 
| 105|0x0000000086900000, 0x0000000086a00000, 0x0000000086a00000|100%|HS|  |TAMS 0x0000000086900000, 0x0000000086a00000| Complete 
| 106|0x0000000086a00000, 0x0000000086b00000, 0x0000000086b00000|100%|HS|  |TAMS 0x0000000086a00000, 0x0000000086b00000| Complete 
| 107|0x0000000086b00000, 0x0000000086c00000, 0x0000000086c00000|100%|HC|  |TAMS 0x0000000086b00000, 0x0000000086c00000| Complete 
| 108|0x0000000086c00000, 0x0000000086d00000, 0x0000000086d00000|100%|HS|  |TAMS 0x0000000086c00000, 0x0000000086d00000| Complete 
| 109|0x0000000086d00000, 0x0000000086e00000, 0x0000000086e00000|100%|HC|  |TAMS 0x0000000086d00000, 0x0000000086e00000| Complete 
| 110|0x0000000086e00000, 0x0000000086f00000, 0x0000000086f00000|100%|HC|  |TAMS 0x0000000086e00000, 0x0000000086f00000| Complete 
| 111|0x0000000086f00000, 0x0000000087000000, 0x0000000087000000|100%|HC|  |TAMS 0x0000000086f00000, 0x0000000087000000| Complete 
| 112|0x0000000087000000, 0x0000000087100000, 0x0000000087100000|100%|HS|  |TAMS 0x0000000087000000, 0x0000000087100000| Complete 
| 113|0x0000000087100000, 0x0000000087200000, 0x0000000087200000|100%| O|  |TAMS 0x0000000087100000, 0x0000000087200000| Untracked 
| 114|0x0000000087200000, 0x0000000087300000, 0x0000000087300000|100%| O|  |TAMS 0x0000000087200000, 0x0000000087300000| Untracked 
| 115|0x0000000087300000, 0x0000000087400000, 0x0000000087400000|100%| O|  |TAMS 0x0000000087300000, 0x0000000087400000| Untracked 
| 116|0x0000000087400000, 0x0000000087500000, 0x0000000087500000|100%| O|  |TAMS 0x0000000087400000, 0x0000000087500000| Untracked 
| 117|0x0000000087500000, 0x0000000087600000, 0x0000000087600000|100%| O|  |TAMS 0x0000000087500000, 0x0000000087600000| Untracked 
| 118|0x0000000087600000, 0x0000000087700000, 0x0000000087700000|100%| O|  |TAMS 0x0000000087600000, 0x0000000087700000| Untracked 
| 119|0x0000000087700000, 0x0000000087800000, 0x0000000087800000|100%| O|  |TAMS 0x0000000087700000, 0x0000000087800000| Untracked 
| 120|0x0000000087800000, 0x0000000087900000, 0x0000000087900000|100%| O|  |TAMS 0x0000000087800000, 0x0000000087900000| Untracked 
| 121|0x0000000087900000, 0x0000000087a00000, 0x0000000087a00000|100%| O|  |TAMS 0x0000000087900000, 0x0000000087a00000| Untracked 
| 122|0x0000000087a00000, 0x0000000087b00000, 0x0000000087b00000|100%| O|  |TAMS 0x0000000087a00000, 0x0000000087b00000| Untracked 
| 123|0x0000000087b00000, 0x0000000087c00000, 0x0000000087c00000|100%| O|  |TAMS 0x0000000087b00000, 0x0000000087c00000| Untracked 
| 124|0x0000000087c00000, 0x0000000087d00000, 0x0000000087d00000|100%| O|  |TAMS 0x0000000087c00000, 0x0000000087d00000| Untracked 
| 125|0x0000000087d00000, 0x0000000087e00000, 0x0000000087e00000|100%| O|  |TAMS 0x0000000087d00000, 0x0000000087e00000| Untracked 
| 126|0x0000000087e00000, 0x0000000087f00000, 0x0000000087f00000|100%| O|  |TAMS 0x0000000087e00000, 0x0000000087f00000| Untracked 
| 127|0x0000000087f00000, 0x0000000088000000, 0x0000000088000000|100%| O|  |TAMS 0x0000000087f00000, 0x0000000088000000| Untracked 
| 128|0x0000000088000000, 0x0000000088056600, 0x0000000088100000| 33%| O|  |TAMS 0x0000000088000000, 0x0000000088056600| Untracked 
| 129|0x0000000088100000, 0x0000000088100000, 0x0000000088200000|  0%| F|  |TAMS 0x0000000088100000, 0x0000000088100000| Untracked 
| 130|0x0000000088200000, 0x0000000088200000, 0x0000000088300000|  0%| F|  |TAMS 0x0000000088200000, 0x0000000088200000| Untracked 
| 131|0x0000000088300000, 0x0000000088300000, 0x0000000088400000|  0%| F|  |TAMS 0x0000000088300000, 0x0000000088300000| Untracked 
| 132|0x0000000088400000, 0x0000000088400000, 0x0000000088500000|  0%| F|  |TAMS 0x0000000088400000, 0x0000000088400000| Untracked 
| 133|0x0000000088500000, 0x0000000088500000, 0x0000000088600000|  0%| F|  |TAMS 0x0000000088500000, 0x0000000088500000| Untracked 
| 134|0x0000000088600000, 0x0000000088600000, 0x0000000088700000|  0%| F|  |TAMS 0x0000000088600000, 0x0000000088600000| Untracked 
| 135|0x0000000088700000, 0x0000000088700000, 0x0000000088800000|  0%| F|  |TAMS 0x0000000088700000, 0x0000000088700000| Untracked 
| 136|0x0000000088800000, 0x0000000088800000, 0x0000000088900000|  0%| F|  |TAMS 0x0000000088800000, 0x0000000088800000| Untracked 
| 137|0x0000000088900000, 0x0000000088900000, 0x0000000088a00000|  0%| F|  |TAMS 0x0000000088900000, 0x0000000088900000| Untracked 
| 138|0x0000000088a00000, 0x0000000088a00000, 0x0000000088b00000|  0%| F|  |TAMS 0x0000000088a00000, 0x0000000088a00000| Untracked 
| 139|0x0000000088b00000, 0x0000000088b00000, 0x0000000088c00000|  0%| F|  |TAMS 0x0000000088b00000, 0x0000000088b00000| Untracked 
| 140|0x0000000088c00000, 0x0000000088c00000, 0x0000000088d00000|  0%| F|  |TAMS 0x0000000088c00000, 0x0000000088c00000| Untracked 
| 141|0x0000000088d00000, 0x0000000088d00000, 0x0000000088e00000|  0%| F|  |TAMS 0x0000000088d00000, 0x0000000088d00000| Untracked 
| 142|0x0000000088e00000, 0x0000000088e00000, 0x0000000088f00000|  0%| F|  |TAMS 0x0000000088e00000, 0x0000000088e00000| Untracked 
| 143|0x0000000088f00000, 0x0000000088f00000, 0x0000000089000000|  0%| F|  |TAMS 0x0000000088f00000, 0x0000000088f00000| Untracked 
| 144|0x0000000089000000, 0x0000000089000000, 0x0000000089100000|  0%| F|  |TAMS 0x0000000089000000, 0x0000000089000000| Untracked 
| 145|0x0000000089100000, 0x0000000089100000, 0x0000000089200000|  0%| F|  |TAMS 0x0000000089100000, 0x0000000089100000| Untracked 
| 146|0x0000000089200000, 0x0000000089200000, 0x0000000089300000|  0%| F|  |TAMS 0x0000000089200000, 0x0000000089200000| Untracked 
| 147|0x0000000089300000, 0x0000000089300000, 0x0000000089400000|  0%| F|  |TAMS 0x0000000089300000, 0x0000000089300000| Untracked 
| 148|0x0000000089400000, 0x0000000089400000, 0x0000000089500000|  0%| F|  |TAMS 0x0000000089400000, 0x0000000089400000| Untracked 
| 149|0x0000000089500000, 0x0000000089500000, 0x0000000089600000|  0%| F|  |TAMS 0x0000000089500000, 0x0000000089500000| Untracked 
| 150|0x0000000089600000, 0x0000000089600000, 0x0000000089700000|  0%| F|  |TAMS 0x0000000089600000, 0x0000000089600000| Untracked 
| 151|0x0000000089700000, 0x0000000089700000, 0x0000000089800000|  0%| F|  |TAMS 0x0000000089700000, 0x0000000089700000| Untracked 
| 152|0x0000000089800000, 0x0000000089800000, 0x0000000089900000|  0%| F|  |TAMS 0x0000000089800000, 0x0000000089800000| Untracked 
| 153|0x0000000089900000, 0x0000000089900000, 0x0000000089a00000|  0%| F|  |TAMS 0x0000000089900000, 0x0000000089900000| Untracked 
| 154|0x0000000089a00000, 0x0000000089a00000, 0x0000000089b00000|  0%| F|  |TAMS 0x0000000089a00000, 0x0000000089a00000| Untracked 
| 155|0x0000000089b00000, 0x0000000089b00000, 0x0000000089c00000|  0%| F|  |TAMS 0x0000000089b00000, 0x0000000089b00000| Untracked 
| 156|0x0000000089c00000, 0x0000000089c00000, 0x0000000089d00000|  0%| F|  |TAMS 0x0000000089c00000, 0x0000000089c00000| Untracked 
| 157|0x0000000089d00000, 0x0000000089d00000, 0x0000000089e00000|  0%| F|  |TAMS 0x0000000089d00000, 0x0000000089d00000| Untracked 
| 158|0x0000000089e00000, 0x0000000089e00000, 0x0000000089f00000|  0%| F|  |TAMS 0x0000000089e00000, 0x0000000089e00000| Untracked 
| 159|0x0000000089f00000, 0x0000000089f00000, 0x000000008a000000|  0%| F|  |TAMS 0x0000000089f00000, 0x0000000089f00000| Untracked 
| 160|0x000000008a000000, 0x000000008a000000, 0x000000008a100000|  0%| F|  |TAMS 0x000000008a000000, 0x000000008a000000| Untracked 
| 161|0x000000008a100000, 0x000000008a100000, 0x000000008a200000|  0%| F|  |TAMS 0x000000008a100000, 0x000000008a100000| Untracked 
| 162|0x000000008a200000, 0x000000008a200000, 0x000000008a300000|  0%| F|  |TAMS 0x000000008a200000, 0x000000008a200000| Untracked 
| 163|0x000000008a300000, 0x000000008a300000, 0x000000008a400000|  0%| F|  |TAMS 0x000000008a300000, 0x000000008a300000| Untracked 
| 164|0x000000008a400000, 0x000000008a400000, 0x000000008a500000|  0%| F|  |TAMS 0x000000008a400000, 0x000000008a400000| Untracked 
| 165|0x000000008a500000, 0x000000008a500000, 0x000000008a600000|  0%| F|  |TAMS 0x000000008a500000, 0x000000008a500000| Untracked 
| 166|0x000000008a600000, 0x000000008a600000, 0x000000008a700000|  0%| F|  |TAMS 0x000000008a600000, 0x000000008a600000| Untracked 
| 167|0x000000008a700000, 0x000000008a700000, 0x000000008a800000|  0%| F|  |TAMS 0x000000008a700000, 0x000000008a700000| Untracked 
| 168|0x000000008a800000, 0x000000008a800000, 0x000000008a900000|  0%| F|  |TAMS 0x000000008a800000, 0x000000008a800000| Untracked 
| 169|0x000000008a900000, 0x000000008a900000, 0x000000008aa00000|  0%| F|  |TAMS 0x000000008a900000, 0x000000008a900000| Untracked 
| 170|0x000000008aa00000, 0x000000008aa00000, 0x000000008ab00000|  0%| F|  |TAMS 0x000000008aa00000, 0x000000008aa00000| Untracked 
| 171|0x000000008ab00000, 0x000000008ab00000, 0x000000008ac00000|  0%| F|  |TAMS 0x000000008ab00000, 0x000000008ab00000| Untracked 
| 172|0x000000008ac00000, 0x000000008ac00000, 0x000000008ad00000|  0%| F|  |TAMS 0x000000008ac00000, 0x000000008ac00000| Untracked 
| 173|0x000000008ad00000, 0x000000008ad00000, 0x000000008ae00000|  0%| F|  |TAMS 0x000000008ad00000, 0x000000008ad00000| Untracked 
| 174|0x000000008ae00000, 0x000000008ae00000, 0x000000008af00000|  0%| F|  |TAMS 0x000000008ae00000, 0x000000008ae00000| Untracked 
| 175|0x000000008af00000, 0x000000008af00000, 0x000000008b000000|  0%| F|  |TAMS 0x000000008af00000, 0x000000008af00000| Untracked 
| 176|0x000000008b000000, 0x000000008b000000, 0x000000008b100000|  0%| F|  |TAMS 0x000000008b000000, 0x000000008b000000| Untracked 
| 177|0x000000008b100000, 0x000000008b100000, 0x000000008b200000|  0%| F|  |TAMS 0x000000008b100000, 0x000000008b100000| Untracked 
| 178|0x000000008b200000, 0x000000008b200000, 0x000000008b300000|  0%| F|  |TAMS 0x000000008b200000, 0x000000008b200000| Untracked 
| 179|0x000000008b300000, 0x000000008b300000, 0x000000008b400000|  0%| F|  |TAMS 0x000000008b300000, 0x000000008b300000| Untracked 
| 180|0x000000008b400000, 0x000000008b400000, 0x000000008b500000|  0%| F|  |TAMS 0x000000008b400000, 0x000000008b400000| Untracked 
| 181|0x000000008b500000, 0x000000008b500000, 0x000000008b600000|  0%| F|  |TAMS 0x000000008b500000, 0x000000008b500000| Untracked 
| 182|0x000000008b600000, 0x000000008b600000, 0x000000008b700000|  0%| F|  |TAMS 0x000000008b600000, 0x000000008b600000| Untracked 
| 183|0x000000008b700000, 0x000000008b700000, 0x000000008b800000|  0%| F|  |TAMS 0x000000008b700000, 0x000000008b700000| Untracked 
| 184|0x000000008b800000, 0x000000008b800000, 0x000000008b900000|  0%| F|  |TAMS 0x000000008b800000, 0x000000008b800000| Untracked 
| 185|0x000000008b900000, 0x000000008b900000, 0x000000008ba00000|  0%| F|  |TAMS 0x000000008b900000, 0x000000008b900000| Untracked 
| 186|0x000000008ba00000, 0x000000008ba00000, 0x000000008bb00000|  0%| F|  |TAMS 0x000000008ba00000, 0x000000008ba00000| Untracked 
| 187|0x000000008bb00000, 0x000000008bb00000, 0x000000008bc00000|  0%| F|  |TAMS 0x000000008bb00000, 0x000000008bb00000| Untracked 
| 188|0x000000008bc00000, 0x000000008bc6b458, 0x000000008bd00000| 41%| S|CS|TAMS 0x000000008bc00000, 0x000000008bc00000| Complete 
| 189|0x000000008bd00000, 0x000000008be00000, 0x000000008be00000|100%| S|CS|TAMS 0x000000008bd00000, 0x000000008bd00000| Complete 
| 190|0x000000008be00000, 0x000000008be00000, 0x000000008bf00000|  0%| F|  |TAMS 0x000000008be00000, 0x000000008be00000| Untracked 
| 191|0x000000008bf00000, 0x000000008bf00000, 0x000000008c000000|  0%| F|  |TAMS 0x000000008bf00000, 0x000000008bf00000| Untracked 
| 192|0x000000008c000000, 0x000000008c000000, 0x000000008c100000|  0%| F|  |TAMS 0x000000008c000000, 0x000000008c000000| Untracked 
| 193|0x000000008c100000, 0x000000008c100000, 0x000000008c200000|  0%| F|  |TAMS 0x000000008c100000, 0x000000008c100000| Untracked 
| 194|0x000000008c200000, 0x000000008c200000, 0x000000008c300000|  0%| F|  |TAMS 0x000000008c200000, 0x000000008c200000| Untracked 
| 195|0x000000008c300000, 0x000000008c300000, 0x000000008c400000|  0%| F|  |TAMS 0x000000008c300000, 0x000000008c300000| Untracked 
| 196|0x000000008c400000, 0x000000008c400000, 0x000000008c500000|  0%| F|  |TAMS 0x000000008c400000, 0x000000008c400000| Untracked 
| 197|0x000000008c500000, 0x000000008c500000, 0x000000008c600000|  0%| F|  |TAMS 0x000000008c500000, 0x000000008c500000| Untracked 
| 198|0x000000008c600000, 0x000000008c600000, 0x000000008c700000|  0%| F|  |TAMS 0x000000008c600000, 0x000000008c600000| Untracked 

Card table byte_map: [0x0000029e1b730000,0x0000029e1bb30000] _byte_map_base: 0x0000029e1b330000

Marking Bits (Prev, Next): (CMBitMap*) 0x0000029e04a551a0, (CMBitMap*) 0x0000029e04a551e0
 Prev Bits: [0x0000029e1bf30000, 0x0000029e1df30000)
 Next Bits: [0x0000029e1df30000, 0x0000029e1ff30000)

Polling page: 0x0000029e029b0000

Metaspace:

Usage:
  Non-class:     70.73 MB used.
      Class:     11.44 MB used.
       Both:     82.18 MB used.

Virtual space:
  Non-class space:      128.00 MB reserved,      71.81 MB ( 56%) committed,  2 nodes.
      Class space:      412.00 MB reserved,      12.50 MB (  3%) committed,  1 nodes.
             Both:      540.00 MB reserved,      84.31 MB ( 16%) committed. 

Chunk freelists:
   Non-Class:  3.53 MB
       Class:  3.54 MB
        Both:  7.07 MB

MaxMetaspaceSize: 512.00 MB
CompressedClassSpaceSize: 412.00 MB
Initial GC threshold: 21.00 MB
Current GC threshold: 139.50 MB
CDS: on
MetaspaceReclaimPolicy: balanced
 - commit_granule_bytes: 65536.
 - commit_granule_words: 8192.
 - virtual_space_node_default_size: 8388608.
 - enlarge_chunks_in_place: 1.
 - new_chunks_are_fully_committed: 0.
 - uncommit_free_chunks: 1.
 - use_allocation_guard: 0.


Internal statistics:

num_allocs_failed_limit: 12.
num_arena_births: 3476.
num_arena_deaths: 0.
num_vsnodes_births: 3.
num_vsnodes_deaths: 0.
num_space_committed: 1349.
num_space_uncommitted: 0.
num_chunks_returned_to_freelist: 12.
num_chunks_taken_from_freelist: 7437.
num_chunk_merges: 12.
num_chunk_splits: 4856.
num_chunks_enlarged: 3049.
num_inconsistent_stats: 0.

CodeHeap 'non-profiled nmethods': size=120000Kb used=5559Kb max_used=5559Kb free=114440Kb
 bounds [0x0000029e13e00000, 0x0000029e14370000, 0x0000029e1b330000]
CodeHeap 'profiled nmethods': size=120000Kb used=20843Kb max_used=20843Kb free=99156Kb
 bounds [0x0000029e0c8d0000, 0x0000029e0dd30000, 0x0000029e13e00000]
CodeHeap 'non-nmethods': size=5760Kb used=2414Kb max_used=2484Kb free=3345Kb
 bounds [0x0000029e0c330000, 0x0000029e0c5b0000, 0x0000029e0c8d0000]
 total_blobs=11266 nmethods=10326 adapters=852
 compilation: enabled
              stopped_count=0, restarted_count=0
 full_count=0

Compilation events (20 events):
Event: 44.604 Thread 0x0000029e223d1720 nmethod 11938 0x0000029e0dd24790 code [0x0000029e0dd24980, 0x0000029e0dd250a8]
Event: 44.604 Thread 0x0000029e223d1720 11939       3       org.gradle.model.internal.type.ModelType::equals (33 bytes)
Event: 44.604 Thread 0x0000029e223c3d90 11937       4       org.gradle.api.internal.provider.ValueSanitizers::forType (29 bytes)
Event: 44.604 Thread 0x0000029e223d1720 nmethod 11939 0x0000029e0dd25210 code [0x0000029e0dd253e0, 0x0000029e0dd25888]
Event: 44.604 Thread 0x0000029e223d1720 11940       3       org.gradle.model.internal.type.ClassTypeWrapper::equals (41 bytes)
Event: 44.604 Thread 0x0000029e223c3d90 nmethod 11937 0x0000029e1436da90 code [0x0000029e1436dc00, 0x0000029e1436dc78]
Event: 44.604 Thread 0x0000029e223c3d90 11925       4       com.google.common.cache.LocalCache$Segment::expireEntries (113 bytes)
Event: 44.604 Thread 0x0000029e223d1720 nmethod 11940 0x0000029e0dd25990 code [0x0000029e0dd25b80, 0x0000029e0dd264b8]
Event: 44.606 Thread 0x0000029e223d1720 11941       3       com.android.build.gradle.internal.dependency.SourceSetManager::getConfigDesc (31 bytes)
Event: 44.606 Thread 0x0000029e223d1720 nmethod 11941 0x0000029e0dd26710 code [0x0000029e0dd26960, 0x0000029e0dd27008]
Event: 44.608 Thread 0x0000029e223d1720 11942       3       com.google.common.cache.LocalCache$Segment::getLiveValue (61 bytes)
Event: 44.610 Thread 0x0000029e223d1720 nmethod 11942 0x0000029e0dd27290 code [0x0000029e0dd276c0, 0x0000029e0dd297d8]
Event: 44.610 Thread 0x0000029e223d1720 11943       3       com.google.common.cache.LocalCache::isExpired (57 bytes)
Event: 44.611 Thread 0x0000029e223d1720 nmethod 11943 0x0000029e0dd2a210 code [0x0000029e0dd2a420, 0x0000029e0dd2aca8]
Event: 44.611 Thread 0x0000029e223d1720 11944       3       org.gradle.api.tasks.util.PatternSet::getIncludes (19 bytes)
Event: 44.612 Thread 0x0000029e223d1720 nmethod 11944 0x0000029e0dd2b010 code [0x0000029e0dd2b1e0, 0x0000029e0dd2b4e8]
Event: 44.619 Thread 0x0000029e223d1720 11946       3       org.gradle.api.internal.plugins.DefaultPluginRegistry::maybeInspect (54 bytes)
Event: 44.620 Thread 0x0000029e223d1720 nmethod 11946 0x0000029e0dd2b610 code [0x0000029e0dd2b840, 0x0000029e0dd2c1d8]
Event: 44.621 Thread 0x0000029e223d1720 11948       3       org.codehaus.groovy.reflection.stdclasses.StringCachedClass::coerceArgument (16 bytes)
Event: 44.621 Thread 0x0000029e223d1720 nmethod 11948 0x0000029e0dd2c590 code [0x0000029e0dd2c740, 0x0000029e0dd2ca88]

GC Heap History (20 events):
Event: 30.120 GC heap after
{Heap after GC invocations=29 (full 0):
 garbage-first heap   total 109568K, used 68413K [0x0000000080000000, 0x0000000100000000)
  region size 1024K, 2 young (2048K), 2 survivors (2048K)
 Metaspace       used 65158K, committed 66944K, reserved 487424K
  class space    used 9061K, committed 9984K, reserved 421888K
}
Event: 30.704 GC heap before
{Heap before GC invocations=30 (full 0):
 garbage-first heap   total 130048K, used 92989K [0x0000000080000000, 0x0000000100000000)
  region size 1024K, 23 young (23552K), 2 survivors (2048K)
 Metaspace       used 68332K, committed 70080K, reserved 487424K
  class space    used 9429K, committed 10304K, reserved 421888K
}
Event: 30.709 GC heap after
{Heap after GC invocations=31 (full 0):
 garbage-first heap   total 130048K, used 72211K [0x0000000080000000, 0x0000000100000000)
  region size 1024K, 3 young (3072K), 3 survivors (3072K)
 Metaspace       used 68332K, committed 70080K, reserved 487424K
  class space    used 9429K, committed 10304K, reserved 421888K
}
Event: 30.787 GC heap before
{Heap before GC invocations=31 (full 0):
 garbage-first heap   total 130048K, used 75283K [0x0000000080000000, 0x0000000100000000)
  region size 1024K, 6 young (6144K), 3 survivors (3072K)
 Metaspace       used 68555K, committed 70336K, reserved 487424K
  class space    used 9453K, committed 10368K, reserved 421888K
}
Event: 30.792 GC heap after
{Heap after GC invocations=32 (full 0):
 garbage-first heap   total 202752K, used 71897K [0x0000000080000000, 0x0000000100000000)
  region size 1024K, 1 young (1024K), 1 survivors (1024K)
 Metaspace       used 68555K, committed 70336K, reserved 487424K
  class space    used 9453K, committed 10368K, reserved 421888K
}
Event: 32.258 GC heap before
{Heap before GC invocations=32 (full 0):
 garbage-first heap   total 202752K, used 151769K [0x0000000080000000, 0x0000000100000000)
  region size 1024K, 71 young (72704K), 1 survivors (1024K)
 Metaspace       used 74149K, committed 75968K, reserved 552960K
  class space    used 10138K, committed 11072K, reserved 421888K
}
Event: 32.269 GC heap after
{Heap after GC invocations=33 (full 0):
 garbage-first heap   total 202752K, used 84302K [0x0000000080000000, 0x0000000100000000)
  region size 1024K, 9 young (9216K), 9 survivors (9216K)
 Metaspace       used 74149K, committed 75968K, reserved 552960K
  class space    used 10138K, committed 11072K, reserved 421888K
}
Event: 33.471 GC heap before
{Heap before GC invocations=33 (full 0):
 garbage-first heap   total 202752K, used 147790K [0x0000000080000000, 0x0000000100000000)
  region size 1024K, 71 young (72704K), 9 survivors (9216K)
 Metaspace       used 78588K, committed 80448K, reserved 552960K
  class space    used 10888K, committed 11840K, reserved 421888K
}
Event: 33.484 GC heap after
{Heap after GC invocations=34 (full 0):
 garbage-first heap   total 202752K, used 89402K [0x0000000080000000, 0x0000000100000000)
  region size 1024K, 5 young (5120K), 5 survivors (5120K)
 Metaspace       used 78588K, committed 80448K, reserved 552960K
  class space    used 10888K, committed 11840K, reserved 421888K
}
Event: 42.780 GC heap before
{Heap before GC invocations=34 (full 0):
 garbage-first heap   total 202752K, used 152890K [0x0000000080000000, 0x0000000100000000)
  region size 1024K, 67 young (68608K), 5 survivors (5120K)
 Metaspace       used 81970K, committed 83904K, reserved 552960K
  class space    used 11436K, committed 12416K, reserved 421888K
}
Event: 42.799 GC heap after
{Heap after GC invocations=35 (full 0):
 garbage-first heap   total 202752K, used 96691K [0x0000000080000000, 0x0000000100000000)
  region size 1024K, 8 young (8192K), 8 survivors (8192K)
 Metaspace       used 81970K, committed 83904K, reserved 552960K
  class space    used 11436K, committed 12416K, reserved 421888K
}
Event: 43.663 GC heap before
{Heap before GC invocations=35 (full 0):
 garbage-first heap   total 202752K, used 156083K [0x0000000080000000, 0x0000000100000000)
  region size 1024K, 66 young (67584K), 8 survivors (8192K)
 Metaspace       used 83519K, committed 85632K, reserved 552960K
  class space    used 11650K, committed 12736K, reserved 421888K
}
Event: 43.682 GC heap after
{Heap after GC invocations=36 (full 0):
 garbage-first heap   total 202752K, used 106139K [0x0000000080000000, 0x0000000100000000)
  region size 1024K, 9 young (9216K), 9 survivors (9216K)
 Metaspace       used 83519K, committed 85632K, reserved 552960K
  class space    used 11650K, committed 12736K, reserved 421888K
}
Event: 43.692 GC heap before
{Heap before GC invocations=36 (full 0):
 garbage-first heap   total 202752K, used 107163K [0x0000000080000000, 0x0000000100000000)
  region size 1024K, 11 young (11264K), 9 survivors (9216K)
 Metaspace       used 83525K, committed 85632K, reserved 552960K
  class space    used 11651K, committed 12736K, reserved 421888K
}
Event: 43.703 GC heap after
{Heap after GC invocations=37 (full 0):
 garbage-first heap   total 202752K, used 107877K [0x0000000080000000, 0x0000000100000000)
  region size 1024K, 2 young (2048K), 2 survivors (2048K)
 Metaspace       used 83525K, committed 85632K, reserved 552960K
  class space    used 11651K, committed 12736K, reserved 421888K
}
Event: 44.495 GC heap before
{Heap before GC invocations=38 (full 0):
 garbage-first heap   total 203776K, used 164197K [0x0000000080000000, 0x0000000100000000)
  region size 1024K, 49 young (50176K), 2 survivors (2048K)
 Metaspace       used 84105K, committed 86272K, reserved 552960K
  class space    used 11716K, committed 12800K, reserved 421888K
}
Event: 44.509 GC heap after
{Heap after GC invocations=39 (full 0):
 garbage-first heap   total 203776K, used 130048K [0x0000000080000000, 0x0000000100000000)
  region size 1024K, 7 young (7168K), 7 survivors (7168K)
 Metaspace       used 84105K, committed 86272K, reserved 552960K
  class space    used 11716K, committed 12800K, reserved 421888K
}
Event: 44.527 GC heap before
{Heap before GC invocations=39 (full 0):
 garbage-first heap   total 203776K, used 132096K [0x0000000080000000, 0x0000000100000000)
  region size 1024K, 9 young (9216K), 7 survivors (7168K)
 Metaspace       used 84111K, committed 86272K, reserved 552960K
  class space    used 11716K, committed 12800K, reserved 421888K
}
Event: 44.533 GC heap after
{Heap after GC invocations=40 (full 0):
 garbage-first heap   total 203776K, used 129957K [0x0000000080000000, 0x0000000100000000)
  region size 1024K, 1 young (1024K), 1 survivors (1024K)
 Metaspace       used 84111K, committed 86272K, reserved 552960K
  class space    used 11716K, committed 12800K, reserved 421888K
}
Event: 44.628 GC heap before
{Heap before GC invocations=40 (full 0):
 garbage-first heap   total 203776K, used 136101K [0x0000000080000000, 0x0000000100000000)
  region size 1024K, 9 young (9216K), 1 survivors (1024K)
 Metaspace       used 84149K, committed 86336K, reserved 552960K
  class space    used 11719K, committed 12800K, reserved 421888K
}

Deoptimization events (20 events):
Event: 44.310 Thread 0x0000029e28321230 Uncommon trap: trap_request=0xffffffbe fr.pc=0x0000029e14354b18 relative=0x00000000000006f8
Event: 44.310 Thread 0x0000029e28321230 Uncommon trap: reason=profile_predicate action=maybe_recompile pc=0x0000029e14354b18 method=groovy.lang.MetaClassImpl$MethodIndexAction.iterate()V @ 78 c2
Event: 44.310 Thread 0x0000029e28321230 DEOPT PACKING pc=0x0000029e14354b18 sp=0x000000e83c6f6d20
Event: 44.310 Thread 0x0000029e28321230 DEOPT UNPACKING pc=0x0000029e0c3823a3 sp=0x000000e83c6f6cf8 mode 2
Event: 44.322 Thread 0x0000029e28321230 Uncommon trap: trap_request=0xffffff45 fr.pc=0x0000029e141ec738 relative=0x0000000000003958
Event: 44.322 Thread 0x0000029e28321230 Uncommon trap: reason=unstable_if action=reinterpret pc=0x0000029e141ec738 method=java.util.zip.ZipFile$Source.isManifestName(II)Z @ 36 c2
Event: 44.322 Thread 0x0000029e28321230 DEOPT PACKING pc=0x0000029e141ec738 sp=0x000000e83c6f5360
Event: 44.322 Thread 0x0000029e28321230 DEOPT UNPACKING pc=0x0000029e0c3823a3 sp=0x000000e83c6f52d8 mode 2
Event: 44.343 Thread 0x0000029e28321230 DEOPT PACKING pc=0x0000029e0dcdde01 sp=0x000000e83c6f52e0
Event: 44.343 Thread 0x0000029e28321230 DEOPT UNPACKING pc=0x0000029e0c382b43 sp=0x000000e83c6f4850 mode 0
Event: 44.389 Thread 0x0000029e28321230 Uncommon trap: trap_request=0xffffffbe fr.pc=0x0000029e14354b18 relative=0x00000000000006f8
Event: 44.389 Thread 0x0000029e28321230 Uncommon trap: reason=profile_predicate action=maybe_recompile pc=0x0000029e14354b18 method=groovy.lang.MetaClassImpl$MethodIndexAction.iterate()V @ 78 c2
Event: 44.389 Thread 0x0000029e28321230 DEOPT PACKING pc=0x0000029e14354b18 sp=0x000000e83c6f9580
Event: 44.389 Thread 0x0000029e28321230 DEOPT UNPACKING pc=0x0000029e0c3823a3 sp=0x000000e83c6f9558 mode 2
Event: 44.389 Thread 0x0000029e28321230 Uncommon trap: trap_request=0xffffffbe fr.pc=0x0000029e14354b18 relative=0x00000000000006f8
Event: 44.389 Thread 0x0000029e28321230 Uncommon trap: reason=profile_predicate action=maybe_recompile pc=0x0000029e14354b18 method=groovy.lang.MetaClassImpl$MethodIndexAction.iterate()V @ 78 c2
Event: 44.389 Thread 0x0000029e28321230 DEOPT PACKING pc=0x0000029e14354b18 sp=0x000000e83c6f9580
Event: 44.389 Thread 0x0000029e28321230 DEOPT UNPACKING pc=0x0000029e0c3823a3 sp=0x000000e83c6f9558 mode 2
Event: 44.579 Thread 0x0000029e28321230 DEOPT PACKING pc=0x0000029e0d2b15d6 sp=0x000000e83c6f9170
Event: 44.579 Thread 0x0000029e28321230 DEOPT UNPACKING pc=0x0000029e0c382b43 sp=0x000000e83c6f8658 mode 0

Classes loaded (20 events):
Event: 44.107 Loading class sun/nio/fs/WindowsPathBeanInfo
Event: 44.107 Loading class sun/nio/fs/WindowsPathBeanInfo done
Event: 44.107 Loading class sun/nio/fs/WindowsPathBeanInfo
Event: 44.107 Loading class sun/nio/fs/WindowsPathBeanInfo done
Event: 44.107 Loading class sun/nio/fs/WindowsPathCustomizer
Event: 44.107 Loading class sun/nio/fs/WindowsPathCustomizer done
Event: 44.108 Loading class sun/nio/fs/WindowsPathCustomizer
Event: 44.108 Loading class sun/nio/fs/WindowsPathCustomizer done
Event: 44.109 Loading class java/nio/file/WatchEvent
Event: 44.109 Loading class java/nio/file/WatchEvent done
Event: 44.111 Loading class java/nio/file/PathsBeanInfo
Event: 44.111 Loading class java/nio/file/PathsBeanInfo done
Event: 44.111 Loading class java/nio/file/PathsBeanInfo
Event: 44.111 Loading class java/nio/file/PathsBeanInfo done
Event: 44.111 Loading class java/nio/file/PathsCustomizer
Event: 44.111 Loading class java/nio/file/PathsCustomizer done
Event: 44.112 Loading class java/nio/file/PathsCustomizer
Event: 44.112 Loading class java/nio/file/PathsCustomizer done
Event: 44.404 Loading class java/lang/StackTraceElement$HashedModules
Event: 44.404 Loading class java/lang/StackTraceElement$HashedModules done

Classes unloaded (0 events):
No events

Classes redefined (0 events):
No events

Internal exceptions (20 events):
Event: 44.102 Thread 0x0000029e28321230 Exception <a 'java/lang/ClassNotFoundException'{0x000000008b084860}: com/google/common/collect/ImmutableSet$CachingAsListCustomizer> (0x000000008b084860) 
thrown [s\open\src\hotspot\share\classfile\systemDictionary.cpp, line 255]
Event: 44.103 Thread 0x0000029e28321230 Exception <a 'java/lang/ClassNotFoundException'{0x000000008b097108}: com/google/common/collect/RegularImmutableSetCustomizer> (0x000000008b097108) 
thrown [s\open\src\hotspot\share\classfile\systemDictionary.cpp, line 255]
Event: 44.105 Thread 0x0000029e28321230 Exception <a 'java/lang/ClassNotFoundException'{0x000000008b0d8f80}: build_drkcx3hzp1qeyqfkjktcvy1aq$_run_closure3BeanInfo> (0x000000008b0d8f80) 
thrown [s\open\src\hotspot\share\classfile\systemDictionary.cpp, line 255]
Event: 44.105 Thread 0x0000029e28321230 Exception <a 'java/lang/ClassNotFoundException'{0x000000008b0e31e8}: build_drkcx3hzp1qeyqfkjktcvy1aq$_run_closure3Customizer> (0x000000008b0e31e8) 
thrown [s\open\src\hotspot\share\classfile\systemDictionary.cpp, line 255]
Event: 44.107 Thread 0x0000029e28321230 Exception <a 'java/lang/ClassNotFoundException'{0x000000008af8d720}: sun/nio/fs/WindowsPathBeanInfo> (0x000000008af8d720) 
thrown [s\open\src\hotspot\share\classfile\systemDictionary.cpp, line 255]
Event: 44.108 Thread 0x0000029e28321230 Exception <a 'java/lang/ClassNotFoundException'{0x000000008af97008}: sun/nio/fs/WindowsPathCustomizer> (0x000000008af97008) 
thrown [s\open\src\hotspot\share\classfile\systemDictionary.cpp, line 255]
Event: 44.111 Thread 0x0000029e28321230 Exception <a 'java/lang/ClassNotFoundException'{0x000000008affeec8}: java/nio/file/PathsBeanInfo> (0x000000008affeec8) 
thrown [s\open\src\hotspot\share\classfile\systemDictionary.cpp, line 255]
Event: 44.112 Thread 0x0000029e28321230 Exception <a 'java/lang/ClassNotFoundException'{0x000000008ae08cc8}: java/nio/file/PathsCustomizer> (0x000000008ae08cc8) 
thrown [s\open\src\hotspot\share\classfile\systemDictionary.cpp, line 255]
Event: 44.147 Thread 0x0000029e28321230 Exception <a 'java/lang/NoClassDefFoundError'{0x000000008ac4a100}: org/jetbrains/kotlin/gradle/plugin/KotlinBasePluginWrapper> (0x000000008ac4a100) 
thrown [s\open\src\hotspot\share\oops\constantPool.cpp, line 836]
Event: 44.160 Thread 0x0000029e28321230 Exception <a 'java/lang/ClassNotFoundException'{0x000000008ab351c8}: build_ppzmipeldai7ge5vws6esbjcBeanInfo> (0x000000008ab351c8) 
thrown [s\open\src\hotspot\share\classfile\systemDictionary.cpp, line 255]
Event: 44.160 Thread 0x0000029e28321230 Exception <a 'java/lang/ClassNotFoundException'{0x000000008ab3b460}: build_ppzmipeldai7ge5vws6esbjcCustomizer> (0x000000008ab3b460) 
thrown [s\open\src\hotspot\share\classfile\systemDictionary.cpp, line 255]
Event: 44.291 Thread 0x0000029e28321230 Exception <a 'java/lang/ClassNotFoundException'{0x000000008a296260}: build_ppzmipeldai7ge5vws6esbjcBeanInfo> (0x000000008a296260) 
thrown [s\open\src\hotspot\share\classfile\systemDictionary.cpp, line 255]
Event: 44.292 Thread 0x0000029e28321230 Exception <a 'java/lang/ClassNotFoundException'{0x000000008a29c498}: build_ppzmipeldai7ge5vws6esbjcCustomizer> (0x000000008a29c498) 
thrown [s\open\src\hotspot\share\classfile\systemDictionary.cpp, line 255]
Event: 44.344 Thread 0x0000029e28321230 Exception <a 'java/lang/ClassNotFoundException'{0x0000000089d41ac8}: build_ppzmipeldai7ge5vws6esbjc$_run_closure1BeanInfo> (0x0000000089d41ac8) 
thrown [s\open\src\hotspot\share\classfile\systemDictionary.cpp, line 255]
Event: 44.345 Thread 0x0000029e28321230 Exception <a 'java/lang/ClassNotFoundException'{0x0000000089d4ba50}: build_ppzmipeldai7ge5vws6esbjc$_run_closure1Customizer> (0x0000000089d4ba50) 
thrown [s\open\src\hotspot\share\classfile\systemDictionary.cpp, line 255]
Event: 44.373 Thread 0x0000029e28321230 Exception <a 'java/lang/NoClassDefFoundError'{0x0000000089b7f6b0}: org/jetbrains/kotlin/gradle/plugin/KotlinBasePluginWrapper> (0x0000000089b7f6b0) 
thrown [s\open\src\hotspot\share\oops\constantPool.cpp, line 836]
Event: 44.390 Thread 0x0000029e28321230 Exception <a 'java/lang/ClassNotFoundException'{0x0000000089a5fb70}: build_9ya3sj4rkxyj7pkvwpmmb6ysdBeanInfo> (0x0000000089a5fb70) 
thrown [s\open\src\hotspot\share\classfile\systemDictionary.cpp, line 255]
Event: 44.390 Thread 0x0000029e28321230 Exception <a 'java/lang/ClassNotFoundException'{0x0000000089a65e28}: build_9ya3sj4rkxyj7pkvwpmmb6ysdCustomizer> (0x0000000089a65e28) 
thrown [s\open\src\hotspot\share\classfile\systemDictionary.cpp, line 255]
Event: 44.594 Thread 0x0000029e28321230 Exception <a 'java/lang/ClassNotFoundException'{0x000000008c082088}: build_9ya3sj4rkxyj7pkvwpmmb6ysdBeanInfo> (0x000000008c082088) 
thrown [s\open\src\hotspot\share\classfile\systemDictionary.cpp, line 255]
Event: 44.595 Thread 0x0000029e28321230 Exception <a 'java/lang/ClassNotFoundException'{0x000000008c0882e0}: build_9ya3sj4rkxyj7pkvwpmmb6ysdCustomizer> (0x000000008c0882e0) 
thrown [s\open\src\hotspot\share\classfile\systemDictionary.cpp, line 255]

VM Operations (20 events):
Event: 43.196 Executing VM operation: HandshakeAllThreads done
Event: 43.200 Executing VM operation: HandshakeAllThreads
Event: 43.200 Executing VM operation: HandshakeAllThreads done
Event: 43.470 Executing VM operation: ICBufferFull
Event: 43.471 Executing VM operation: ICBufferFull done
Event: 43.662 Executing VM operation: G1CollectForAllocation
Event: 43.682 Executing VM operation: G1CollectForAllocation done
Event: 43.691 Executing VM operation: G1TryInitiateConcMark
Event: 43.703 Executing VM operation: G1TryInitiateConcMark done
Event: 43.875 Executing VM operation: G1Concurrent
Event: 43.883 Executing VM operation: G1Concurrent done
Event: 44.005 Executing VM operation: G1Concurrent
Event: 44.005 Executing VM operation: G1Concurrent done
Event: 44.294 Executing VM operation: ICBufferFull
Event: 44.294 Executing VM operation: ICBufferFull done
Event: 44.495 Executing VM operation: G1CollectForAllocation
Event: 44.510 Executing VM operation: G1CollectForAllocation done
Event: 44.527 Executing VM operation: G1CollectForAllocation
Event: 44.536 Executing VM operation: G1CollectForAllocation done
Event: 44.628 Executing VM operation: G1TryInitiateConcMark

Events (20 events):
Event: 42.369 Thread 0x0000029e223ee420 flushing nmethod 0x0000029e0d8d1610
Event: 42.369 Thread 0x0000029e223ee420 flushing nmethod 0x0000029e0d8d1a10
Event: 42.369 Thread 0x0000029e223ee420 flushing nmethod 0x0000029e0d8d2090
Event: 42.369 Thread 0x0000029e223ee420 flushing nmethod 0x0000029e0d8d5d10
Event: 42.369 Thread 0x0000029e223ee420 flushing nmethod 0x0000029e0d8ddc90
Event: 42.369 Thread 0x0000029e223ee420 flushing nmethod 0x0000029e0d8df890
Event: 42.369 Thread 0x0000029e223ee420 flushing nmethod 0x0000029e0d8e0190
Event: 42.369 Thread 0x0000029e223ee420 flushing nmethod 0x0000029e0d8e0710
Event: 42.369 Thread 0x0000029e223ee420 flushing nmethod 0x0000029e0d8e3c90
Event: 42.369 Thread 0x0000029e223ee420 flushing nmethod 0x0000029e0d8e4a10
Event: 42.369 Thread 0x0000029e223ee420 flushing nmethod 0x0000029e0d8e5390
Event: 42.369 Thread 0x0000029e223ee420 flushing nmethod 0x0000029e0d91b410
Event: 42.369 Thread 0x0000029e223ee420 flushing nmethod 0x0000029e0d92bf90
Event: 42.369 Thread 0x0000029e223ee420 flushing nmethod 0x0000029e0d994190
Event: 42.369 Thread 0x0000029e223ee420 flushing nmethod 0x0000029e0d9bb790
Event: 42.369 Thread 0x0000029e223ee420 flushing nmethod 0x0000029e0d9be610
Event: 42.369 Thread 0x0000029e223ee420 flushing nmethod 0x0000029e0d9c0590
Event: 42.370 Thread 0x0000029e223ee420 flushing nmethod 0x0000029e0da1a310
Event: 43.789 Thread 0x0000029e28c2f940 Thread exited: 0x0000029e28c2f940
Event: 43.855 Thread 0x0000029e28c2f940 Thread added: 0x0000029e28c2f940


Dynamic libraries:
0x00007ff604ac0000 - 0x00007ff604ad0000 	C:\Program Files\Java\jdk-18.0.2.1\bin\java.exe
0x00007ffdbaf30000 - 0x00007ffdbb128000 	C:\Windows\SYSTEM32\ntdll.dll
0x00007ffdb97b0000 - 0x00007ffdb986f000 	C:\Windows\System32\KERNEL32.DLL
0x00007ffdb8640000 - 0x00007ffdb8936000 	C:\Windows\System32\KERNELBASE.dll
0x00007ffdb8b80000 - 0x00007ffdb8c80000 	C:\Windows\System32\ucrtbase.dll
0x00007ffd9d090000 - 0x00007ffd9d0a8000 	C:\Program Files\Java\jdk-18.0.2.1\bin\jli.dll
0x00007ffd9d0b0000 - 0x00007ffd9d0ca000 	C:\Program Files\Java\jdk-18.0.2.1\bin\VCRUNTIME140.dll
0x00007ffdba3f0000 - 0x00007ffdba49f000 	C:\Windows\System32\ADVAPI32.dll
0x00007ffdb9980000 - 0x00007ffdb9a1e000 	C:\Windows\System32\msvcrt.dll
0x00007ffdb9710000 - 0x00007ffdb97ac000 	C:\Windows\System32\sechost.dll
0x00007ffdba4a0000 - 0x00007ffdba5c6000 	C:\Windows\System32\RPCRT4.dll
0x00007ffdb90e0000 - 0x00007ffdb927d000 	C:\Windows\System32\USER32.dll
0x00007ffdb8610000 - 0x00007ffdb8632000 	C:\Windows\System32\win32u.dll
0x00007ffdb9410000 - 0x00007ffdb943c000 	C:\Windows\System32\GDI32.dll
0x00007ffdb89e0000 - 0x00007ffdb8af5000 	C:\Windows\System32\gdi32full.dll
0x00007ffdb8940000 - 0x00007ffdb89dd000 	C:\Windows\System32\msvcp_win.dll
0x00007ffda8a30000 - 0x00007ffda8cca000 	C:\Windows\WinSxS\amd64_microsoft.windows.common-controls_6595b64144ccf1df_6.0.19041.1110_none_60b5254171f9507e\COMCTL32.dll
0x00007ffdaf8f0000 - 0x00007ffdaf8fa000 	C:\Windows\SYSTEM32\VERSION.dll
0x00007ffdbaec0000 - 0x00007ffdbaef0000 	C:\Windows\System32\IMM32.DLL
0x00007ffdae230000 - 0x00007ffdae23c000 	C:\Program Files\Java\jdk-18.0.2.1\bin\vcruntime140_1.dll
0x00007ffd8d110000 - 0x00007ffd8d19d000 	C:\Program Files\Java\jdk-18.0.2.1\bin\msvcp140.dll
0x00007ffd53170000 - 0x00007ffd53d81000 	C:\Program Files\Java\jdk-18.0.2.1\bin\server\jvm.dll
0x00007ffdb9440000 - 0x00007ffdb9448000 	C:\Windows\System32\PSAPI.DLL
0x00007ffda87a0000 - 0x00007ffda87a9000 	C:\Windows\SYSTEM32\WSOCK32.dll
0x00007ffdb9910000 - 0x00007ffdb997b000 	C:\Windows\System32\WS2_32.dll
0x00007ffda6d40000 - 0x00007ffda6d67000 	C:\Windows\SYSTEM32\WINMM.dll
0x00007ffdb6e80000 - 0x00007ffdb6e92000 	C:\Windows\SYSTEM32\kernel.appcore.dll
0x00007ffda0cf0000 - 0x00007ffda0cfa000 	C:\Program Files\Java\jdk-18.0.2.1\bin\jimage.dll
0x00007ffda6dc0000 - 0x00007ffda6fa4000 	C:\Windows\SYSTEM32\DBGHELP.DLL
0x00007ffda6b40000 - 0x00007ffda6b74000 	C:\Windows\SYSTEM32\dbgcore.DLL
0x00007ffdb8f00000 - 0x00007ffdb8f82000 	C:\Windows\System32\bcryptPrimitives.dll
0x00007ffd93340000 - 0x00007ffd93365000 	C:\Program Files\Java\jdk-18.0.2.1\bin\java.dll
0x00007ffd7c770000 - 0x00007ffd7c846000 	C:\Program Files\Java\jdk-18.0.2.1\bin\jsvml.dll
0x00007ffdb9ca0000 - 0x00007ffdba3e4000 	C:\Windows\System32\SHELL32.dll
0x00007ffdb65f0000 - 0x00007ffdb6d84000 	C:\Windows\SYSTEM32\windows.storage.dll
0x00007ffdbab60000 - 0x00007ffdbaeb4000 	C:\Windows\System32\combase.dll
0x00007ffdb7f80000 - 0x00007ffdb7fae000 	C:\Windows\SYSTEM32\Wldp.dll
0x00007ffdb9520000 - 0x00007ffdb95cd000 	C:\Windows\System32\SHCORE.dll
0x00007ffdb9080000 - 0x00007ffdb90d5000 	C:\Windows\System32\shlwapi.dll
0x00007ffdb8540000 - 0x00007ffdb8565000 	C:\Windows\SYSTEM32\profapi.dll
0x00007ffd9cfb0000 - 0x00007ffd9cfc3000 	C:\Program Files\Java\jdk-18.0.2.1\bin\net.dll
0x00007ffdac5c0000 - 0x00007ffdac6ca000 	C:\Windows\SYSTEM32\WINHTTP.dll
0x00007ffdb7ce0000 - 0x00007ffdb7d4a000 	C:\Windows\system32\mswsock.dll
0x00007ffd94b60000 - 0x00007ffd94b76000 	C:\Program Files\Java\jdk-18.0.2.1\bin\nio.dll
0x00007ffd949d0000 - 0x00007ffd949e8000 	C:\Program Files\Java\jdk-18.0.2.1\bin\zip.dll
0x00007ffd93f60000 - 0x00007ffd93f70000 	C:\Program Files\Java\jdk-18.0.2.1\bin\verify.dll
0x00007ffd8e7b0000 - 0x00007ffd8e7d7000 	C:\Users\Welcome\.gradle\native\e1d6ef7f7dcc3fd88c89a11ec53ec762bb8ba0a96d01ffa2cd45eb1d1d8dd5c5\windows-amd64\native-platform.dll
0x00007ffd64660000 - 0x00007ffd647a4000 	C:\Users\Welcome\.gradle\native\0d407fdbe67a94daf76414ababcb853783967236a71b16ec16e742cd7a986fd3\windows-amd64\native-platform-file-events.dll
0x00007ffd9b5a0000 - 0x00007ffd9b5a9000 	C:\Program Files\Java\jdk-18.0.2.1\bin\management.dll
0x00007ffd986b0000 - 0x00007ffd986bb000 	C:\Program Files\Java\jdk-18.0.2.1\bin\management_ext.dll
0x00007ffdb7ed0000 - 0x00007ffdb7ee8000 	C:\Windows\SYSTEM32\CRYPTSP.dll
0x00007ffdb7600000 - 0x00007ffdb7634000 	C:\Windows\system32\rsaenh.dll
0x00007ffdb8b50000 - 0x00007ffdb8b77000 	C:\Windows\System32\bcrypt.dll
0x00007ffdb84c0000 - 0x00007ffdb84ee000 	C:\Windows\SYSTEM32\USERENV.dll
0x00007ffdb7ef0000 - 0x00007ffdb7efc000 	C:\Windows\SYSTEM32\CRYPTBASE.dll
0x00007ffdb79d0000 - 0x00007ffdb7a0c000 	C:\Windows\SYSTEM32\IPHLPAPI.DLL
0x00007ffdb9870000 - 0x00007ffdb9878000 	C:\Windows\System32\NSI.dll
0x00007ffdadf10000 - 0x00007ffdadf27000 	C:\Windows\SYSTEM32\dhcpcsvc6.DLL
0x00007ffdafa10000 - 0x00007ffdafa2d000 	C:\Windows\SYSTEM32\dhcpcsvc.DLL
0x00007ffdb7a10000 - 0x00007ffdb7ada000 	C:\Windows\SYSTEM32\DNSAPI.dll

dbghelp: loaded successfully - version: 4.0.5 - missing functions: none
symbol engine: initialized successfully - sym options: 0x614 - pdb path: .;C:\Program Files\Java\jdk-18.0.2.1\bin;C:\Windows\SYSTEM32;C:\Windows\WinSxS\amd64_microsoft.windows.common-controls_6595b64144ccf1df_6.0.19041.1110_none_60b5254171f9507e;C:\Program Files\Java\jdk-18.0.2.1\bin\server;C:\Users\Welcome\.gradle\native\e1d6ef7f7dcc3fd88c89a11ec53ec762bb8ba0a96d01ffa2cd45eb1d1d8dd5c5\windows-amd64;C:\Users\Welcome\.gradle\native\0d407fdbe67a94daf76414ababcb853783967236a71b16ec16e742cd7a986fd3\windows-amd64

VM Arguments:
jvm_args: -XX:MaxMetaspaceSize=512m --add-opens=java.base/java.util=ALL-UNNAMED --add-opens=java.base/java.lang=ALL-UNNAMED --add-opens=java.base/java.lang.invoke=ALL-UNNAMED --add-opens=java.base/java.util=ALL-UNNAMED --add-opens=java.prefs/java.util.prefs=ALL-UNNAMED --add-opens=java.prefs/java.util.prefs=ALL-UNNAMED --add-opens=java.base/java.nio.charset=ALL-UNNAMED --add-opens=java.base/java.net=ALL-UNNAMED --add-opens=java.base/java.util.concurrent.atomic=ALL-UNNAMED -Xmx2048m -Dfile.encoding=UTF-8 -Duser.country=US -Duser.language=en -Duser.variant 
java_command: org.gradle.launcher.daemon.bootstrap.GradleDaemon 7.5.1
java_class_path (initial): C:\Users\Welcome\.gradle\wrapper\dists\gradle-7.5.1-all\1ehga6e77gqps5uk2kc5kf1vc\gradle-7.5.1\lib\gradle-launcher-7.5.1.jar
Launcher Type: SUN_STANDARD

[Global flags]
     intx CICompilerCount                          = 3                                         {product} {ergonomic}
   size_t CompressedClassSpaceSize                 = 432013312                                 {product} {ergonomic}
     uint ConcGCThreads                            = 1                                         {product} {ergonomic}
     uint G1ConcRefinementThreads                  = 4                                         {product} {ergonomic}
   size_t G1HeapRegionSize                         = 1048576                                   {product} {ergonomic}
    uintx GCDrainStackTargetSize                   = 64                                        {product} {ergonomic}
   size_t InitialHeapSize                          = 134217728                                 {product} {ergonomic}
   size_t MarkStackSize                            = 4194304                                   {product} {ergonomic}
   size_t MaxHeapSize                              = 2147483648                                {product} {command line}
   size_t MaxMetaspaceSize                         = 536870912                                 {product} {command line}
   size_t MaxNewSize                               = 1287651328                                {product} {ergonomic}
   size_t MinHeapDeltaBytes                        = 1048576                                   {product} {ergonomic}
   size_t MinHeapSize                              = 8388608                                   {product} {ergonomic}
    uintx NonNMethodCodeHeapSize                   = 5832780                                {pd product} {ergonomic}
    uintx NonProfiledCodeHeapSize                  = 122912730                              {pd product} {ergonomic}
    uintx ProfiledCodeHeapSize                     = 122912730                              {pd product} {ergonomic}
    uintx ReservedCodeCacheSize                    = 251658240                              {pd product} {ergonomic}
     bool SegmentedCodeCache                       = true                                      {product} {ergonomic}
   size_t SoftMaxHeapSize                          = 2147483648                             {manageable} {ergonomic}
     bool UseCompressedClassPointers               = true                           {product lp64_product} {ergonomic}
     bool UseCompressedOops                        = true                           {product lp64_product} {ergonomic}
     bool UseG1GC                                  = true                                      {product} {ergonomic}
     bool UseLargePagesIndividualAllocation        = false                                  {pd product} {ergonomic}

Logging:
Log output configuration:
 #0: stdout all=warning uptime,level,tags foldmultilines=false
 #1: stderr all=off uptime,level,tags foldmultilines=false

Environment Variables:
JAVA_HOME=C:\Program Files\Java\jdk-18.0.2.1
CLASSPATH=E:\Gitt\NewChatme\ChatMe\android\\gradle\wrapper\gradle-wrapper.jar
PATH=E:\Gitt\NewChatme\ChatMe\android\node_modules\.bin;E:\Gitt\NewChatme\ChatMe\node_modules\.bin;E:\Gitt\NewChatme\node_modules\.bin;E:\Gitt\node_modules\.bin;E:\node_modules\.bin;C:\Program Files\nodejs;E:\Gitt\NewChatme\ChatMe\node_modules\.bin;E:\Gitt\NewChatme\ChatMe\node_modules\.bin;E:\Gitt\NewChatme\node_modules\.bin;E:\Gitt\node_modules\.bin;E:\node_modules\.bin;C:\Users\Welcome\AppData\Roaming\npm\node_modules\npm\node_modules\@npmcli\run-script\lib\node-gyp-bin;C:\Program Files\Common Files\Oracle\Java\javapath;C:\Windows\system32;C:\Windows;C:\Windows\System32\Wbem;C:\Windows\System32\WindowsPowerShell\v1.0\;C:\Windows\System32\OpenSSH\;C:\ProgramData\chocolatey\bin;C:\Program Files\nodejs\;C:\Program Files\Java\jdk-18.0.2.1\bin;C:\Program Files\Git\cmd;C:\Users\Welcome\AppData\Local\Programs\Python\Python311\Scripts\;C:\Users\Welcome\AppData\Local\Programs\Python\Python311\;C:\Users\Welcome\AppData\Local\Microsoft\WindowsApps;C:\Users\Welcome\AppData\Local\Programs\Microsoft VS Code\bin;C:\Users\Welcome\AppData\Roaming\npm;C:\Users\Welcome\AppData\Local\Android\Sdk\platform-tools;C:\Program Files\MongoDB\Server\6.0\bin;C:\Users\Welcome\AppData\Local\GitHubDesktop\bin;
USERNAME=Welcome
LANG=en_US.UTF-8
OS=Windows_NT
PROCESSOR_IDENTIFIER=Intel64 Family 6 Model 60 Stepping 3, GenuineIntel



---------------  S Y S T E M  ---------------

OS:
 Windows 10 , 64 bit Build 19041 (10.0.19041.3155)
OS uptime: 0 days 23:17 hours

CPU: total 4 (initial active 4) (2 cores per cpu, 2 threads per core) family 6 model 60 stepping 3 microcode 0x27, cx8, cmov, fxsr, ht, mmx, sse, sse2, sse3, ssse3, sse4.1, sse4.2, popcnt, lzcnt, tsc, tscinvbit, avx, avx2, aes, erms, clmul, bmi1, bmi2, fma, vzeroupper, clflush

Memory: 4k page, system-wide physical 8117M (749M free)
TotalPageFile size 13528M (AvailPageFile size 86M)
current process WorkingSet (physical memory assigned to process): 438M, peak: 457M
current process commit charge ("private bytes"): 478M, peak: 657M

vm_info: Java HotSpot(TM) 64-Bit Server VM (18.0.2.1+1-1) for windows-amd64 JRE (18.0.2.1+1-1), built on Aug 16 2022 01:46:33 by "mach5one" with MS VC++ 16.8 / 16.9 (VS2019)

END.
