#
# There is insufficient memory for the Java Runtime Environment to continue.
# Native memory allocation (mmap) failed to map 289406976 bytes for G1 virtual space
# Possible reasons:
#   The system is out of physical RAM or swap space
#   The process is running with CompressedOops enabled, and the Java Heap may be blocking the growth of the native heap
# Possible solutions:
#   Reduce memory load on the system
#   Increase physical memory or swap space
#   Check if swap backing store is full
#   Decrease Java heap size (-Xmx/-Xms)
#   Decrease number of Java threads
#   Decrease Java thread stack sizes (-Xss)
#   Set larger code cache with -XX:ReservedCodeCacheSize=
#   JVM is running with Unscaled Compressed Oops mode in which the Java heap is
#     placed in the first 4GB address space. The Java Heap base address is the
#     maximum limit for the native heap growth. Please use -XX:HeapBaseMinAddress
#     to set the Java Heap base and to place the Java Heap above 4GB virtual address.
# This output file may be truncated or incomplete.
#
#  Out of Memory Error (os_windows.cpp:3530), pid=10928, tid=14856
#
# JRE version: Java(TM) SE Runtime Environment (18.0.2.1+1) (build 18.0.2.1+1-1)
# Java VM: Java HotSpot(TM) 64-Bit Server VM (18.0.2.1+1-1, mixed mode, sharing, tiered, compressed oops, compressed class ptrs, g1 gc, windows-amd64)
# No core dump will be written. Minidumps are not enabled by default on client versions of Windows
#

---------------  S U M M A R Y ------------

Command Line: -XX:MaxMetaspaceSize=512m --add-opens=java.base/java.util=ALL-UNNAMED --add-opens=java.base/java.lang=ALL-UNNAMED --add-opens=java.base/java.lang.invoke=ALL-UNNAMED --add-opens=java.base/java.util=ALL-UNNAMED --add-opens=java.prefs/java.util.prefs=ALL-UNNAMED --add-opens=java.prefs/java.util.prefs=ALL-UNNAMED --add-opens=java.base/java.nio.charset=ALL-UNNAMED --add-opens=java.base/java.net=ALL-UNNAMED --add-opens=java.base/java.util.concurrent.atomic=ALL-UNNAMED -Xmx2048m -Dfile.encoding=UTF-8 -Duser.country=US -Duser.language=en -Duser.variant org.gradle.launcher.daemon.bootstrap.GradleDaemon 7.5.1

Host: Intel(R) Core(TM) i5-4210M CPU @ 2.60GHz, 4 cores, 7G,  Windows 10 , 64 bit Build 19041 (10.0.19041.3155)
Time: Mon Jul 24 19:49:28 2023 Pakistan Standard Time elapsed time: 85.858422 seconds (0d 0h 1m 25s)

---------------  T H R E A D  ---------------

Current thread (0x000001c595a3b470):  VMThread "VM Thread" [stack: 0x00000017d3c00000,0x00000017d3d00000] [id=14856]

Stack: [0x00000017d3c00000,0x00000017d3d00000]
Native frames: (J=compiled Java code, j=interpreted, Vv=VM code, C=native code)
V  [jvm.dll+0x6993aa]
V  [jvm.dll+0x7f46dd]
V  [jvm.dll+0x7f5fee]
V  [jvm.dll+0x7f66a3]
V  [jvm.dll+0x25cf1f]
V  [jvm.dll+0x6962f9]
V  [jvm.dll+0x68ae2a]
V  [jvm.dll+0x32255b]
V  [jvm.dll+0x329f36]
V  [jvm.dll+0x37eade]
V  [jvm.dll+0x37ed0f]
V  [jvm.dll+0x2fa2da]
V  [jvm.dll+0x2fa387]
V  [jvm.dll+0x33e8c2]
V  [jvm.dll+0x33ce64]
V  [jvm.dll+0x2f9ab0]
V  [jvm.dll+0x33c43b]
V  [jvm.dll+0x7fb48b]
V  [jvm.dll+0x7fc224]
V  [jvm.dll+0x7fc75c]
V  [jvm.dll+0x7fcbb4]
V  [jvm.dll+0x7fcc77]
V  [jvm.dll+0x7a120a]
V  [jvm.dll+0x698255]
C  [ucrtbase.dll+0x21bb2]
C  [KERNEL32.DLL+0x17614]
C  [ntdll.dll+0x526b1]

VM_Operation (0x00000017d52f5600): G1CollectForAllocation, mode: safepoint, requested by thread 0x000001c59aeee320


---------------  P R O C E S S  ---------------

Threads class SMR info:
_java_thread_list=0x000001c59f0609c0, length=90, elements={
0x000001c5f80a7200, 0x000001c595a428f0, 0x000001c595a43460, 0x000001c595a60530,
0x000001c595a61df0, 0x000001c595a626a0, 0x000001c595a62f50, 0x000001c595a63b30,
0x000001c595a654e0, 0x000001c595adcc70, 0x000001c599d8fa20, 0x000001c599d94520,
0x000001c59af6ba90, 0x000001c59b272700, 0x000001c59b47bd20, 0x000001c59b5df640,
0x000001c59aeee320, 0x000001c59aeed4b0, 0x000001c59aeed980, 0x000001c59aeef190,
0x000001c59aeef660, 0x000001c59aeec640, 0x000001c59d482620, 0x000001c59d483490,
0x000001c59d4817b0, 0x000001c59d480940, 0x000001c59d387a00, 0x000001c59d387ed0,
0x000001c59d38da40, 0x000001c59e7dcb00, 0x000001c59be8fe90, 0x000001c5a00d9d20,
0x000001c5a00d9380, 0x000001c5a00da1f0, 0x000001c5a00dc870, 0x000001c5a00da6c0,
0x000001c5a00dab90, 0x000001c5a00d8510, 0x000001c5a00dd6e0, 0x000001c5a00db060,
0x000001c5a00db530, 0x000001c59e5a20b0, 0x000001c5a00dba00, 0x000001c5a00de550,
0x000001c5a00dbed0, 0x000001c5a00dc3a0, 0x000001c5a00dcd40, 0x000001c5a00d89e0,
0x000001c5a00d8eb0, 0x000001c5a00deef0, 0x000001c5a00ddbb0, 0x000001c5a00dd210,
0x000001c5a00df3c0, 0x000001c5a00df890, 0x000001c5a00d8040, 0x000001c59e7d6f90,
0x000001c59e7d6120, 0x000001c59e7d52b0, 0x000001c59e7d65f0, 0x000001c59e7d7930,
0x000001c59e7d8c70, 0x000001c59e7d87a0, 0x000001c59e7d5780, 0x000001c59e7d9ae0,
0x000001c59e7d9fb0, 0x000001c59e7d9140, 0x000001c59e7da480, 0x000001c59e7da950,
0x000001c59e7d7e00, 0x000001c59e7d9610, 0x000001c59e7d82d0, 0x000001c59e7d6ac0,
0x000001c59e7dae20, 0x000001c59e7db2f0, 0x000001c59e7db7c0, 0x000001c59e7dbc90,
0x000001c59e7dc160, 0x000001c59d38a550, 0x000001c59d38d0a0, 0x000001c59d38d570,
0x000001c59d38df10, 0x000001c59d387060, 0x000001c59d3883a0, 0x000001c59d38aef0,
0x000001c59d38b3c0, 0x000001c59d38c700, 0x000001c59d38e3e0, 0x000001c59d38b890,
0x000001c59d38bd60, 0x000001c59d38c230
}

Java Threads: ( => current thread )
  0x000001c5f80a7200 JavaThread "main" [_thread_blocked, id=9144, stack(0x00000017d3600000,0x00000017d3700000)]
  0x000001c595a428f0 JavaThread "Reference Handler" daemon [_thread_blocked, id=11244, stack(0x00000017d3d00000,0x00000017d3e00000)]
  0x000001c595a43460 JavaThread "Finalizer" daemon [_thread_blocked, id=15308, stack(0x00000017d3e00000,0x00000017d3f00000)]
  0x000001c595a60530 JavaThread "Signal Dispatcher" daemon [_thread_blocked, id=14408, stack(0x00000017d3f00000,0x00000017d4000000)]
  0x000001c595a61df0 JavaThread "Attach Listener" daemon [_thread_blocked, id=14404, stack(0x00000017d4000000,0x00000017d4100000)]
  0x000001c595a626a0 JavaThread "Service Thread" daemon [_thread_blocked, id=14316, stack(0x00000017d4100000,0x00000017d4200000)]
  0x000001c595a62f50 JavaThread "Monitor Deflation Thread" daemon [_thread_blocked, id=13452, stack(0x00000017d4200000,0x00000017d4300000)]
  0x000001c595a63b30 JavaThread "C2 CompilerThread0" daemon [_thread_blocked, id=4772, stack(0x00000017d4300000,0x00000017d4400000)]
  0x000001c595a654e0 JavaThread "C1 CompilerThread0" daemon [_thread_blocked, id=13680, stack(0x00000017d4400000,0x00000017d4500000)]
  0x000001c595adcc70 JavaThread "Sweeper thread" daemon [_thread_blocked, id=11388, stack(0x00000017d4500000,0x00000017d4600000)]
  0x000001c599d8fa20 JavaThread "Common-Cleaner" daemon [_thread_blocked, id=8720, stack(0x00000017d4600000,0x00000017d4700000)]
  0x000001c599d94520 JavaThread "Notification Thread" daemon [_thread_blocked, id=14924, stack(0x00000017d4700000,0x00000017d4800000)]
  0x000001c59af6ba90 JavaThread "Daemon health stats" [_thread_blocked, id=14848, stack(0x00000017d4d00000,0x00000017d4e00000)]
  0x000001c59b272700 JavaThread "Incoming local TCP Connector on port 61697" [_thread_in_native, id=15312, stack(0x00000017d4e00000,0x00000017d4f00000)]
  0x000001c59b47bd20 JavaThread "Daemon periodic checks" [_thread_blocked, id=2180, stack(0x00000017d4f00000,0x00000017d5000000)]
  0x000001c59b5df640 JavaThread "Daemon" [_thread_blocked, id=13076, stack(0x00000017d5000000,0x00000017d5100000)]
  0x000001c59aeee320 JavaThread "Daemon worker" [_thread_blocked, id=3808, stack(0x00000017d5200000,0x00000017d5300000)]
  0x000001c59aeed4b0 JavaThread "Cache worker for journal cache (C:\Users\Welcome\.gradle\caches\journal-1)" [_thread_blocked, id=6716, stack(0x00000017d5600000,0x00000017d5700000)]
  0x000001c59aeed980 JavaThread "File lock request listener" [_thread_in_native, id=11956, stack(0x00000017d5700000,0x00000017d5800000)]
  0x000001c59aeef190 JavaThread "Cache worker for file hash cache (C:\Users\Welcome\.gradle\caches\7.5.1\fileHashes)" [_thread_blocked, id=6700, stack(0x00000017d5900000,0x00000017d5a00000)]
  0x000001c59aeef660 JavaThread "File watcher server" daemon [_thread_in_native, id=14648, stack(0x00000017d5a00000,0x00000017d5b00000)]
  0x000001c59aeec640 JavaThread "File watcher consumer" daemon [_thread_blocked, id=14576, stack(0x00000017d5b00000,0x00000017d5c00000)]
  0x000001c59d482620 JavaThread "Cache worker for file content cache (C:\Users\Welcome\.gradle\caches\7.5.1\fileContent)" [_thread_blocked, id=13396, stack(0x00000017d5e00000,0x00000017d5f00000)]
  0x000001c59d483490 JavaThread "Cache worker for execution history cache (C:\Users\Welcome\.gradle\caches\7.5.1\executionHistory)" [_thread_blocked, id=13704, stack(0x00000017d6100000,0x00000017d6200000)]
  0x000001c59d4817b0 JavaThread "jar transforms" [_thread_blocked, id=7508, stack(0x00000017d6200000,0x00000017d6300000)]
  0x000001c59d480940 JavaThread "jar transforms Thread 2" [_thread_blocked, id=11744, stack(0x00000017d6300000,0x00000017d6400000)]
  0x000001c59d387a00 JavaThread "jar transforms Thread 3" [_thread_blocked, id=9008, stack(0x00000017d6400000,0x00000017d6500000)]
  0x000001c59d387ed0 JavaThread "jar transforms Thread 4" [_thread_blocked, id=14708, stack(0x00000017d6500000,0x00000017d6600000)]
  0x000001c59d38da40 JavaThread "Cache worker for kotlin-dsl (C:\Users\Welcome\.gradle\caches\7.5.1\kotlin-dsl)" [_thread_blocked, id=15232, stack(0x00000017d6600000,0x00000017d6700000)]
  0x000001c59e7dcb00 JavaThread "Memory manager" [_thread_blocked, id=1204, stack(0x00000017d8b00000,0x00000017d8c00000)]
  0x000001c59be8fe90 JavaThread "included builds" [_thread_blocked, id=14620, stack(0x00000017d8d00000,0x00000017d8e00000)]
  0x000001c5a00d9d20 JavaThread "Handler for socket connection from /127.0.0.1:61697 to /127.0.0.1:61984" [_thread_in_native, id=14444, stack(0x00000017d3400000,0x00000017d3500000)]
  0x000001c5a00d9380 JavaThread "Cancel handler" [_thread_blocked, id=1560, stack(0x00000017d3500000,0x00000017d3600000)]
  0x000001c5a00da1f0 JavaThread "Asynchronous log dispatcher for DefaultDaemonConnection: socket connection from /127.0.0.1:61697 to /127.0.0.1:61984" [_thread_blocked, id=14864, stack(0x00000017d4900000,0x00000017d4a00000)]
  0x000001c5a00dc870 JavaThread "Stdin handler" [_thread_blocked, id=13828, stack(0x00000017d5100000,0x00000017d5200000)]
  0x000001c5a00da6c0 JavaThread "Daemon client event forwarder" [_thread_blocked, id=14948, stack(0x00000017d5400000,0x00000017d5500000)]
  0x000001c5a00dab90 JavaThread "Cache worker for checksums cache (E:\Gitt\NewChatme\ChatMe\android\.gradle\7.5.1\checksums)" [_thread_blocked, id=14284, stack(0x00000017d5500000,0x00000017d5600000)]
  0x000001c5a00d8510 JavaThread "Cache worker for cache directory md-rule (C:\Users\Welcome\.gradle\caches\7.5.1\md-rule)" [_thread_blocked, id=7804, stack(0x00000017d5800000,0x00000017d5900000)]
  0x000001c5a00dd6e0 JavaThread "Cache worker for file hash cache (E:\Gitt\NewChatme\ChatMe\android\.gradle\7.5.1\fileHashes)" [_thread_blocked, id=12952, stack(0x00000017d5c00000,0x00000017d5d00000)]
  0x000001c5a00db060 JavaThread "Cache worker for cache directory md-supplier (C:\Users\Welcome\.gradle\caches\7.5.1\md-supplier)" [_thread_blocked, id=14876, stack(0x00000017d5f00000,0x00000017d6000000)]
  0x000001c5a00db530 JavaThread "Cache worker for dependencies-accessors (E:\Gitt\NewChatme\ChatMe\android\.gradle\7.5.1\dependencies-accessors)" [_thread_blocked, id=13836, stack(0x00000017d6000000,0x00000017d6100000)]
  0x000001c59e5a20b0 JavaThread "C2 CompilerThread1" daemon [_thread_blocked, id=13224, stack(0x00000017d6700000,0x00000017d6800000)]
  0x000001c5a00dba00 JavaThread "Cache worker for Build Output Cleanup Cache (E:\Gitt\NewChatme\ChatMe\node_modules\react-native-gradle-plugin\.gradle\buildOutputCleanup)" [_thread_blocked, id=7752, stack(0x00000017d6800000,0x00000017d6900000)]
  0x000001c5a00de550 JavaThread "Unconstrained build operations" [_thread_blocked, id=15224, stack(0x00000017d6900000,0x00000017d6a00000)]
  0x000001c5a00dbed0 JavaThread "Unconstrained build operations Thread 2" [_thread_blocked, id=9516, stack(0x00000017d6a00000,0x00000017d6b00000)]
  0x000001c5a00dc3a0 JavaThread "Unconstrained build operations Thread 3" [_thread_blocked, id=14432, stack(0x00000017d6b00000,0x00000017d6c00000)]
  0x000001c5a00dcd40 JavaThread "Unconstrained build operations Thread 4" [_thread_blocked, id=2876, stack(0x00000017d6c00000,0x00000017d6d00000)]
  0x000001c5a00d89e0 JavaThread "Unconstrained build operations Thread 5" [_thread_blocked, id=15172, stack(0x00000017d6d00000,0x00000017d6e00000)]
  0x000001c5a00d8eb0 JavaThread "Unconstrained build operations Thread 6" [_thread_blocked, id=13916, stack(0x00000017d6e00000,0x00000017d6f00000)]
  0x000001c5a00deef0 JavaThread "Unconstrained build operations Thread 7" [_thread_blocked, id=4672, stack(0x00000017d6f00000,0x00000017d7000000)]
  0x000001c5a00ddbb0 JavaThread "Unconstrained build operations Thread 8" [_thread_blocked, id=5800, stack(0x00000017d7000000,0x00000017d7100000)]
  0x000001c5a00dd210 JavaThread "Unconstrained build operations Thread 9" [_thread_blocked, id=13388, stack(0x00000017d7100000,0x00000017d7200000)]
  0x000001c5a00df3c0 JavaThread "Unconstrained build operations Thread 10" [_thread_blocked, id=2412, stack(0x00000017d7200000,0x00000017d7300000)]
  0x000001c5a00df890 JavaThread "Unconstrained build operations Thread 11" [_thread_blocked, id=13600, stack(0x00000017d7300000,0x00000017d7400000)]
  0x000001c5a00d8040 JavaThread "Unconstrained build operations Thread 12" [_thread_blocked, id=13340, stack(0x00000017d7400000,0x00000017d7500000)]
  0x000001c59e7d6f90 JavaThread "Unconstrained build operations Thread 13" [_thread_blocked, id=14828, stack(0x00000017d7500000,0x00000017d7600000)]
  0x000001c59e7d6120 JavaThread "Unconstrained build operations Thread 14" [_thread_blocked, id=10600, stack(0x00000017d7600000,0x00000017d7700000)]
  0x000001c59e7d52b0 JavaThread "Unconstrained build operations Thread 15" [_thread_blocked, id=5892, stack(0x00000017d7700000,0x00000017d7800000)]
  0x000001c59e7d65f0 JavaThread "Unconstrained build operations Thread 16" [_thread_blocked, id=3600, stack(0x00000017d7800000,0x00000017d7900000)]
  0x000001c59e7d7930 JavaThread "Unconstrained build operations Thread 17" [_thread_blocked, id=5732, stack(0x00000017d7900000,0x00000017d7a00000)]
  0x000001c59e7d8c70 JavaThread "Unconstrained build operations Thread 18" [_thread_blocked, id=11116, stack(0x00000017d7a00000,0x00000017d7b00000)]
  0x000001c59e7d87a0 JavaThread "Unconstrained build operations Thread 19" [_thread_blocked, id=4216, stack(0x00000017d7b00000,0x00000017d7c00000)]
  0x000001c59e7d5780 JavaThread "Unconstrained build operations Thread 20" [_thread_blocked, id=2532, stack(0x00000017d7c00000,0x00000017d7d00000)]
  0x000001c59e7d9ae0 JavaThread "Unconstrained build operations Thread 21" [_thread_blocked, id=724, stack(0x00000017d7d00000,0x00000017d7e00000)]
  0x000001c59e7d9fb0 JavaThread "Unconstrained build operations Thread 22" [_thread_blocked, id=14780, stack(0x00000017d7e00000,0x00000017d7f00000)]
  0x000001c59e7d9140 JavaThread "Unconstrained build operations Thread 23" [_thread_blocked, id=10256, stack(0x00000017d7f00000,0x00000017d8000000)]
  0x000001c59e7da480 JavaThread "Unconstrained build operations Thread 24" [_thread_blocked, id=12432, stack(0x00000017d8000000,0x00000017d8100000)]
  0x000001c59e7da950 JavaThread "Unconstrained build operations Thread 25" [_thread_blocked, id=13212, stack(0x00000017d8100000,0x00000017d8200000)]
  0x000001c59e7d7e00 JavaThread "Unconstrained build operations Thread 26" [_thread_blocked, id=14312, stack(0x00000017d8200000,0x00000017d8300000)]
  0x000001c59e7d9610 JavaThread "Unconstrained build operations Thread 27" [_thread_blocked, id=14220, stack(0x00000017d8300000,0x00000017d8400000)]
  0x000001c59e7d82d0 JavaThread "Unconstrained build operations Thread 28" [_thread_blocked, id=9528, stack(0x00000017d8400000,0x00000017d8500000)]
  0x000001c59e7d6ac0 JavaThread "Unconstrained build operations Thread 29" [_thread_blocked, id=14940, stack(0x00000017d8500000,0x00000017d8600000)]
  0x000001c59e7dae20 JavaThread "Unconstrained build operations Thread 30" [_thread_blocked, id=2812, stack(0x00000017d8600000,0x00000017d8700000)]
  0x000001c59e7db2f0 JavaThread "Unconstrained build operations Thread 31" [_thread_blocked, id=13392, stack(0x00000017d8700000,0x00000017d8800000)]
  0x000001c59e7db7c0 JavaThread "Unconstrained build operations Thread 32" [_thread_blocked, id=14476, stack(0x00000017d8800000,0x00000017d8900000)]
  0x000001c59e7dbc90 JavaThread "Unconstrained build operations Thread 33" [_thread_blocked, id=15336, stack(0x00000017d8900000,0x00000017d8a00000)]
  0x000001c59e7dc160 JavaThread "build event listener" [_thread_blocked, id=14688, stack(0x00000017d8a00000,0x00000017d8b00000)]
  0x000001c59d38a550 JavaThread "Cache worker for Build Output Cleanup Cache (E:\Gitt\NewChatme\ChatMe\android\.gradle\buildOutputCleanup)" [_thread_blocked, id=14272, stack(0x00000017d8c00000,0x00000017d8d00000)]
  0x000001c59d38d0a0 JavaThread "included builds" [_thread_blocked, id=14764, stack(0x00000017d8e00000,0x00000017d8f00000)]
  0x000001c59d38d570 JavaThread "Execution worker" [_thread_blocked, id=15200, stack(0x00000017d8f00000,0x00000017d9000000)]
  0x000001c59d38df10 JavaThread "Execution worker Thread 2" [_thread_blocked, id=14608, stack(0x00000017d9000000,0x00000017d9100000)]
  0x000001c59d387060 JavaThread "Execution worker Thread 3" [_thread_blocked, id=13748, stack(0x00000017d9100000,0x00000017d9200000)]
  0x000001c59d3883a0 JavaThread "Cache worker for execution history cache (E:\Gitt\NewChatme\ChatMe\node_modules\react-native-gradle-plugin\.gradle\7.5.1\executionHistory)" [_thread_blocked, id=9428, stack(0x00000017d9200000,0x00000017d9300000)]
  0x000001c59d38aef0 JavaThread "Unconstrained build operations Thread 34" [_thread_blocked, id=15016, stack(0x00000017d9300000,0x00000017d9400000)]
  0x000001c59d38b3c0 JavaThread "Unconstrained build operations Thread 35" [_thread_blocked, id=11336, stack(0x00000017d9400000,0x00000017d9500000)]
  0x000001c59d38c700 JavaThread "Unconstrained build operations Thread 36" [_thread_blocked, id=13716, stack(0x00000017d9500000,0x00000017d9600000)]
  0x000001c59d38e3e0 JavaThread "Unconstrained build operations Thread 37" [_thread_blocked, id=14968, stack(0x00000017d9600000,0x00000017d9700000)]
  0x000001c59d38b890 JavaThread "Unconstrained build operations Thread 38" [_thread_blocked, id=14844, stack(0x00000017d9700000,0x00000017d9800000)]
  0x000001c59d38bd60 JavaThread "Unconstrained build operations Thread 39" [_thread_blocked, id=12764, stack(0x00000017d9800000,0x00000017d9900000)]
  0x000001c59d38c230 JavaThread "Unconstrained build operations Thread 40" [_thread_blocked, id=10764, stack(0x00000017d9900000,0x00000017d9a00000)]

Other Threads:
=>0x000001c595a3b470 VMThread "VM Thread" [stack: 0x00000017d3c00000,0x00000017d3d00000] [id=14856]
  0x000001c599d98a00 WatcherThread "VM Periodic Task Thread" [stack: 0x00000017d4800000,0x00000017d4900000] [id=14628]
  0x000001c5f8106a60 WorkerThread "GC Thread#0" [stack: 0x00000017d3700000,0x00000017d3800000] [id=14392]
  0x000001c59a1eb850 WorkerThread "GC Thread#1" [stack: 0x00000017d4a00000,0x00000017d4b00000] [id=1828]
  0x000001c59a22bb90 WorkerThread "GC Thread#2" [stack: 0x00000017d4b00000,0x00000017d4c00000] [id=11532]
  0x000001c59a778fd0 WorkerThread "GC Thread#3" [stack: 0x00000017d4c00000,0x00000017d4d00000] [id=15056]
  0x000001c5f81178a0 ConcurrentGCThread "G1 Main Marker" [stack: 0x00000017d3800000,0x00000017d3900000] [id=14768]
  0x000001c5f81181a0 WorkerThread "G1 Conc#0" [stack: 0x00000017d3900000,0x00000017d3a00000] [id=15040]
  0x000001c5f8155d50 ConcurrentGCThread "G1 Refine#0" [stack: 0x00000017d3a00000,0x00000017d3b00000] [id=15032]
  0x000001c5f8156570 ConcurrentGCThread "G1 Service" [stack: 0x00000017d3b00000,0x00000017d3c00000] [id=15208]

Threads with active compile tasks:
C2 CompilerThread0    85894 11543       4       java.lang.ClassLoader::defineClass (43 bytes)
C2 CompilerThread1    85894 11586       4       org.gradle.internal.instantiation.generator.AbstractClassGenerator$ClassMetadata::property (42 bytes)

VM state: at safepoint (normal execution)

VM Mutex/Monitor currently owned by a thread:  ([mutex/lock_event])
[0x000001c5f80a2c10] Threads_lock - owner thread: 0x000001c595a3b470
[0x000001c5f80a3000] Heap_lock - owner thread: 0x000001c59aeee320

Heap address: 0x0000000080000000, size: 2048 MB, Compressed Oops mode: 32-bit

CDS archive(s) mapped at: [0x0000000800000000-0x0000000800ba0000-0x0000000800ba0000), size 12189696, SharedBaseAddress: 0x0000000800000000, ArchiveRelocationMode: 0.
Compressed class space mapped at: 0x0000000800c00000-0x000000081a800000, reserved size: 432013312
Narrow klass base: 0x0000000800000000, Narrow klass shift: 0, Narrow klass range: 0x100000000

GC Precious Log:
 CardTable entry size: 512
 Card Set container configuration: InlinePtr #cards 5 size 8 Array Of Cards #cards 12 size 40 Howl #buckets 4 coarsen threshold 1843 Howl Bitmap #cards 512 size 80 coarsen threshold 460 Card regions per heap region 1 cards per card region 2048
 CPUs: 4 total, 4 available
 Memory: 8117M
 Large Page Support: Disabled
 NUMA Support: Disabled
 Compressed Oops: Enabled (32-bit)
 Heap Region Size: 1M
 Heap Min Capacity: 8M
 Heap Initial Capacity: 128M
 Heap Max Capacity: 2G
 Pre-touch: Disabled
 Parallel Workers: 4
 Concurrent Workers: 1
 Concurrent Refinement Workers: 4
 Periodic GC: Disabled

Heap:
 garbage-first heap   total 158720K, used 97370K [0x0000000080000000, 0x0000000100000000)
  region size 1024K, 5 young (5120K), 5 survivors (5120K)
 Metaspace       used 81292K, committed 83200K, reserved 552960K
  class space    used 11190K, committed 12160K, reserved 421888K

Heap Regions: E=young(eden), S=young(survivor), O=old, HS=humongous(starts), HC=humongous(continues), CS=collection set, F=free, OA=open archive, CA=closed archive, TAMS=top-at-mark-start (previous, next)
|   0|0x0000000080000000, 0x0000000080100000, 0x0000000080100000|100%|HS|  |TAMS 0x0000000080100000, 0x0000000080000000| Complete 
|   1|0x0000000080100000, 0x0000000080200000, 0x0000000080200000|100%|HC|  |TAMS 0x0000000080200000, 0x0000000080100000| Complete 
|   2|0x0000000080200000, 0x0000000080300000, 0x0000000080300000|100%|HC|  |TAMS 0x0000000080300000, 0x0000000080200000| Complete 
|   3|0x0000000080300000, 0x0000000080400000, 0x0000000080400000|100%| O|  |TAMS 0x0000000080400000, 0x0000000080300000| Untracked 
|   4|0x0000000080400000, 0x0000000080500000, 0x0000000080500000|100%| O|  |TAMS 0x0000000080500000, 0x0000000080400000| Untracked 
|   5|0x0000000080500000, 0x0000000080600000, 0x0000000080600000|100%| O|  |TAMS 0x0000000080600000, 0x0000000080500000| Untracked 
|   6|0x0000000080600000, 0x0000000080700000, 0x0000000080700000|100%| O|  |TAMS 0x0000000080700000, 0x0000000080600000| Untracked 
|   7|0x0000000080700000, 0x0000000080800000, 0x0000000080800000|100%| O|  |TAMS 0x0000000080800000, 0x0000000080700000| Untracked 
|   8|0x0000000080800000, 0x0000000080900000, 0x0000000080900000|100%| O|  |TAMS 0x0000000080900000, 0x0000000080800000| Untracked 
|   9|0x0000000080900000, 0x0000000080a00000, 0x0000000080a00000|100%| O|  |TAMS 0x0000000080a00000, 0x0000000080900000| Untracked 
|  10|0x0000000080a00000, 0x0000000080b00000, 0x0000000080b00000|100%| O|  |TAMS 0x0000000080b00000, 0x0000000080a00000| Untracked 
|  11|0x0000000080b00000, 0x0000000080c00000, 0x0000000080c00000|100%| O|  |TAMS 0x0000000080c00000, 0x0000000080b00000| Untracked 
|  12|0x0000000080c00000, 0x0000000080d00000, 0x0000000080d00000|100%| O|  |TAMS 0x0000000080d00000, 0x0000000080c00000| Untracked 
|  13|0x0000000080d00000, 0x0000000080e00000, 0x0000000080e00000|100%| O|  |TAMS 0x0000000080e00000, 0x0000000080d00000| Untracked 
|  14|0x0000000080e00000, 0x0000000080f00000, 0x0000000080f00000|100%| O|  |TAMS 0x0000000080f00000, 0x0000000080e00000| Untracked 
|  15|0x0000000080f00000, 0x0000000081000000, 0x0000000081000000|100%| O|  |TAMS 0x0000000081000000, 0x0000000080f00000| Untracked 
|  16|0x0000000081000000, 0x0000000081100000, 0x0000000081100000|100%| O|  |TAMS 0x0000000081100000, 0x0000000081000000| Untracked 
|  17|0x0000000081100000, 0x0000000081200000, 0x0000000081200000|100%| O|  |TAMS 0x0000000081200000, 0x0000000081100000| Untracked 
|  18|0x0000000081200000, 0x0000000081300000, 0x0000000081300000|100%| O|  |TAMS 0x0000000081300000, 0x0000000081200000| Untracked 
|  19|0x0000000081300000, 0x00000000813ce600, 0x0000000081400000| 80%| O|  |TAMS 0x00000000813ce600, 0x0000000081300000| Untracked 
|  20|0x0000000081400000, 0x0000000081500000, 0x0000000081500000|100%| O|  |TAMS 0x0000000081500000, 0x0000000081400000| Untracked 
|  21|0x0000000081500000, 0x0000000081600000, 0x0000000081600000|100%| O|  |TAMS 0x0000000081600000, 0x0000000081500000| Untracked 
|  22|0x0000000081600000, 0x0000000081700000, 0x0000000081700000|100%| O|  |TAMS 0x0000000081700000, 0x0000000081600000| Untracked 
|  23|0x0000000081700000, 0x0000000081800000, 0x0000000081800000|100%| O|  |TAMS 0x0000000081800000, 0x0000000081700000| Untracked 
|  24|0x0000000081800000, 0x0000000081900000, 0x0000000081900000|100%| O|  |TAMS 0x0000000081900000, 0x0000000081800000| Untracked 
|  25|0x0000000081900000, 0x0000000081a00000, 0x0000000081a00000|100%| O|  |TAMS 0x0000000081a00000, 0x0000000081900000| Untracked 
|  26|0x0000000081a00000, 0x0000000081b00000, 0x0000000081b00000|100%| O|  |TAMS 0x0000000081a00000, 0x0000000081a00000| Untracked 
|  27|0x0000000081b00000, 0x0000000081c00000, 0x0000000081c00000|100%| O|  |TAMS 0x0000000081c00000, 0x0000000081b00000| Untracked 
|  28|0x0000000081c00000, 0x0000000081d00000, 0x0000000081d00000|100%| O|  |TAMS 0x0000000081d00000, 0x0000000081c00000| Untracked 
|  29|0x0000000081d00000, 0x0000000081e00000, 0x0000000081e00000|100%|HS|  |TAMS 0x0000000081e00000, 0x0000000081d00000| Complete 
|  30|0x0000000081e00000, 0x0000000081f00000, 0x0000000081f00000|100%| O|  |TAMS 0x0000000081f00000, 0x0000000081e00000| Untracked 
|  31|0x0000000081f00000, 0x0000000082000000, 0x0000000082000000|100%| O|  |TAMS 0x0000000082000000, 0x0000000081f00000| Untracked 
|  32|0x0000000082000000, 0x0000000082100000, 0x0000000082100000|100%| O|  |TAMS 0x0000000082100000, 0x0000000082000000| Untracked 
|  33|0x0000000082100000, 0x0000000082200000, 0x0000000082200000|100%| O|  |TAMS 0x0000000082200000, 0x0000000082100000| Untracked 
|  34|0x0000000082200000, 0x0000000082300000, 0x0000000082300000|100%| O|  |TAMS 0x0000000082300000, 0x0000000082200000| Untracked 
|  35|0x0000000082300000, 0x0000000082400000, 0x0000000082400000|100%|HS|  |TAMS 0x0000000082400000, 0x0000000082300000| Complete 
|  36|0x0000000082400000, 0x0000000082500000, 0x0000000082500000|100%|HS|  |TAMS 0x0000000082500000, 0x0000000082400000| Complete 
|  37|0x0000000082500000, 0x0000000082600000, 0x0000000082600000|100%|HC|  |TAMS 0x0000000082600000, 0x0000000082500000| Complete 
|  38|0x0000000082600000, 0x0000000082700000, 0x0000000082700000|100%|HC|  |TAMS 0x0000000082700000, 0x0000000082600000| Complete 
|  39|0x0000000082700000, 0x0000000082800000, 0x0000000082800000|100%| O|  |TAMS 0x0000000082800000, 0x0000000082700000| Untracked 
|  40|0x0000000082800000, 0x0000000082900000, 0x0000000082900000|100%| O|  |TAMS 0x0000000082900000, 0x0000000082800000| Untracked 
|  41|0x0000000082900000, 0x0000000082a00000, 0x0000000082a00000|100%| O|  |TAMS 0x0000000082a00000, 0x0000000082900000| Untracked 
|  42|0x0000000082a00000, 0x0000000082b00000, 0x0000000082b00000|100%| O|  |TAMS 0x0000000082b00000, 0x0000000082a00000| Untracked 
|  43|0x0000000082b00000, 0x0000000082c00000, 0x0000000082c00000|100%| O|  |TAMS 0x0000000082c00000, 0x0000000082b00000| Untracked 
|  44|0x0000000082c00000, 0x0000000082d00000, 0x0000000082d00000|100%| O|  |TAMS 0x0000000082d00000, 0x0000000082c00000| Untracked 
|  45|0x0000000082d00000, 0x0000000082e00000, 0x0000000082e00000|100%| O|  |TAMS 0x0000000082e00000, 0x0000000082d00000| Untracked 
|  46|0x0000000082e00000, 0x0000000082f00000, 0x0000000082f00000|100%| O|  |TAMS 0x0000000082f00000, 0x0000000082e00000| Untracked 
|  47|0x0000000082f00000, 0x0000000083000000, 0x0000000083000000|100%| O|  |TAMS 0x0000000083000000, 0x0000000082f00000| Untracked 
|  48|0x0000000083000000, 0x0000000083100000, 0x0000000083100000|100%| O|  |TAMS 0x0000000083100000, 0x0000000083000000| Untracked 
|  49|0x0000000083100000, 0x0000000083200000, 0x0000000083200000|100%| O|  |TAMS 0x0000000083200000, 0x0000000083100000| Untracked 
|  50|0x0000000083200000, 0x0000000083300000, 0x0000000083300000|100%| O|  |TAMS 0x0000000083300000, 0x0000000083200000| Untracked 
|  51|0x0000000083300000, 0x0000000083400000, 0x0000000083400000|100%|HS|  |TAMS 0x0000000083400000, 0x0000000083300000| Complete 
|  52|0x0000000083400000, 0x0000000083500000, 0x0000000083500000|100%| O|  |TAMS 0x0000000083500000, 0x0000000083400000| Untracked 
|  53|0x0000000083500000, 0x0000000083600000, 0x0000000083600000|100%| O|  |TAMS 0x0000000083600000, 0x0000000083500000| Untracked 
|  54|0x0000000083600000, 0x0000000083700000, 0x0000000083700000|100%| O|  |TAMS 0x0000000083700000, 0x0000000083600000| Untracked 
|  55|0x0000000083700000, 0x0000000083800000, 0x0000000083800000|100%| O|  |TAMS 0x0000000083800000, 0x0000000083700000| Untracked 
|  56|0x0000000083800000, 0x0000000083900000, 0x0000000083900000|100%| O|  |TAMS 0x0000000083900000, 0x0000000083800000| Untracked 
|  57|0x0000000083900000, 0x0000000083a00000, 0x0000000083a00000|100%| O|  |TAMS 0x0000000083a00000, 0x0000000083900000| Untracked 
|  58|0x0000000083a00000, 0x0000000083b00000, 0x0000000083b00000|100%|HS|  |TAMS 0x0000000083b00000, 0x0000000083a00000| Complete 
|  59|0x0000000083b00000, 0x0000000083c00000, 0x0000000083c00000|100%|HC|  |TAMS 0x0000000083c00000, 0x0000000083b00000| Complete 
|  60|0x0000000083c00000, 0x0000000083d00000, 0x0000000083d00000|100%| O|  |TAMS 0x0000000083d00000, 0x0000000083c00000| Untracked 
|  61|0x0000000083d00000, 0x0000000083e00000, 0x0000000083e00000|100%| O|  |TAMS 0x0000000083e00000, 0x0000000083d00000| Untracked 
|  62|0x0000000083e00000, 0x0000000083f00000, 0x0000000083f00000|100%| O|  |TAMS 0x0000000083f00000, 0x0000000083e00000| Untracked 
|  63|0x0000000083f00000, 0x0000000084000000, 0x0000000084000000|100%| O|  |TAMS 0x0000000084000000, 0x0000000083f00000| Untracked 
|  64|0x0000000084000000, 0x0000000084100000, 0x0000000084100000|100%| O|  |TAMS 0x0000000084100000, 0x0000000084000000| Untracked 
|  65|0x0000000084100000, 0x0000000084200000, 0x0000000084200000|100%| O|  |TAMS 0x0000000084200000, 0x0000000084100000| Untracked 
|  66|0x0000000084200000, 0x0000000084300000, 0x0000000084300000|100%| O|  |TAMS 0x0000000084300000, 0x0000000084200000| Untracked 
|  67|0x0000000084300000, 0x0000000084400000, 0x0000000084400000|100%| O|  |TAMS 0x0000000084400000, 0x0000000084300000| Untracked 
|  68|0x0000000084400000, 0x0000000084500000, 0x0000000084500000|100%| O|  |TAMS 0x0000000084500000, 0x0000000084400000| Untracked 
|  69|0x0000000084500000, 0x0000000084600000, 0x0000000084600000|100%| O|  |TAMS 0x0000000084600000, 0x0000000084500000| Untracked 
|  70|0x0000000084600000, 0x0000000084700000, 0x0000000084700000|100%| O|  |TAMS 0x0000000084700000, 0x0000000084600000| Untracked 
|  71|0x0000000084700000, 0x0000000084800000, 0x0000000084800000|100%| O|  |TAMS 0x0000000084800000, 0x0000000084700000| Untracked 
|  72|0x0000000084800000, 0x0000000084900000, 0x0000000084900000|100%| O|  |TAMS 0x0000000084900000, 0x0000000084800000| Untracked 
|  73|0x0000000084900000, 0x0000000084a00000, 0x0000000084a00000|100%| O|  |TAMS 0x0000000084a00000, 0x0000000084900000| Untracked 
|  74|0x0000000084a00000, 0x0000000084b00000, 0x0000000084b00000|100%| O|  |TAMS 0x0000000084b00000, 0x0000000084a00000| Untracked 
|  75|0x0000000084b00000, 0x0000000084c00000, 0x0000000084c00000|100%|HS|  |TAMS 0x0000000084c00000, 0x0000000084b00000| Complete 
|  76|0x0000000084c00000, 0x0000000084d00000, 0x0000000084d00000|100%|HC|  |TAMS 0x0000000084d00000, 0x0000000084c00000| Complete 
|  77|0x0000000084d00000, 0x0000000084d00000, 0x0000000084e00000|  0%| F|  |TAMS 0x0000000084d00000, 0x0000000084d00000| Untracked 
|  78|0x0000000084e00000, 0x0000000084f00000, 0x0000000084f00000|100%| O|  |TAMS 0x0000000084f00000, 0x0000000084e00000| Untracked 
|  79|0x0000000084f00000, 0x0000000085000000, 0x0000000085000000|100%| O|  |TAMS 0x0000000085000000, 0x0000000084f00000| Untracked 
|  80|0x0000000085000000, 0x0000000085000000, 0x0000000085100000|  0%| F|  |TAMS 0x0000000085000000, 0x0000000085000000| Untracked 
|  81|0x0000000085100000, 0x0000000085200000, 0x0000000085200000|100%| O|  |TAMS 0x0000000085200000, 0x0000000085100000| Untracked 
|  82|0x0000000085200000, 0x0000000085300000, 0x0000000085300000|100%| O|  |TAMS 0x0000000085300000, 0x0000000085200000| Untracked 
|  83|0x0000000085300000, 0x0000000085400000, 0x0000000085400000|100%| O|  |TAMS 0x0000000085400000, 0x0000000085300000| Untracked 
|  84|0x0000000085400000, 0x0000000085500000, 0x0000000085500000|100%| O|  |TAMS 0x0000000085500000, 0x0000000085400000| Untracked 
|  85|0x0000000085500000, 0x0000000085600000, 0x0000000085600000|100%| O|  |TAMS 0x0000000085600000, 0x0000000085500000| Untracked 
|  86|0x0000000085600000, 0x0000000085700000, 0x0000000085700000|100%| O|  |TAMS 0x00000000856b6a00, 0x0000000085600000| Untracked 
|  87|0x0000000085700000, 0x0000000085800000, 0x0000000085800000|100%| O|  |TAMS 0x0000000085700000, 0x0000000085700000| Untracked 
|  88|0x0000000085800000, 0x0000000085900000, 0x0000000085900000|100%| O|  |TAMS 0x0000000085800000, 0x0000000085800000| Untracked 
|  89|0x0000000085900000, 0x0000000085a00000, 0x0000000085a00000|100%| O|  |TAMS 0x0000000085900000, 0x0000000085900000| Untracked 
|  90|0x0000000085a00000, 0x0000000085b00000, 0x0000000085b00000|100%| O|  |TAMS 0x0000000085a00000, 0x0000000085a00000| Untracked 
|  91|0x0000000085b00000, 0x0000000085c00000, 0x0000000085c00000|100%| O|  |TAMS 0x0000000085b00000, 0x0000000085b00000| Untracked 
|  92|0x0000000085c00000, 0x0000000085d00000, 0x0000000085d00000|100%| O|  |TAMS 0x0000000085c00000, 0x0000000085c00000| Untracked 
|  93|0x0000000085d00000, 0x0000000085d16a00, 0x0000000085e00000|  8%| O|  |TAMS 0x0000000085d00000, 0x0000000085d00000| Untracked 
|  94|0x0000000085e00000, 0x0000000085e00000, 0x0000000085f00000|  0%| F|  |TAMS 0x0000000085e00000, 0x0000000085e00000| Untracked 
|  95|0x0000000085f00000, 0x0000000085f00000, 0x0000000086000000|  0%| F|  |TAMS 0x0000000085f00000, 0x0000000085f00000| Untracked 
|  96|0x0000000086000000, 0x0000000086000000, 0x0000000086100000|  0%| F|  |TAMS 0x0000000086000000, 0x0000000086000000| Untracked 
|  97|0x0000000086100000, 0x0000000086100000, 0x0000000086200000|  0%| F|  |TAMS 0x0000000086100000, 0x0000000086100000| Untracked 
|  98|0x0000000086200000, 0x0000000086200000, 0x0000000086300000|  0%| F|  |TAMS 0x0000000086200000, 0x0000000086200000| Untracked 
|  99|0x0000000086300000, 0x0000000086300000, 0x0000000086400000|  0%| F|  |TAMS 0x0000000086300000, 0x0000000086300000| Untracked 
| 100|0x0000000086400000, 0x0000000086400000, 0x0000000086500000|  0%| F|  |TAMS 0x0000000086400000, 0x0000000086400000| Untracked 
| 101|0x0000000086500000, 0x0000000086500000, 0x0000000086600000|  0%| F|  |TAMS 0x0000000086500000, 0x0000000086500000| Untracked 
| 102|0x0000000086600000, 0x0000000086600000, 0x0000000086700000|  0%| F|  |TAMS 0x0000000086600000, 0x0000000086600000| Untracked 
| 103|0x0000000086700000, 0x0000000086700000, 0x0000000086800000|  0%| F|  |TAMS 0x0000000086700000, 0x0000000086700000| Untracked 
| 104|0x0000000086800000, 0x0000000086800000, 0x0000000086900000|  0%| F|  |TAMS 0x0000000086800000, 0x0000000086800000| Untracked 
| 105|0x0000000086900000, 0x0000000086900000, 0x0000000086a00000|  0%| F|  |TAMS 0x0000000086900000, 0x0000000086900000| Untracked 
| 106|0x0000000086a00000, 0x0000000086a00000, 0x0000000086b00000|  0%| F|  |TAMS 0x0000000086a00000, 0x0000000086a00000| Untracked 
| 107|0x0000000086b00000, 0x0000000086b00000, 0x0000000086c00000|  0%| F|  |TAMS 0x0000000086b00000, 0x0000000086b00000| Untracked 
| 108|0x0000000086c00000, 0x0000000086c00000, 0x0000000086d00000|  0%| F|  |TAMS 0x0000000086c00000, 0x0000000086c00000| Untracked 
| 109|0x0000000086d00000, 0x0000000086d00000, 0x0000000086e00000|  0%| F|  |TAMS 0x0000000086d00000, 0x0000000086d00000| Untracked 
| 110|0x0000000086e00000, 0x0000000086e00000, 0x0000000086f00000|  0%| F|  |TAMS 0x0000000086e00000, 0x0000000086e00000| Untracked 
| 111|0x0000000086f00000, 0x0000000086f00000, 0x0000000087000000|  0%| F|  |TAMS 0x0000000086f00000, 0x0000000086f00000| Untracked 
| 112|0x0000000087000000, 0x0000000087000000, 0x0000000087100000|  0%| F|  |TAMS 0x0000000087000000, 0x0000000087000000| Untracked 
| 113|0x0000000087100000, 0x0000000087100000, 0x0000000087200000|  0%| F|  |TAMS 0x0000000087100000, 0x0000000087100000| Untracked 
| 114|0x0000000087200000, 0x0000000087200000, 0x0000000087300000|  0%| F|  |TAMS 0x0000000087200000, 0x0000000087200000| Untracked 
| 115|0x0000000087300000, 0x0000000087331ae8, 0x0000000087400000| 19%| S|CS|TAMS 0x0000000087300000, 0x0000000087300000| Complete 
| 116|0x0000000087400000, 0x0000000087500000, 0x0000000087500000|100%| S|CS|TAMS 0x0000000087400000, 0x0000000087400000| Complete 
| 117|0x0000000087500000, 0x0000000087600000, 0x0000000087600000|100%| S|CS|TAMS 0x0000000087500000, 0x0000000087500000| Complete 
| 118|0x0000000087600000, 0x0000000087700000, 0x0000000087700000|100%| S|CS|TAMS 0x0000000087600000, 0x0000000087600000| Complete 
| 119|0x0000000087700000, 0x0000000087800000, 0x0000000087800000|100%| S|CS|TAMS 0x0000000087700000, 0x0000000087700000| Complete 
| 120|0x0000000087800000, 0x0000000087800000, 0x0000000087900000|  0%| F|  |TAMS 0x0000000087800000, 0x0000000087800000| Untracked 
| 121|0x0000000087900000, 0x0000000087900000, 0x0000000087a00000|  0%| F|  |TAMS 0x0000000087900000, 0x0000000087900000| Untracked 
| 122|0x0000000087a00000, 0x0000000087a00000, 0x0000000087b00000|  0%| F|  |TAMS 0x0000000087a00000, 0x0000000087a00000| Untracked 
| 123|0x0000000087b00000, 0x0000000087b00000, 0x0000000087c00000|  0%| F|  |TAMS 0x0000000087b00000, 0x0000000087b00000| Untracked 
| 124|0x0000000087c00000, 0x0000000087c00000, 0x0000000087d00000|  0%| F|  |TAMS 0x0000000087c00000, 0x0000000087c00000| Untracked 
| 125|0x0000000087d00000, 0x0000000087d00000, 0x0000000087e00000|  0%| F|  |TAMS 0x0000000087d00000, 0x0000000087d00000| Untracked 
| 126|0x0000000087e00000, 0x0000000087e00000, 0x0000000087f00000|  0%| F|  |TAMS 0x0000000087e00000, 0x0000000087e00000| Untracked 
| 127|0x0000000087f00000, 0x0000000087f00000, 0x0000000088000000|  0%| F|  |TAMS 0x0000000087f00000, 0x0000000087f00000| Untracked 
| 128|0x0000000088000000, 0x0000000088000000, 0x0000000088100000|  0%| F|  |TAMS 0x0000000088000000, 0x0000000088000000| Untracked 
| 129|0x0000000088100000, 0x0000000088100000, 0x0000000088200000|  0%| F|  |TAMS 0x0000000088100000, 0x0000000088100000| Untracked 
| 130|0x0000000088200000, 0x0000000088200000, 0x0000000088300000|  0%| F|  |TAMS 0x0000000088200000, 0x0000000088200000| Untracked 
| 131|0x0000000088300000, 0x0000000088300000, 0x0000000088400000|  0%| F|  |TAMS 0x0000000088300000, 0x0000000088300000| Untracked 
| 132|0x0000000088400000, 0x0000000088400000, 0x0000000088500000|  0%| F|  |TAMS 0x0000000088400000, 0x0000000088400000| Untracked 
| 133|0x0000000088500000, 0x0000000088500000, 0x0000000088600000|  0%| F|  |TAMS 0x0000000088500000, 0x0000000088500000| Untracked 
| 134|0x0000000088600000, 0x0000000088600000, 0x0000000088700000|  0%| F|  |TAMS 0x0000000088600000, 0x0000000088600000| Untracked 
| 135|0x0000000088700000, 0x0000000088700000, 0x0000000088800000|  0%| F|  |TAMS 0x0000000088700000, 0x0000000088700000| Untracked 
| 136|0x0000000088800000, 0x0000000088800000, 0x0000000088900000|  0%| F|  |TAMS 0x0000000088800000, 0x0000000088800000| Untracked 
| 137|0x0000000088900000, 0x0000000088900000, 0x0000000088a00000|  0%| F|  |TAMS 0x0000000088900000, 0x0000000088900000| Untracked 
| 138|0x0000000088a00000, 0x0000000088a00000, 0x0000000088b00000|  0%| F|  |TAMS 0x0000000088a00000, 0x0000000088a00000| Untracked 
| 139|0x0000000088b00000, 0x0000000088b00000, 0x0000000088c00000|  0%| F|  |TAMS 0x0000000088b00000, 0x0000000088b00000| Untracked 
| 140|0x0000000088c00000, 0x0000000088c00000, 0x0000000088d00000|  0%| F|  |TAMS 0x0000000088c00000, 0x0000000088c00000| Untracked 
| 141|0x0000000088d00000, 0x0000000088d00000, 0x0000000088e00000|  0%| F|  |TAMS 0x0000000088d00000, 0x0000000088d00000| Untracked 
| 142|0x0000000088e00000, 0x0000000088e00000, 0x0000000088f00000|  0%| F|  |TAMS 0x0000000088e00000, 0x0000000088e00000| Untracked 
| 143|0x0000000088f00000, 0x0000000088f00000, 0x0000000089000000|  0%| F|  |TAMS 0x0000000088f00000, 0x0000000088f00000| Untracked 
| 144|0x0000000089000000, 0x0000000089000000, 0x0000000089100000|  0%| F|  |TAMS 0x0000000089000000, 0x0000000089000000| Untracked 
| 145|0x0000000089100000, 0x0000000089100000, 0x0000000089200000|  0%| F|  |TAMS 0x0000000089100000, 0x0000000089100000| Untracked 
| 146|0x0000000089200000, 0x0000000089200000, 0x0000000089300000|  0%| F|  |TAMS 0x0000000089200000, 0x0000000089200000| Untracked 
| 147|0x0000000089300000, 0x0000000089300000, 0x0000000089400000|  0%| F|  |TAMS 0x0000000089300000, 0x0000000089300000| Untracked 
| 148|0x0000000089400000, 0x0000000089400000, 0x0000000089500000|  0%| F|  |TAMS 0x0000000089400000, 0x0000000089400000| Untracked 
| 149|0x0000000089500000, 0x0000000089500000, 0x0000000089600000|  0%| F|  |TAMS 0x0000000089500000, 0x0000000089500000| Untracked 
| 150|0x0000000089600000, 0x0000000089600000, 0x0000000089700000|  0%| F|  |TAMS 0x0000000089600000, 0x0000000089600000| Untracked 
| 151|0x0000000089700000, 0x0000000089700000, 0x0000000089800000|  0%| F|  |TAMS 0x0000000089700000, 0x0000000089700000| Untracked 
| 152|0x0000000089800000, 0x0000000089800000, 0x0000000089900000|  0%| F|  |TAMS 0x0000000089800000, 0x0000000089800000| Untracked 
| 153|0x0000000089900000, 0x0000000089900000, 0x0000000089a00000|  0%| F|  |TAMS 0x0000000089900000, 0x0000000089900000| Untracked 
| 154|0x0000000089a00000, 0x0000000089a00000, 0x0000000089b00000|  0%| F|  |TAMS 0x0000000089a00000, 0x0000000089a00000| Untracked 

Card table byte_map: [0x000001c58f000000,0x000001c58f400000] _byte_map_base: 0x000001c58ec00000

Marking Bits (Prev, Next): (CMBitMap*) 0x000001c5f8106f70, (CMBitMap*) 0x000001c5f8106fb0
 Prev Bits: [0x000001c58f800000, 0x000001c591800000)
 Next Bits: [0x000001c591800000, 0x000001c593800000)

Polling page: 0x000001c5f7870000

Metaspace:

Usage:
  Non-class:     68.46 MB used.
      Class:     10.93 MB used.
       Both:     79.39 MB used.

Virtual space:
  Non-class space:      128.00 MB reserved,      69.38 MB ( 54%) committed,  2 nodes.
      Class space:      412.00 MB reserved,      11.88 MB (  3%) committed,  1 nodes.
             Both:      540.00 MB reserved,      81.25 MB ( 15%) committed. 

Chunk freelists:
   Non-Class:  2.12 MB
       Class:  82.00 KB
        Both:  2.21 MB

MaxMetaspaceSize: 512.00 MB
CompressedClassSpaceSize: 412.00 MB
Initial GC threshold: 21.00 MB
Current GC threshold: 133.06 MB
CDS: on
MetaspaceReclaimPolicy: balanced
 - commit_granule_bytes: 65536.
 - commit_granule_words: 8192.
 - virtual_space_node_default_size: 8388608.
 - enlarge_chunks_in_place: 1.
 - new_chunks_are_fully_committed: 0.
 - uncommit_free_chunks: 1.
 - use_allocation_guard: 0.


Internal statistics:

num_allocs_failed_limit: 12.
num_arena_births: 3452.
num_arena_deaths: 0.
num_vsnodes_births: 3.
num_vsnodes_deaths: 0.
num_space_committed: 1300.
num_space_uncommitted: 0.
num_chunks_returned_to_freelist: 12.
num_chunks_taken_from_freelist: 7226.
num_chunk_merges: 12.
num_chunk_splits: 4712.
num_chunks_enlarged: 2983.
num_inconsistent_stats: 0.

CodeHeap 'non-profiled nmethods': size=120000Kb used=5097Kb max_used=5097Kb free=114902Kb
 bounds [0x000001c587ad0000, 0x000001c587fd0000, 0x000001c58f000000]
CodeHeap 'profiled nmethods': size=120000Kb used=19548Kb max_used=19548Kb free=100451Kb
 bounds [0x000001c5805a0000, 0x000001c5818c0000, 0x000001c587ad0000]
CodeHeap 'non-nmethods': size=5760Kb used=2408Kb max_used=2459Kb free=3351Kb
 bounds [0x000001c580000000, 0x000001c580280000, 0x000001c5805a0000]
 total_blobs=10906 nmethods=9974 adapters=844
 compilation: enabled
              stopped_count=0, restarted_count=0
 full_count=0

Compilation events (20 events):
Event: 85.826 Thread 0x000001c595a654e0 11577       1       com.google.common.cache.CacheBuilder$3::read (2 bytes)
Event: 85.826 Thread 0x000001c595a654e0 nmethod 11577 0x000001c587fc9590 code [0x000001c587fc9720, 0x000001c587fc97f8]
Event: 85.826 Thread 0x000001c595a654e0 11578       1       com.google.common.cache.LocalCache$2::offer (2 bytes)
Event: 85.826 Thread 0x000001c595a654e0 nmethod 11578 0x000001c587fc9890 code [0x000001c587fc9a20, 0x000001c587fc9af8]
Event: 85.827 Thread 0x000001c595a654e0 11579       3       com.google.common.collect.ImmutableSet$RegularSetBuilderImpl::add (68 bytes)
Event: 85.827 Thread 0x000001c595a654e0 nmethod 11579 0x000001c5818b5790 code [0x000001c5818b59a0, 0x000001c5818b5eb8]
Event: 85.827 Thread 0x000001c595a654e0 11580       3       com.google.common.collect.ImmutableSet$SetBuilderImpl::ensureCapacity (32 bytes)
Event: 85.827 Thread 0x000001c595a654e0 nmethod 11580 0x000001c5818b6110 code [0x000001c5818b62e0, 0x000001c5818b6598]
Event: 85.828 Thread 0x000001c59e5a20b0 nmethod 11576 0x000001c587fc9b90 code [0x000001c587fc9d40, 0x000001c587fc9fc8]
Event: 85.829 Thread 0x000001c595a654e0 11581       3       org.objectweb.asm.ClassWriter::visitMethod (57 bytes)
Event: 85.829 Thread 0x000001c595a654e0 nmethod 11581 0x000001c5818b6710 code [0x000001c5818b68c0, 0x000001c5818b6c28]
Event: 85.829 Thread 0x000001c595a654e0 11582       3       org.objectweb.asm.commons.GeneratorAdapter::<init> (15 bytes)
Event: 85.829 Thread 0x000001c595a654e0 nmethod 11582 0x000001c5818b6d90 code [0x000001c5818b6f40, 0x000001c5818b70c8]
Event: 85.830 Thread 0x000001c595a654e0 11583       3       org.gradle.internal.instantiation.generator.AbstractClassGenerator$ExtensibleTypePropertyHandler::applyTo (95 bytes)
Event: 85.831 Thread 0x000001c595a654e0 nmethod 11583 0x000001c5818b7190 code [0x000001c5818b73e0, 0x000001c5818b7e28]
Event: 85.835 Thread 0x000001c59e5a20b0 11584       4       java.nio.ByteBuffer::limit (8 bytes)
Event: 85.836 Thread 0x000001c59e5a20b0 nmethod 11584 0x000001c587fca210 code [0x000001c587fca380, 0x000001c587fca478]
Event: 85.841 Thread 0x000001c595a654e0 11585       3       org.objectweb.asm.SymbolTable::hash (15 bytes)
Event: 85.841 Thread 0x000001c595a654e0 nmethod 11585 0x000001c5818b8210 code [0x000001c5818b83c0, 0x000001c5818b8558]
Event: 85.841 Thread 0x000001c59e5a20b0 11586       4       org.gradle.internal.instantiation.generator.AbstractClassGenerator$ClassMetadata::property (42 bytes)

GC Heap History (20 events):
Event: 25.704 GC heap after
{Heap after GC invocations=23 (full 0):
 garbage-first heap   total 156672K, used 51066K [0x0000000080000000, 0x0000000100000000)
  region size 1024K, 1 young (1024K), 1 survivors (1024K)
 Metaspace       used 56225K, committed 57920K, reserved 487424K
  class space    used 7899K, committed 8768K, reserved 421888K
}
Event: 27.255 GC heap before
{Heap before GC invocations=23 (full 0):
 garbage-first heap   total 156672K, used 109434K [0x0000000080000000, 0x0000000100000000)
  region size 1024K, 58 young (59392K), 1 survivors (1024K)
 Metaspace       used 60609K, committed 62336K, reserved 487424K
  class space    used 8534K, committed 9408K, reserved 421888K
}
Event: 27.267 GC heap after
{Heap after GC invocations=24 (full 0):
 garbage-first heap   total 156672K, used 55725K [0x0000000080000000, 0x0000000100000000)
  region size 1024K, 5 young (5120K), 5 survivors (5120K)
 Metaspace       used 60609K, committed 62336K, reserved 487424K
  class space    used 8534K, committed 9408K, reserved 421888K
}
Event: 28.729 GC heap before
{Heap before GC invocations=24 (full 0):
 garbage-first heap   total 156672K, used 115117K [0x0000000080000000, 0x0000000100000000)
  region size 1024K, 62 young (63488K), 5 survivors (5120K)
 Metaspace       used 64429K, committed 66176K, reserved 487424K
  class space    used 8998K, committed 9856K, reserved 421888K
}
Event: 28.743 GC heap after
{Heap after GC invocations=25 (full 0):
 garbage-first heap   total 156672K, used 65801K [0x0000000080000000, 0x0000000100000000)
  region size 1024K, 8 young (8192K), 8 survivors (8192K)
 Metaspace       used 64429K, committed 66176K, reserved 487424K
  class space    used 8998K, committed 9856K, reserved 421888K
}
Event: 30.132 GC heap before
{Heap before GC invocations=25 (full 0):
 garbage-first heap   total 156672K, used 126217K [0x0000000080000000, 0x0000000100000000)
  region size 1024K, 58 young (59392K), 8 survivors (8192K)
 Metaspace       used 70543K, committed 72384K, reserved 487424K
  class space    used 9704K, committed 10624K, reserved 421888K
}
Event: 30.143 GC heap after
{Heap after GC invocations=26 (full 0):
 garbage-first heap   total 156672K, used 74935K [0x0000000080000000, 0x0000000100000000)
  region size 1024K, 7 young (7168K), 7 survivors (7168K)
 Metaspace       used 70543K, committed 72384K, reserved 487424K
  class space    used 9704K, committed 10624K, reserved 421888K
}
Event: 30.948 GC heap before
{Heap before GC invocations=26 (full 0):
 garbage-first heap   total 156672K, used 118967K [0x0000000080000000, 0x0000000100000000)
  region size 1024K, 51 young (52224K), 7 survivors (7168K)
 Metaspace       used 74213K, committed 76032K, reserved 552960K
  class space    used 10157K, committed 11072K, reserved 421888K
}
Event: 30.957 GC heap after
{Heap after GC invocations=27 (full 0):
 garbage-first heap   total 156672K, used 80178K [0x0000000080000000, 0x0000000100000000)
  region size 1024K, 5 young (5120K), 5 survivors (5120K)
 Metaspace       used 74213K, committed 76032K, reserved 552960K
  class space    used 10157K, committed 11072K, reserved 421888K
}
Event: 31.660 GC heap before
{Heap before GC invocations=28 (full 0):
 garbage-first heap   total 157696K, used 124210K [0x0000000080000000, 0x0000000100000000)
  region size 1024K, 46 young (47104K), 5 survivors (5120K)
 Metaspace       used 75174K, committed 77056K, reserved 552960K
  class space    used 10283K, committed 11200K, reserved 421888K
}
Event: 31.671 GC heap after
{Heap after GC invocations=29 (full 0):
 garbage-first heap   total 157696K, used 88226K [0x0000000080000000, 0x0000000100000000)
  region size 1024K, 6 young (6144K), 6 survivors (6144K)
 Metaspace       used 75174K, committed 77056K, reserved 552960K
  class space    used 10283K, committed 11200K, reserved 421888K
}
Event: 31.694 GC heap before
{Heap before GC invocations=29 (full 0):
 garbage-first heap   total 157696K, used 89250K [0x0000000080000000, 0x0000000100000000)
  region size 1024K, 7 young (7168K), 6 survivors (6144K)
 Metaspace       used 75253K, committed 77184K, reserved 552960K
  class space    used 10300K, committed 11264K, reserved 421888K
}
Event: 31.701 GC heap after
{Heap after GC invocations=30 (full 0):
 garbage-first heap   total 157696K, used 88565K [0x0000000080000000, 0x0000000100000000)
  region size 1024K, 1 young (1024K), 1 survivors (1024K)
 Metaspace       used 75253K, committed 77184K, reserved 552960K
  class space    used 10300K, committed 11264K, reserved 421888K
}
Event: 32.521 GC heap before
{Heap before GC invocations=30 (full 0):
 garbage-first heap   total 157696K, used 125429K [0x0000000080000000, 0x0000000100000000)
  region size 1024K, 38 young (38912K), 1 survivors (1024K)
 Metaspace       used 79477K, committed 81344K, reserved 552960K
  class space    used 11024K, committed 11968K, reserved 421888K
}
Event: 32.529 GC heap after
{Heap after GC invocations=31 (full 0):
 garbage-first heap   total 157696K, used 90086K [0x0000000080000000, 0x0000000100000000)
  region size 1024K, 3 young (3072K), 3 survivors (3072K)
 Metaspace       used 79477K, committed 81344K, reserved 552960K
  class space    used 11024K, committed 11968K, reserved 421888K
}
Event: 85.004 GC heap before
{Heap before GC invocations=32 (full 0):
 garbage-first heap   total 158720K, used 127974K [0x0000000080000000, 0x0000000100000000)
  region size 1024K, 40 young (40960K), 3 survivors (3072K)
 Metaspace       used 80612K, committed 82624K, reserved 552960K
  class space    used 11149K, committed 12160K, reserved 421888K
}
Event: 85.015 GC heap after
{Heap after GC invocations=33 (full 0):
 garbage-first heap   total 158720K, used 93934K [0x0000000080000000, 0x0000000100000000)
  region size 1024K, 5 young (5120K), 5 survivors (5120K)
 Metaspace       used 80612K, committed 82624K, reserved 552960K
  class space    used 11149K, committed 12160K, reserved 421888K
}
Event: 85.053 GC heap before
{Heap before GC invocations=33 (full 0):
 garbage-first heap   total 158720K, used 95982K [0x0000000080000000, 0x0000000100000000)
  region size 1024K, 7 young (7168K), 5 survivors (5120K)
 Metaspace       used 80644K, committed 82624K, reserved 552960K
  class space    used 11149K, committed 12160K, reserved 421888K
}
Event: 85.062 GC heap after
{Heap after GC invocations=34 (full 0):
 garbage-first heap   total 158720K, used 94100K [0x0000000080000000, 0x0000000100000000)
  region size 1024K, 1 young (1024K), 1 survivors (1024K)
 Metaspace       used 80644K, committed 82624K, reserved 552960K
  class space    used 11149K, committed 12160K, reserved 421888K
}
Event: 85.844 GC heap before
{Heap before GC invocations=34 (full 0):
 garbage-first heap   total 158720K, used 127892K [0x0000000080000000, 0x0000000100000000)
  region size 1024K, 35 young (35840K), 1 survivors (1024K)
 Metaspace       used 81292K, committed 83200K, reserved 552960K
  class space    used 11190K, committed 12160K, reserved 421888K
}

Deoptimization events (20 events):
Event: 84.863 Thread 0x000001c59aeee320 DEOPT PACKING pc=0x000001c58096701d sp=0x00000017d52f6b30
Event: 84.863 Thread 0x000001c59aeee320 DEOPT UNPACKING pc=0x000001c580052b43 sp=0x00000017d52f6058 mode 0
Event: 85.246 Thread 0x000001c59aeee320 Uncommon trap: trap_request=0xffffffd6 fr.pc=0x000001c587fa1108 relative=0x0000000000000368
Event: 85.246 Thread 0x000001c59aeee320 Uncommon trap: reason=array_check action=maybe_recompile pc=0x000001c587fa1108 method=java.util.LinkedHashMap.keysToArray([Ljava/lang/Object;)[Ljava/lang/Object; @ 25 c2
Event: 85.247 Thread 0x000001c59aeee320 DEOPT PACKING pc=0x000001c587fa1108 sp=0x00000017d52f67b0
Event: 85.247 Thread 0x000001c59aeee320 DEOPT UNPACKING pc=0x000001c5800523a3 sp=0x00000017d52f6758 mode 2
Event: 85.264 Thread 0x000001c59aeee320 DEOPT PACKING pc=0x000001c580966fb5 sp=0x00000017d52f6e60
Event: 85.264 Thread 0x000001c59aeee320 DEOPT UNPACKING pc=0x000001c580052b43 sp=0x00000017d52f6388 mode 0
Event: 85.293 Thread 0x000001c59aeec640 Uncommon trap: trap_request=0xffffffc6 fr.pc=0x000001c587e84858 relative=0x0000000000000598
Event: 85.294 Thread 0x000001c59aeec640 Uncommon trap: reason=bimorphic_or_optimized_type_check action=maybe_recompile pc=0x000001c587e84858 method=org.gradle.internal.snapshot.ChildMap$Entry.handleAncestorDescendantOrExactMatch(Lorg/gradle/internal/snapshot/VfsRelativePath;Lorg/gradle/internal
Event: 85.294 Thread 0x000001c59aeec640 DEOPT PACKING pc=0x000001c587e84858 sp=0x00000017d5bfe940
Event: 85.294 Thread 0x000001c59aeec640 DEOPT UNPACKING pc=0x000001c5800523a3 sp=0x00000017d5bfe8f0 mode 2
Event: 85.425 Thread 0x000001c59aeee320 Uncommon trap: trap_request=0xffffff45 fr.pc=0x000001c587d88298 relative=0x0000000000000178
Event: 85.425 Thread 0x000001c59aeee320 Uncommon trap: reason=unstable_if action=reinterpret pc=0x000001c587d88298 method=org.gradle.internal.snapshot.VfsRelativePath.isPrefix(Ljava/lang/String;ILjava/lang/String;ILorg/gradle/internal/snapshot/CaseSensitivity;)Z @ 101 c2
Event: 85.425 Thread 0x000001c59aeee320 DEOPT PACKING pc=0x000001c587d88298 sp=0x00000017d52f8de0
Event: 85.425 Thread 0x000001c59aeee320 DEOPT UNPACKING pc=0x000001c5800523a3 sp=0x00000017d52f8d68 mode 2
Event: 85.592 Thread 0x000001c59d387ed0 DEOPT PACKING pc=0x000001c5814b4ba7 sp=0x00000017d65feda0
Event: 85.592 Thread 0x000001c59d387ed0 DEOPT UNPACKING pc=0x000001c580052b43 sp=0x00000017d65fe268 mode 0
Event: 85.802 Thread 0x000001c59aeee320 DEOPT PACKING pc=0x000001c581651288 sp=0x00000017d52f7740
Event: 85.802 Thread 0x000001c59aeee320 DEOPT UNPACKING pc=0x000001c580052b43 sp=0x00000017d52f6c40 mode 0

Classes loaded (20 events):
Event: 32.992 Loading class java/io/ObjectStreamClass$1
Event: 32.992 Loading class java/io/ObjectStreamClass$1 done
Event: 32.993 Loading class java/io/ObjectStreamClass$MemberSignature
Event: 32.993 Loading class java/io/ObjectStreamClass$MemberSignature done
Event: 32.993 Loading class java/io/ObjectStreamClass$3
Event: 32.993 Loading class java/io/ObjectStreamClass$3 done
Event: 32.993 Loading class java/io/ObjectStreamClass$4
Event: 32.993 Loading class java/io/ObjectStreamClass$4 done
Event: 32.993 Loading class java/io/ObjectStreamClass$5
Event: 32.993 Loading class java/io/ObjectStreamClass$5 done
Event: 32.999 Loading class java/net/UrlDeserializedState
Event: 33.000 Loading class java/net/UrlDeserializedState done
Event: 33.000 Loading class java/net/Proxy
Event: 33.001 Loading class java/net/Proxy done
Event: 33.001 Loading class java/lang/invoke/WrongMethodTypeException
Event: 33.001 Loading class java/lang/invoke/WrongMethodTypeException done
Event: 33.003 Loading class java/lang/Throwable$WrappedPrintWriter
Event: 33.003 Loading class java/lang/Throwable$WrappedPrintWriter done
Event: 75.830 Loading class jdk/internal/access/foreign/MemorySegmentProxy
Event: 75.830 Loading class jdk/internal/access/foreign/MemorySegmentProxy done

Classes unloaded (0 events):
No events

Classes redefined (0 events):
No events

Internal exceptions (20 events):
Event: 32.704 Thread 0x000001c59aeee320 Exception <a 'java/lang/NoSuchMethodError'{0x0000000089623ec0}: 'void java.lang.invoke.DirectMethodHandle$Holder.invokeInterface(java.lang.Object, java.lang.Object, java.lang.Object, int)'> (0x0000000089623ec0) 
thrown [s\open\src\hotspot\share\interpreter\linkResolver.cpp, line 759]
Event: 32.705 Thread 0x000001c59aeee320 Exception <a 'java/lang/IncompatibleClassChangeError'{0x0000000089627a08}: Found class java.lang.Object, but interface was expected> (0x0000000089627a08) 
thrown [s\open\src\hotspot\share\interpreter\linkResolver.cpp, line 826]
Event: 32.705 Thread 0x000001c59aeee320 Exception <a 'java/lang/NoSuchMethodError'{0x000000008962c070}: 'void java.lang.invoke.DelegatingMethodHandle$Holder.reinvoke_L(java.lang.Object, java.lang.Object, java.lang.Object, int)'> (0x000000008962c070) 
thrown [s\open\src\hotspot\share\interpreter\linkResolver.cpp, line 759]
Event: 32.805 Thread 0x000001c59aeee320 Exception <a 'java/lang/IncompatibleClassChangeError'{0x0000000089a220a8}: Found class java.lang.Object, but interface was expected> (0x0000000089a220a8) 
thrown [s\open\src\hotspot\share\interpreter\linkResolver.cpp, line 826]
Event: 32.881 Thread 0x000001c59aeee320 Exception <a 'java/lang/IncompatibleClassChangeError'{0x0000000089ad4f58}: Found class java.lang.Object, but interface was expected> (0x0000000089ad4f58) 
thrown [s\open\src\hotspot\share\interpreter\linkResolver.cpp, line 826]
Event: 32.887 Thread 0x000001c59aeee320 Exception <a 'java/lang/NoSuchMethodError'{0x0000000089af02b0}: 'long java.lang.invoke.DirectMethodHandle$Holder.invokeSpecial(java.lang.Object, java.lang.Object)'> (0x0000000089af02b0) 
thrown [s\open\src\hotspot\share\interpreter\linkResolver.cpp, line 759]
Event: 32.888 Thread 0x000001c59aeee320 Exception <a 'java/lang/NoSuchMethodError'{0x0000000089af3e98}: 'long java.lang.invoke.Invokers$Holder.invokeExact_MT(java.lang.Object, java.lang.Object)'> (0x0000000089af3e98) 
thrown [s\open\src\hotspot\share\interpreter\linkResolver.cpp, line 759]
Event: 32.993 Thread 0x000001c59b5df640 Exception <a 'java/lang/NoSuchMethodError'{0x0000000089237528}: static Lorg/gradle/tooling/internal/provider/serialization/ClassLoaderDetails;.<clinit>()V> (0x0000000089237528) 
thrown [s\open\src\hotspot\share\prims\jni.cpp, line 1104]
Event: 32.995 Thread 0x000001c59b5df640 Exception <a 'java/lang/NoSuchMethodError'{0x00000000892496e0}: static Lorg/gradle/tooling/internal/provider/serialization/WellKnownClassLoaderRegistry$KnownClassLoaderSpec;.<clinit>()V> (0x00000000892496e0) 
thrown [s\open\src\hotspot\share\prims\jni.cpp, line 1104]
Event: 32.995 Thread 0x000001c59b5df640 Exception <a 'java/lang/NoSuchMethodError'{0x000000008924ad58}: static Lorg/gradle/internal/classloader/ClassLoaderSpec;.<clinit>()V> (0x000000008924ad58) 
thrown [s\open\src\hotspot\share\prims\jni.cpp, line 1104]
Event: 32.997 Thread 0x000001c59b5df640 Exception <a 'java/lang/NoSuchMethodError'{0x000000008925d150}: static Lorg/gradle/internal/classloader/ClassLoaderSpec;.<clinit>()V> (0x000000008925d150) 
thrown [s\open\src\hotspot\share\prims\jni.cpp, line 1104]
Event: 32.999 Thread 0x000001c59b5df640 Exception <a 'java/lang/NoSuchMethodError'{0x00000000892690f8}: static Lorg/gradle/internal/classloader/VisitableURLClassLoader$Spec;.<clinit>()V> (0x00000000892690f8) 
thrown [s\open\src\hotspot\share\prims\jni.cpp, line 1104]
Event: 33.001 Thread 0x000001c59b5df640 Exception <a 'java/io/IOException'{0x0000000089274258}: Connection reset by peer> (0x0000000089274258) 
thrown [s\open\src\hotspot\share\prims\jni.cpp, line 535]
Event: 33.006 Thread 0x000001c59b5df640 Exception <a 'java/io/IOException'{0x00000000892b3740}: Connection reset by peer> (0x00000000892b3740) 
thrown [s\open\src\hotspot\share\prims\jni.cpp, line 535]
Event: 33.007 Thread 0x000001c59b5df640 Exception <a 'java/io/IOException'{0x00000000892b8020}: Connection reset by peer> (0x00000000892b8020) 
thrown [s\open\src\hotspot\share\prims\jni.cpp, line 535]
Event: 75.842 Thread 0x000001c59aeee320 Exception <a 'java/lang/IncompatibleClassChangeError'{0x0000000089477958}: Found class java.lang.Object, but interface was expected> (0x0000000089477958) 
thrown [s\open\src\hotspot\share\interpreter\linkResolver.cpp, line 826]
Event: 85.636 Thread 0x000001c59aeee320 Exception <a 'sun/nio/fs/WindowsException'{0x00000000880deaa8}> (0x00000000880deaa8) 
thrown [s\open\src\hotspot\share\prims\jni.cpp, line 516]
Event: 85.729 Thread 0x000001c59aeee320 Exception <a 'java/lang/NoClassDefFoundError'{0x0000000087dd3e00}: org/jetbrains/kotlin/gradle/plugin/KotlinBasePluginWrapper> (0x0000000087dd3e00) 
thrown [s\open\src\hotspot\share\oops\constantPool.cpp, line 836]
Event: 85.761 Thread 0x000001c59aeee320 Exception <a 'java/lang/ClassNotFoundException'{0x0000000087b02a88}: build_86iiv9ph0388ujrzcez1mfwvfBeanInfo> (0x0000000087b02a88) 
thrown [s\open\src\hotspot\share\classfile\systemDictionary.cpp, line 255]
Event: 85.762 Thread 0x000001c59aeee320 Exception <a 'java/lang/ClassNotFoundException'{0x0000000087b090a8}: build_86iiv9ph0388ujrzcez1mfwvfCustomizer> (0x0000000087b090a8) 
thrown [s\open\src\hotspot\share\classfile\systemDictionary.cpp, line 255]

VM Operations (20 events):
Event: 59.252 Executing VM operation: Cleanup done
Event: 64.301 Executing VM operation: Cleanup
Event: 64.301 Executing VM operation: Cleanup done
Event: 73.387 Executing VM operation: Cleanup
Event: 73.387 Executing VM operation: Cleanup done
Event: 76.406 Executing VM operation: Cleanup
Event: 76.407 Executing VM operation: Cleanup done
Event: 79.434 Executing VM operation: Cleanup
Event: 79.435 Executing VM operation: Cleanup done
Event: 84.858 Executing VM operation: ICBufferFull
Event: 84.858 Executing VM operation: ICBufferFull done
Event: 85.004 Executing VM operation: G1CollectForAllocation
Event: 85.015 Executing VM operation: G1CollectForAllocation done
Event: 85.053 Executing VM operation: G1CollectForAllocation
Event: 85.062 Executing VM operation: G1CollectForAllocation done
Event: 85.316 Executing VM operation: ICBufferFull
Event: 85.330 Executing VM operation: ICBufferFull done
Event: 85.680 Executing VM operation: ICBufferFull
Event: 85.680 Executing VM operation: ICBufferFull done
Event: 85.844 Executing VM operation: G1CollectForAllocation

Events (20 events):
Event: 84.826 Thread 0x000001c59e7d82d0 Thread added: 0x000001c59e7d82d0
Event: 84.826 Thread 0x000001c59e7d6ac0 Thread added: 0x000001c59e7d6ac0
Event: 84.826 Thread 0x000001c59e7dae20 Thread added: 0x000001c59e7dae20
Event: 84.827 Thread 0x000001c59e7db2f0 Thread added: 0x000001c59e7db2f0
Event: 84.827 Thread 0x000001c59e7db7c0 Thread added: 0x000001c59e7db7c0
Event: 84.827 Thread 0x000001c59e7dbc90 Thread added: 0x000001c59e7dbc90
Event: 84.848 Thread 0x000001c59e7dc160 Thread added: 0x000001c59e7dc160
Event: 84.950 Thread 0x000001c59d38a550 Thread added: 0x000001c59d38a550
Event: 85.270 Thread 0x000001c59d38d0a0 Thread added: 0x000001c59d38d0a0
Event: 85.276 Thread 0x000001c59d38d570 Thread added: 0x000001c59d38d570
Event: 85.278 Thread 0x000001c59d38df10 Thread added: 0x000001c59d38df10
Event: 85.278 Thread 0x000001c59d387060 Thread added: 0x000001c59d387060
Event: 85.281 Thread 0x000001c59d3883a0 Thread added: 0x000001c59d3883a0
Event: 85.299 Thread 0x000001c59d38aef0 Thread added: 0x000001c59d38aef0
Event: 85.300 Thread 0x000001c59d38b3c0 Thread added: 0x000001c59d38b3c0
Event: 85.300 Thread 0x000001c59d38c700 Thread added: 0x000001c59d38c700
Event: 85.300 Thread 0x000001c59d38e3e0 Thread added: 0x000001c59d38e3e0
Event: 85.315 Thread 0x000001c59d38b890 Thread added: 0x000001c59d38b890
Event: 85.315 Thread 0x000001c59d38bd60 Thread added: 0x000001c59d38bd60
Event: 85.315 Thread 0x000001c59d38c230 Thread added: 0x000001c59d38c230


Dynamic libraries:
0x00007ff604ac0000 - 0x00007ff604ad0000 	C:\Program Files\Java\jdk-18.0.2.1\bin\java.exe
0x00007ffdbaf30000 - 0x00007ffdbb128000 	C:\Windows\SYSTEM32\ntdll.dll
0x00007ffdb97b0000 - 0x00007ffdb986f000 	C:\Windows\System32\KERNEL32.DLL
0x00007ffdb8640000 - 0x00007ffdb8936000 	C:\Windows\System32\KERNELBASE.dll
0x00007ffdb8b80000 - 0x00007ffdb8c80000 	C:\Windows\System32\ucrtbase.dll
0x00007ffd9d0b0000 - 0x00007ffd9d0ca000 	C:\Program Files\Java\jdk-18.0.2.1\bin\VCRUNTIME140.dll
0x00007ffd9d090000 - 0x00007ffd9d0a8000 	C:\Program Files\Java\jdk-18.0.2.1\bin\jli.dll
0x00007ffdba3f0000 - 0x00007ffdba49f000 	C:\Windows\System32\ADVAPI32.dll
0x00007ffdb9980000 - 0x00007ffdb9a1e000 	C:\Windows\System32\msvcrt.dll
0x00007ffdb9710000 - 0x00007ffdb97ac000 	C:\Windows\System32\sechost.dll
0x00007ffdba4a0000 - 0x00007ffdba5c6000 	C:\Windows\System32\RPCRT4.dll
0x00007ffdb90e0000 - 0x00007ffdb927d000 	C:\Windows\System32\USER32.dll
0x00007ffdb8610000 - 0x00007ffdb8632000 	C:\Windows\System32\win32u.dll
0x00007ffdb9410000 - 0x00007ffdb943c000 	C:\Windows\System32\GDI32.dll
0x00007ffdb89e0000 - 0x00007ffdb8af5000 	C:\Windows\System32\gdi32full.dll
0x00007ffdb8940000 - 0x00007ffdb89dd000 	C:\Windows\System32\msvcp_win.dll
0x00007ffda8a30000 - 0x00007ffda8cca000 	C:\Windows\WinSxS\amd64_microsoft.windows.common-controls_6595b64144ccf1df_6.0.19041.1110_none_60b5254171f9507e\COMCTL32.dll
0x00007ffdaf8f0000 - 0x00007ffdaf8fa000 	C:\Windows\SYSTEM32\VERSION.dll
0x00007ffdbaec0000 - 0x00007ffdbaef0000 	C:\Windows\System32\IMM32.DLL
0x00007ffdae230000 - 0x00007ffdae23c000 	C:\Program Files\Java\jdk-18.0.2.1\bin\vcruntime140_1.dll
0x00007ffd8d110000 - 0x00007ffd8d19d000 	C:\Program Files\Java\jdk-18.0.2.1\bin\msvcp140.dll
0x00007ffd53170000 - 0x00007ffd53d81000 	C:\Program Files\Java\jdk-18.0.2.1\bin\server\jvm.dll
0x00007ffdb9440000 - 0x00007ffdb9448000 	C:\Windows\System32\PSAPI.DLL
0x00007ffda87a0000 - 0x00007ffda87a9000 	C:\Windows\SYSTEM32\WSOCK32.dll
0x00007ffdb9910000 - 0x00007ffdb997b000 	C:\Windows\System32\WS2_32.dll
0x00007ffda6d40000 - 0x00007ffda6d67000 	C:\Windows\SYSTEM32\WINMM.dll
0x00007ffdb6e80000 - 0x00007ffdb6e92000 	C:\Windows\SYSTEM32\kernel.appcore.dll
0x00007ffda0cf0000 - 0x00007ffda0cfa000 	C:\Program Files\Java\jdk-18.0.2.1\bin\jimage.dll
0x00007ffda6dc0000 - 0x00007ffda6fa4000 	C:\Windows\SYSTEM32\DBGHELP.DLL
0x00007ffda6b40000 - 0x00007ffda6b74000 	C:\Windows\SYSTEM32\dbgcore.DLL
0x00007ffdb8f00000 - 0x00007ffdb8f82000 	C:\Windows\System32\bcryptPrimitives.dll
0x00007ffd93340000 - 0x00007ffd93365000 	C:\Program Files\Java\jdk-18.0.2.1\bin\java.dll
0x00007ffd7c770000 - 0x00007ffd7c846000 	C:\Program Files\Java\jdk-18.0.2.1\bin\jsvml.dll
0x00007ffdb9ca0000 - 0x00007ffdba3e4000 	C:\Windows\System32\SHELL32.dll
0x00007ffdb65f0000 - 0x00007ffdb6d84000 	C:\Windows\SYSTEM32\windows.storage.dll
0x00007ffdbab60000 - 0x00007ffdbaeb4000 	C:\Windows\System32\combase.dll
0x00007ffdb7f80000 - 0x00007ffdb7fae000 	C:\Windows\SYSTEM32\Wldp.dll
0x00007ffdb9520000 - 0x00007ffdb95cd000 	C:\Windows\System32\SHCORE.dll
0x00007ffdb9080000 - 0x00007ffdb90d5000 	C:\Windows\System32\shlwapi.dll
0x00007ffdb8540000 - 0x00007ffdb8565000 	C:\Windows\SYSTEM32\profapi.dll
0x00007ffd9cfb0000 - 0x00007ffd9cfc3000 	C:\Program Files\Java\jdk-18.0.2.1\bin\net.dll
0x00007ffdac5c0000 - 0x00007ffdac6ca000 	C:\Windows\SYSTEM32\WINHTTP.dll
0x00007ffdb7ce0000 - 0x00007ffdb7d4a000 	C:\Windows\system32\mswsock.dll
0x00007ffd94b60000 - 0x00007ffd94b76000 	C:\Program Files\Java\jdk-18.0.2.1\bin\nio.dll
0x00007ffd949d0000 - 0x00007ffd949e8000 	C:\Program Files\Java\jdk-18.0.2.1\bin\zip.dll
0x00007ffd93f60000 - 0x00007ffd93f70000 	C:\Program Files\Java\jdk-18.0.2.1\bin\verify.dll
0x00007ffd8e7b0000 - 0x00007ffd8e7d7000 	C:\Users\Welcome\.gradle\native\e1d6ef7f7dcc3fd88c89a11ec53ec762bb8ba0a96d01ffa2cd45eb1d1d8dd5c5\windows-amd64\native-platform.dll
0x00007ffd64660000 - 0x00007ffd647a4000 	C:\Users\Welcome\.gradle\native\0d407fdbe67a94daf76414ababcb853783967236a71b16ec16e742cd7a986fd3\windows-amd64\native-platform-file-events.dll
0x00007ffd9b5a0000 - 0x00007ffd9b5a9000 	C:\Program Files\Java\jdk-18.0.2.1\bin\management.dll
0x00007ffd986b0000 - 0x00007ffd986bb000 	C:\Program Files\Java\jdk-18.0.2.1\bin\management_ext.dll
0x00007ffdb7ed0000 - 0x00007ffdb7ee8000 	C:\Windows\SYSTEM32\CRYPTSP.dll
0x00007ffdb7600000 - 0x00007ffdb7634000 	C:\Windows\system32\rsaenh.dll
0x00007ffdb8b50000 - 0x00007ffdb8b77000 	C:\Windows\System32\bcrypt.dll
0x00007ffdb84c0000 - 0x00007ffdb84ee000 	C:\Windows\SYSTEM32\USERENV.dll
0x00007ffdb7ef0000 - 0x00007ffdb7efc000 	C:\Windows\SYSTEM32\CRYPTBASE.dll
0x00007ffdb79d0000 - 0x00007ffdb7a0c000 	C:\Windows\SYSTEM32\IPHLPAPI.DLL
0x00007ffdb9870000 - 0x00007ffdb9878000 	C:\Windows\System32\NSI.dll
0x00007ffdadf10000 - 0x00007ffdadf27000 	C:\Windows\SYSTEM32\dhcpcsvc6.DLL
0x00007ffdafa10000 - 0x00007ffdafa2d000 	C:\Windows\SYSTEM32\dhcpcsvc.DLL
0x00007ffdb7a10000 - 0x00007ffdb7ada000 	C:\Windows\SYSTEM32\DNSAPI.dll

dbghelp: loaded successfully - version: 4.0.5 - missing functions: none
symbol engine: initialized successfully - sym options: 0x614 - pdb path: .;C:\Program Files\Java\jdk-18.0.2.1\bin;C:\Windows\SYSTEM32;C:\Windows\WinSxS\amd64_microsoft.windows.common-controls_6595b64144ccf1df_6.0.19041.1110_none_60b5254171f9507e;C:\Program Files\Java\jdk-18.0.2.1\bin\server;C:\Users\Welcome\.gradle\native\e1d6ef7f7dcc3fd88c89a11ec53ec762bb8ba0a96d01ffa2cd45eb1d1d8dd5c5\windows-amd64;C:\Users\Welcome\.gradle\native\0d407fdbe67a94daf76414ababcb853783967236a71b16ec16e742cd7a986fd3\windows-amd64

VM Arguments:
jvm_args: -XX:MaxMetaspaceSize=512m --add-opens=java.base/java.util=ALL-UNNAMED --add-opens=java.base/java.lang=ALL-UNNAMED --add-opens=java.base/java.lang.invoke=ALL-UNNAMED --add-opens=java.base/java.util=ALL-UNNAMED --add-opens=java.prefs/java.util.prefs=ALL-UNNAMED --add-opens=java.prefs/java.util.prefs=ALL-UNNAMED --add-opens=java.base/java.nio.charset=ALL-UNNAMED --add-opens=java.base/java.net=ALL-UNNAMED --add-opens=java.base/java.util.concurrent.atomic=ALL-UNNAMED -Xmx2048m -Dfile.encoding=UTF-8 -Duser.country=US -Duser.language=en -Duser.variant 
java_command: org.gradle.launcher.daemon.bootstrap.GradleDaemon 7.5.1
java_class_path (initial): C:\Users\Welcome\.gradle\wrapper\dists\gradle-7.5.1-all\1ehga6e77gqps5uk2kc5kf1vc\gradle-7.5.1\lib\gradle-launcher-7.5.1.jar
Launcher Type: SUN_STANDARD

[Global flags]
     intx CICompilerCount                          = 3                                         {product} {ergonomic}
   size_t CompressedClassSpaceSize                 = 432013312                                 {product} {ergonomic}
     uint ConcGCThreads                            = 1                                         {product} {ergonomic}
     uint G1ConcRefinementThreads                  = 4                                         {product} {ergonomic}
   size_t G1HeapRegionSize                         = 1048576                                   {product} {ergonomic}
    uintx GCDrainStackTargetSize                   = 64                                        {product} {ergonomic}
   size_t InitialHeapSize                          = 134217728                                 {product} {ergonomic}
   size_t MarkStackSize                            = 4194304                                   {product} {ergonomic}
   size_t MaxHeapSize                              = 2147483648                                {product} {command line}
   size_t MaxMetaspaceSize                         = 536870912                                 {product} {command line}
   size_t MaxNewSize                               = 1287651328                                {product} {ergonomic}
   size_t MinHeapDeltaBytes                        = 1048576                                   {product} {ergonomic}
   size_t MinHeapSize                              = 8388608                                   {product} {ergonomic}
    uintx NonNMethodCodeHeapSize                   = 5832780                                {pd product} {ergonomic}
    uintx NonProfiledCodeHeapSize                  = 122912730                              {pd product} {ergonomic}
    uintx ProfiledCodeHeapSize                     = 122912730                              {pd product} {ergonomic}
    uintx ReservedCodeCacheSize                    = 251658240                              {pd product} {ergonomic}
     bool SegmentedCodeCache                       = true                                      {product} {ergonomic}
   size_t SoftMaxHeapSize                          = 2147483648                             {manageable} {ergonomic}
     bool UseCompressedClassPointers               = true                           {product lp64_product} {ergonomic}
     bool UseCompressedOops                        = true                           {product lp64_product} {ergonomic}
     bool UseG1GC                                  = true                                      {product} {ergonomic}
     bool UseLargePagesIndividualAllocation        = false                                  {pd product} {ergonomic}

Logging:
Log output configuration:
 #0: stdout all=warning uptime,level,tags foldmultilines=false
 #1: stderr all=off uptime,level,tags foldmultilines=false

Environment Variables:
JAVA_HOME=C:\Program Files\Java\jdk-18.0.2.1
CLASSPATH=E:\Gitt\NewChatme\ChatMe\android\\gradle\wrapper\gradle-wrapper.jar
PATH=E:\Gitt\NewChatme\ChatMe\android\node_modules\.bin;E:\Gitt\NewChatme\ChatMe\node_modules\.bin;E:\Gitt\NewChatme\node_modules\.bin;E:\Gitt\node_modules\.bin;E:\node_modules\.bin;C:\Program Files\nodejs;E:\Gitt\NewChatme\ChatMe\node_modules\.bin;E:\Gitt\NewChatme\ChatMe\node_modules\.bin;E:\Gitt\NewChatme\node_modules\.bin;E:\Gitt\node_modules\.bin;E:\node_modules\.bin;C:\Users\Welcome\AppData\Roaming\npm\node_modules\npm\node_modules\@npmcli\run-script\lib\node-gyp-bin;C:\Program Files\Common Files\Oracle\Java\javapath;C:\Windows\system32;C:\Windows;C:\Windows\System32\Wbem;C:\Windows\System32\WindowsPowerShell\v1.0\;C:\Windows\System32\OpenSSH\;C:\ProgramData\chocolatey\bin;C:\Program Files\nodejs\;C:\Program Files\Java\jdk-18.0.2.1\bin;C:\Program Files\Git\cmd;C:\Users\Welcome\AppData\Local\Programs\Python\Python311\Scripts\;C:\Users\Welcome\AppData\Local\Programs\Python\Python311\;C:\Users\Welcome\AppData\Local\Microsoft\WindowsApps;C:\Users\Welcome\AppData\Local\Programs\Microsoft VS Code\bin;C:\Users\Welcome\AppData\Roaming\npm;C:\Users\Welcome\AppData\Local\Android\Sdk\platform-tools;C:\Program Files\MongoDB\Server\6.0\bin;C:\Users\Welcome\AppData\Local\GitHubDesktop\bin;
USERNAME=Welcome
LANG=en_US.UTF-8
OS=Windows_NT
PROCESSOR_IDENTIFIER=Intel64 Family 6 Model 60 Stepping 3, GenuineIntel



---------------  S Y S T E M  ---------------

OS:
 Windows 10 , 64 bit Build 19041 (10.0.19041.3155)
OS uptime: 0 days 23:20 hours

CPU: total 4 (initial active 4) (2 cores per cpu, 2 threads per core) family 6 model 60 stepping 3 microcode 0x27, cx8, cmov, fxsr, ht, mmx, sse, sse2, sse3, ssse3, sse4.1, sse4.2, popcnt, lzcnt, tsc, tscinvbit, avx, avx2, aes, erms, clmul, bmi1, bmi2, fma, vzeroupper, clflush

Memory: 4k page, system-wide physical 8117M (781M free)
TotalPageFile size 13528M (AvailPageFile size 227M)
current process WorkingSet (physical memory assigned to process): 379M, peak: 399M
current process commit charge ("private bytes"): 417M, peak: 693M

vm_info: Java HotSpot(TM) 64-Bit Server VM (18.0.2.1+1-1) for windows-amd64 JRE (18.0.2.1+1-1), built on Aug 16 2022 01:46:33 by "mach5one" with MS VC++ 16.8 / 16.9 (VS2019)

END.
